{"target": 526.2620979414136, "params": {"d1": 5.0, "d2": 1.6065647802788772, "i1": 0.0, "i2": 1.0, "p1": 2.8082995290595867, "p2": 1.912956008068253}, "datetime": {"datetime": "2024-02-07 11:19:50", "elapsed": 406.913, "delta": 2.053258}}
{"target": 520.5977761632204, "params": {"d1": 2.1783238912143013, "d2": 4.201398343287815, "i1": 1.0, "i2": 1.0, "p1": 3.8510518015352075, "p2": 3.9125940580103973}, "datetime": {"datetime": "2024-02-07 11:19:51", "elapsed": 408.393592, "delta": 1.480592}}
{"target": 512.5568688658998, "params": {"d1": 5.0, "d2": 1.9340247023339279, "i1": 1.0, "i2": 1.0, "p1": 2.6149644869662945, "p2": 3.912969914221029}, "datetime": {"datetime": "2024-02-07 11:19:53", "elapsed": 409.929701, "delta": 1.536109}}
{"target": 307.3845241704583, "params": {"d1": 0.0, "d2": 2.563115813067204, "i1": 0.0, "i2": 0.0, "p1": 0.0, "p2": 5.0}, "datetime": {"datetime": "2024-02-07 11:19:55", "elapsed": 411.687798, "delta": 1.758097}}
{"target": 486.4642235259712, "params": {"d1": 5.0, "d2": 1.8282691958710608, "i1": 0.0, "i2": 1.0, "p1": 1.9821327118082572, "p2": 3.23242931400841}, "datetime": {"datetime": "2024-02-07 11:19:57", "elapsed": 413.461612, "delta": 1.773814}}
{"target": 288.50067195244134, "params": {"d1": 2.905156437194592, "d2": 0.0, "i1": 1.0, "i2": 0.0, "p1": 5.0, "p2": 5.0}, "datetime": {"datetime": "2024-02-07 11:19:58", "elapsed": 415.122218, "delta": 1.660606}}
{"target": 594.9874316835403, "params": {"d1": 2.025125966196703, "d2": 2.0901197709863566, "i1": 0.0, "i2": 0.36744953198939606, "p1": 3.1736679550747504, "p2": 2.3927471662994604}, "datetime": {"datetime": "2024-02-07 11:20:00", "elapsed": 416.766818, "delta": 1.6446}}
{"target": 627.5157477085293, "params": {"d1": 1.9273591939774903, "d2": 1.572107664529337, "i1": 0.5862234808935387, "i2": 1.0, "p1": 3.2405444082628634, "p2": 2.0565338505723583}, "datetime": {"datetime": "2024-02-07 11:20:01", "elapsed": 418.44927, "delta": 1.682452}}
{"target": 547.4215503718332, "params": {"d1": 3.0767692782865996, "d2": 2.022394297154569, "i1": 0.664069592688618, "i2": 1.0, "p1": 3.8927471987849085, "p2": 2.309063809106188}, "datetime": {"datetime": "2024-02-07 11:20:03", "elapsed": 420.230358, "delta": 1.781088}}
{"target": 525.571114031747, "params": {"d1": 5.0, "d2": 1.9073044904314005, "i1": 0.0, "i2": 1.0, "p1": 3.799076489962337, "p2": 3.790596802771092}, "datetime": {"datetime": "2024-02-07 11:20:05", "elapsed": 421.747161, "delta": 1.516803}}
{"target": 607.3254592059552, "params": {"d1": 1.2796654421049798, "d2": 2.3386276781208646, "i1": 1.0, "i2": 1.0, "p1": 2.4436328173576367, "p2": 2.1269798275635083}, "datetime": {"datetime": "2024-02-07 11:20:07", "elapsed": 423.87626, "delta": 2.129099}}
{"target": 565.0090099287778, "params": {"d1": 1.8346043678467199, "d2": 3.11354977371275, "i1": 1.0, "i2": 1.0, "p1": 1.8769654328561127, "p2": 2.870618406470734}, "datetime": {"datetime": "2024-02-07 11:20:09", "elapsed": 425.584062, "delta": 1.707802}}
{"target": 532.8547485419363, "params": {"d1": 2.2194066965368404, "d2": 3.598481085821359, "i1": 0.0, "i2": 1.0, "p1": 3.617098745064387, "p2": 2.1679878362530904}, "datetime": {"datetime": "2024-02-07 11:20:10", "elapsed": 427.436467, "delta": 1.852405}}
{"target": 612.3148308686912, "params": {"d1": 1.7834794187923122, "d2": 1.4157601759544796, "i1": 0.0, "i2": 1.0, "p1": 4.0466713305776105, "p2": 2.1049996848825065}, "datetime": {"datetime": "2024-02-07 11:20:13", "elapsed": 429.644422, "delta": 2.207955}}
{"target": 541.9917319049687, "params": {"d1": 2.3207658405074154, "d2": 1.1987906845216476, "i1": 0.0, "i2": 0.0, "p1": 4.046804126165782, "p2": 2.6776584606627774}, "datetime": {"datetime": "2024-02-07 11:20:14", "elapsed": 431.129846, "delta": 1.485424}}
{"target": 546.1643889188022, "params": {"d1": 1.6853578740876365, "d2": 3.8167840805384583, "i1": 0.0, "i2": 1.0, "p1": 2.477489338429335, "p2": 5.0}, "datetime": {"datetime": "2024-02-07 11:20:16", "elapsed": 432.775666, "delta": 1.64582}}
{"target": 606.0546337527037, "params": {"d1": 1.4582656739866184, "d2": 1.029150856250002, "i1": 0.48433609887151413, "i2": 1.0, "p1": 1.495543968436315, "p2": 2.280299839788226}, "datetime": {"datetime": "2024-02-07 11:20:18", "elapsed": 435.202442, "delta": 2.426776}}
{"target": 529.2742512596399, "params": {"d1": 5.0, "d2": 2.421976328726213, "i1": 0.0, "i2": 0.0, "p1": 4.066818126753081, "p2": 3.3913436222696163}, "datetime": {"datetime": "2024-02-07 11:20:20", "elapsed": 436.942595, "delta": 1.740153}}
{"target": 660.5834267103672, "params": {"d1": 1.7249919345072804, "d2": 1.4503712807006828, "i1": 1.0, "i2": 1.0, "p1": 2.1986828371020986, "p2": 1.7698693933145386}, "datetime": {"datetime": "2024-02-07 11:20:22", "elapsed": 438.848697, "delta": 1.906102}}
{"target": 532.450210286826, "params": {"d1": 5.0, "d2": 1.7671647059745916, "i1": 1.0, "i2": 1.0, "p1": 4.171810980765747, "p2": 1.7646629748908247}, "datetime": {"datetime": "2024-02-07 11:20:24", "elapsed": 440.571499, "delta": 1.722802}}
{"target": 618.4245889084041, "params": {"d1": 1.3632180453451008, "d2": 1.6625050720873444, "i1": 0.5898063238537934, "i2": 1.0, "p1": 1.524868701230104, "p2": 2.2056115114883963}, "datetime": {"datetime": "2024-02-07 11:20:25", "elapsed": 442.067977, "delta": 1.496478}}
{"target": 513.9409330786765, "params": {"d1": 3.725851904507244, "d2": 2.7903897123292567, "i1": 1.0, "i2": 0.0, "p1": 5.0, "p2": 2.922805255047709}, "datetime": {"datetime": "2024-02-07 11:20:27", "elapsed": 443.56687, "delta": 1.498893}}
{"target": 546.8012242550403, "params": {"d1": 1.9614516597727398, "d2": 1.6663317970357123, "i1": 0.0, "i2": 1.0, "p1": 1.3744168431454427, "p2": 2.6080900878078555}, "datetime": {"datetime": "2024-02-07 11:20:28", "elapsed": 445.264174, "delta": 1.697304}}
{"target": 499.88854163378477, "params": {"d1": 1.5910597995290077, "d2": 2.0104665937617408, "i1": 0.0, "i2": 0.0, "p1": 0.9349254569011866, "p2": 2.1147463381762464}, "datetime": {"datetime": "2024-02-07 11:20:30", "elapsed": 447.257331, "delta": 1.993157}}
{"target": 575.5324910045415, "params": {"d1": 4.317730353823126, "d2": 1.5105429893990774, "i1": 0.5370927410063632, "i2": 1.0, "p1": 4.610141095945468, "p2": 2.431891845305592}, "datetime": {"datetime": "2024-02-07 11:20:32", "elapsed": 449.32235, "delta": 2.065019}}
{"target": 494.8844856659323, "params": {"d1": 3.77050018263407, "d2": 2.994041345398647, "i1": 1.0, "i2": 1.0, "p1": 5.0, "p2": 5.0}, "datetime": {"datetime": "2024-02-07 11:20:34", "elapsed": 451.253228, "delta": 1.930878}}
{"target": 596.9655734913051, "params": {"d1": 1.9139185026380465, "d2": 1.4365359946036884, "i1": 0.0, "i2": 1.0, "p1": 3.934606987652186, "p2": 1.2405842855332667}, "datetime": {"datetime": "2024-02-07 11:20:36", "elapsed": 452.945808, "delta": 1.69258}}
{"target": 602.2823504833132, "params": {"d1": 1.435708932300612, "d2": 1.6002263124275091, "i1": 1.0, "i2": 1.0, "p1": 3.46251209138189, "p2": 1.50117131528589}, "datetime": {"datetime": "2024-02-07 11:20:38", "elapsed": 454.556287, "delta": 1.610479}}
{"target": 612.3166672698409, "params": {"d1": 1.0908391728483908, "d2": 1.255789478849031, "i1": 1.0, "i2": 1.0, "p1": 2.250220737698537, "p2": 2.1061674800005683}, "datetime": {"datetime": "2024-02-07 11:20:40", "elapsed": 456.682805, "delta": 2.126518}}
{"target": 644.2043329046667, "params": {"d1": 1.0327839367034992, "d2": 2.150008040874296, "i1": 0.49525517465001645, "i2": 1.0, "p1": 1.8382069339085376, "p2": 2.634687247241285}, "datetime": {"datetime": "2024-02-07 11:20:41", "elapsed": 458.108848, "delta": 1.426043}}
{"target": 536.4546246576309, "params": {"d1": 2.7015037191457005, "d2": 3.0022458904229277, "i1": 0.0, "i2": 0.3727601153328506, "p1": 2.867041840924863, "p2": 2.629068689813452}, "datetime": {"datetime": "2024-02-07 11:20:43", "elapsed": 459.524436, "delta": 1.415588}}
{"target": 476.19697916544976, "params": {"d1": 4.204048401634676, "d2": 2.1461645768279185, "i1": 0.0, "i2": 0.0, "p1": 2.3407538802125094, "p2": 2.3185110243850713}, "datetime": {"datetime": "2024-02-07 11:20:44", "elapsed": 461.066611, "delta": 1.542175}}
{"target": 549.4811119697057, "params": {"d1": 1.5778054916852644, "d2": 1.9218627848492231, "i1": 0.0, "i2": 0.0, "p1": 4.258159748022052, "p2": 1.9405817362921627}, "datetime": {"datetime": "2024-02-07 11:20:46", "elapsed": 462.598579, "delta": 1.531968}}
{"target": 593.5293247753382, "params": {"d1": 1.9611539928656174, "d2": 1.1378519321518759, "i1": 0.0, "i2": 1.0, "p1": 2.1601174472589166, "p2": 2.3216566649117425}, "datetime": {"datetime": "2024-02-07 11:20:47", "elapsed": 464.254829, "delta": 1.65625}}
{"target": 592.5323863206524, "params": {"d1": 1.4041926573590227, "d2": 2.178822526245894, "i1": 1.0, "i2": 1.0, "p1": 2.7870475256845166, "p2": 2.9332562926210692}, "datetime": {"datetime": "2024-02-07 11:20:50", "elapsed": 466.81733, "delta": 2.562501}}
{"target": 591.3392995887995, "params": {"d1": 0.986901793844014, "d2": 2.257640850248027, "i1": 1.0, "i2": 0.0, "p1": 1.646948573969417, "p2": 2.259098657999379}, "datetime": {"datetime": "2024-02-07 11:20:52", "elapsed": 468.506115, "delta": 1.688785}}
{"target": 647.3704049764574, "params": {"d1": 1.2953128854282046, "d2": 1.6900004512728921, "i1": 0.41207343540075114, "i2": 1.0, "p1": 1.9969450986924138, "p2": 3.108356035217777}, "datetime": {"datetime": "2024-02-07 11:20:54", "elapsed": 470.790216, "delta": 2.284101}}
{"target": 388.6790712941438, "params": {"d1": 4.2421500813250415, "d2": 1.4552383560933655, "i1": 0.0, "i2": 1.0, "p1": 2.37233565051524, "p2": 5.0}, "datetime": {"datetime": "2024-02-07 11:20:55", "elapsed": 472.309769, "delta": 1.519553}}
{"target": 585.0634174050391, "params": {"d1": 1.1120405978364751, "d2": 1.9215829099078896, "i1": 0.0, "i2": 0.6367077960407775, "p1": 1.8731492992756644, "p2": 2.962490100400455}, "datetime": {"datetime": "2024-02-07 11:20:58", "elapsed": 474.907185, "delta": 2.597416}}
{"target": 461.6783844412677, "params": {"d1": 1.3680750859218282, "d2": 1.7707157434289493, "i1": 1.0, "i2": 1.0, "p1": 4.315832757089463, "p2": 2.5909061526490396}, "datetime": {"datetime": "2024-02-07 11:21:01", "elapsed": 477.840789, "delta": 2.933604}}
{"target": 583.2499524810165, "params": {"d1": 2.1803837102117765, "d2": 1.7776882049843068, "i1": 0.5655786402415491, "i2": 1.0, "p1": 3.7275325627669713, "p2": 1.4057555077228532}, "datetime": {"datetime": "2024-02-07 11:21:07", "elapsed": 484.062363, "delta": 6.221574}}
{"target": 610.2933227321505, "params": {"d1": 1.811429594148279, "d2": 1.8441517633987177, "i1": 0.37239499474609117, "i2": 0.9711619125564113, "p1": 3.3278815918803946, "p2": 3.372808663735822}, "datetime": {"datetime": "2024-02-07 11:21:09", "elapsed": 485.814094, "delta": 1.751731}}
{"target": 539.9502465414629, "params": {"d1": 2.4972039806461144, "d2": 2.5264131779987467, "i1": 0.0, "i2": 0.0, "p1": 4.676364155164047, "p2": 3.127623907430016}, "datetime": {"datetime": "2024-02-07 11:21:10", "elapsed": 487.23588, "delta": 1.421786}}
{"target": 616.650837864466, "params": {"d1": 1.35308044076671, "d2": 1.9608062871560459, "i1": 0.6805502177060566, "i2": 1.0, "p1": 1.6926932685933285, "p2": 2.8860505115963697}, "datetime": {"datetime": "2024-02-07 11:21:13", "elapsed": 490.35183, "delta": 3.11595}}
{"target": 599.5255839964002, "params": {"d1": 1.6293707252883887, "d2": 1.5075789523501515, "i1": 0.27305922673678135, "i2": 1.0, "p1": 2.4003346204748275, "p2": 3.792467242143255}, "datetime": {"datetime": "2024-02-07 11:21:15", "elapsed": 492.368949, "delta": 2.017119}}
{"target": 534.2986489756405, "params": {"d1": 1.480413581239944, "d2": 2.4500876493068673, "i1": 1.0, "i2": 1.0, "p1": 0.7609846768747642, "p2": 2.566264109061307}, "datetime": {"datetime": "2024-02-07 11:21:17", "elapsed": 494.169141, "delta": 1.800192}}
{"target": 516.5965603394061, "params": {"d1": 1.771881164642332, "d2": 1.9858697162636152, "i1": 0.0, "i2": 0.0, "p1": 2.3088345332564333, "p2": 5.0}, "datetime": {"datetime": "2024-02-07 11:21:20", "elapsed": 496.851898, "delta": 2.682757}}
{"target": 616.1678757965192, "params": {"d1": 1.0129717297838292, "d2": 1.2102436948446202, "i1": 1.0, "i2": 1.0, "p1": 1.8144236118060872, "p2": 2.973059671911026}, "datetime": {"datetime": "2024-02-07 11:21:22", "elapsed": 499.259681, "delta": 2.407783}}
{"target": 545.6545656377077, "params": {"d1": 1.8678898111563524, "d2": 4.075477720744678, "i1": 1.0, "i2": 0.0, "p1": 1.6017700251590734, "p2": 2.991358890201266}, "datetime": {"datetime": "2024-02-07 11:21:25", "elapsed": 501.529389, "delta": 2.269708}}
{"target": 559.4716196675226, "params": {"d1": 0.8080930770814329, "d2": 2.2860065040121844, "i1": 1.0, "i2": 1.0, "p1": 1.801563934295564, "p2": 2.3036873071316264}, "datetime": {"datetime": "2024-02-07 11:21:26", "elapsed": 503.373744, "delta": 1.844355}}
{"target": 56.72654588133096, "params": {"d1": 0.0, "d2": 5.0, "i1": 1.0, "i2": 1.0, "p1": 0.0, "p2": 2.548466049781964}, "datetime": {"datetime": "2024-02-07 11:21:29", "elapsed": 506.016127, "delta": 2.642383}}
{"target": 591.2497586382274, "params": {"d1": 1.8649951362933483, "d2": 2.6766121532664453, "i1": 1.0, "i2": 1.0, "p1": 2.8859831997659593, "p2": 1.800696635574067}, "datetime": {"datetime": "2024-02-07 11:21:31", "elapsed": 508.031667, "delta": 2.01554}}
{"target": 536.9561192736775, "params": {"d1": 1.349278863668185, "d2": 2.047322420512376, "i1": 0.0, "i2": 1.0, "p1": 4.250772414403729, "p2": 1.3760375391986428}, "datetime": {"datetime": "2024-02-07 11:21:34", "elapsed": 510.686277, "delta": 2.65461}}
{"target": 497.87364466428755, "params": {"d1": 1.7068894432023005, "d2": 4.0850631426684165, "i1": 0.0, "i2": 1.0, "p1": 1.7969285761087255, "p2": 2.6677289974465124}, "datetime": {"datetime": "2024-02-07 11:21:35", "elapsed": 512.273397, "delta": 1.58712}}
{"target": 509.2456882225722, "params": {"d1": 2.1359230700464833, "d2": 3.767196517410434, "i1": 1.0, "i2": 1.0, "p1": 2.269178232882604, "p2": 1.169994373196487}, "datetime": {"datetime": "2024-02-07 11:21:37", "elapsed": 514.022561, "delta": 1.749164}}
{"target": 545.1206541608647, "params": {"d1": 1.656687337032342, "d2": 4.353233063056734, "i1": 1.0, "i2": 0.0, "p1": 1.3143064089063043, "p2": 5.0}, "datetime": {"datetime": "2024-02-07 11:21:39", "elapsed": 515.613285, "delta": 1.590724}}
{"target": 536.4748941674828, "params": {"d1": 2.00230095129948, "d2": 4.335000146750499, "i1": 1.0, "i2": 1.0, "p1": 1.592686411446695, "p2": 3.9978163599000682}, "datetime": {"datetime": "2024-02-07 11:21:41", "elapsed": 517.665635, "delta": 2.05235}}
{"target": 632.1191910998523, "params": {"d1": 1.2833022978488138, "d2": 1.7163935751791326, "i1": 1.0, "i2": 0.5596407866445057, "p1": 2.196381596951016, "p2": 3.3645680838312653}, "datetime": {"datetime": "2024-02-07 11:21:43", "elapsed": 520.265978, "delta": 2.600343}}
{"target": 289.73987975262105, "params": {"d1": 2.5396239938590406, "d2": 0.0, "i1": 0.0, "i2": 0.0, "p1": 5.0, "p2": 0.0}, "datetime": {"datetime": "2024-02-07 11:21:45", "elapsed": 522.032117, "delta": 1.766139}}
{"target": 644.6044801709428, "params": {"d1": 1.068117477151028, "d2": 1.242935409635267, "i1": 1.0, "i2": 1.0, "p1": 1.508743233083843, "p2": 2.3029970501155703}, "datetime": {"datetime": "2024-02-07 11:21:47", "elapsed": 524.268964, "delta": 2.236847}}
{"target": 482.3433363545686, "params": {"d1": 3.6254797550822233, "d2": 5.0, "i1": 1.0, "i2": 1.0, "p1": 3.855147072096876, "p2": 3.242290888538476}, "datetime": {"datetime": "2024-02-07 11:21:49", "elapsed": 525.97511, "delta": 1.706146}}
{"target": 544.6705266717821, "params": {"d1": 3.91731211008469, "d2": 1.8758937452429145, "i1": 0.0, "i2": 1.0, "p1": 5.0, "p2": 3.5481337673623377}, "datetime": {"datetime": "2024-02-07 11:21:52", "elapsed": 528.621024, "delta": 2.645914}}
{"target": 661.1298805393278, "params": {"d1": 1.5098499943321517, "d2": 1.2055925972808303, "i1": 1.0, "i2": 1.0, "p1": 1.879081527581233, "p2": 1.8549313162398309}, "datetime": {"datetime": "2024-02-07 11:21:53", "elapsed": 530.147644, "delta": 1.52662}}
{"target": 354.37861455309206, "params": {"d1": 2.562907871490337, "d2": 2.5452364907110194, "i1": 1.0, "i2": 1.0, "p1": 0.0, "p2": 5.0}, "datetime": {"datetime": "2024-02-07 11:21:55", "elapsed": 531.913666, "delta": 1.766022}}
{"target": 422.4280374248326, "params": {"d1": 2.9350136523984363, "d2": 5.0, "i1": 0.0, "i2": 0.0, "p1": 1.7118490652675418, "p2": 2.820920384039606}, "datetime": {"datetime": "2024-02-07 11:21:56", "elapsed": 533.440918, "delta": 1.527252}}
{"target": 486.9727362152934, "params": {"d1": 3.8842254042049786, "d2": 3.781860709279221, "i1": 0.0, "i2": 1.0, "p1": 5.0, "p2": 2.568256764787639}, "datetime": {"datetime": "2024-02-07 11:21:59", "elapsed": 535.653821, "delta": 2.212903}}
{"target": 497.314275579527, "params": {"d1": 5.0, "d2": 2.2652690827749282, "i1": 0.0, "i2": 1.0, "p1": 5.0, "p2": 4.5820403597826}, "datetime": {"datetime": "2024-02-07 11:22:02", "elapsed": 539.090653, "delta": 3.436832}}
{"target": 637.0035901289433, "params": {"d1": 1.1539758758701533, "d2": 0.8641871050639466, "i1": 0.6908912825626964, "i2": 0.243114872986047, "p1": 1.4530703972208923, "p2": 0.8623805373154861}, "datetime": {"datetime": "2024-02-07 11:22:04", "elapsed": 540.995088, "delta": 1.904435}}
{"target": 602.4399291938544, "params": {"d1": 1.9113513245441058, "d2": 1.7762058725390462, "i1": 0.0, "i2": 0.716028758258715, "p1": 2.673703786049454, "p2": 3.4029153588344636}, "datetime": {"datetime": "2024-02-07 11:22:07", "elapsed": 544.357085, "delta": 3.361997}}
{"target": 591.8703159075975, "params": {"d1": 1.7674076350810213, "d2": 2.2527971252947916, "i1": 1.0, "i2": 0.0, "p1": 2.3004471760432406, "p2": 2.473542892715214}, "datetime": {"datetime": "2024-02-07 11:22:09", "elapsed": 546.145578, "delta": 1.788493}}
{"target": 567.5287057541311, "params": {"d1": 3.9959085642339556, "d2": 1.3402572617518433, "i1": 0.0, "i2": 1.0, "p1": 3.4511888055840743, "p2": 1.8916089952912043}, "datetime": {"datetime": "2024-02-07 11:22:11", "elapsed": 547.968567, "delta": 1.822989}}
{"target": 630.1095897807926, "params": {"d1": 1.194586041421525, "d2": 1.4565348722043778, "i1": 0.46517266149697345, "i2": 1.0, "p1": 2.1679810551514405, "p2": 2.7328577405070247}, "datetime": {"datetime": "2024-02-07 11:22:14", "elapsed": 550.505147, "delta": 2.53658}}
{"target": 277.3643189012632, "params": {"d1": 0.0, "d2": 5.0, "i1": 0.0, "i2": 1.0, "p1": 5.0, "p2": 2.56437311614769}, "datetime": {"datetime": "2024-02-07 11:22:16", "elapsed": 552.931601, "delta": 2.426454}}
{"target": 557.1183014544099, "params": {"d1": 1.4782164978221344, "d2": 2.4526127181585595, "i1": 0.5305461248191908, "i2": 0.0, "p1": 2.10776549938626, "p2": 3.917488083001552}, "datetime": {"datetime": "2024-02-07 11:22:18", "elapsed": 554.631545, "delta": 1.699944}}
{"target": 521.7929611894489, "params": {"d1": 4.339761013583041, "d2": 1.199727676486317, "i1": 0.0, "i2": 0.0, "p1": 4.644872897161938, "p2": 2.9685546675580876}, "datetime": {"datetime": "2024-02-07 11:22:21", "elapsed": 557.812277, "delta": 3.180732}}
{"target": 509.48177286058666, "params": {"d1": 1.6797486926858836, "d2": 2.9805107699265014, "i1": 1.0, "i2": 0.0, "p1": 2.0268738650804634, "p2": 0.7357768880769731}, "datetime": {"datetime": "2024-02-07 11:22:23", "elapsed": 560.155805, "delta": 2.343528}}
{"target": 526.5643981046975, "params": {"d1": 5.0, "d2": 2.2142273427670554, "i1": 1.0, "i2": 1.0, "p1": 5.0, "p2": 2.408559295566833}, "datetime": {"datetime": "2024-02-07 11:22:26", "elapsed": 563.360369, "delta": 3.204564}}
{"target": 463.04507387936115, "params": {"d1": 5.0, "d2": 3.466138401729194, "i1": 1.0, "i2": 0.0, "p1": 3.6448752346832305, "p2": 2.3790759934678056}, "datetime": {"datetime": "2024-02-07 11:22:29", "elapsed": 565.775447, "delta": 2.415078}}
{"target": 666.2811212389171, "params": {"d1": 1.1861235375155061, "d2": 1.0987940265377025, "i1": 1.0, "i2": 0.4161292660216381, "p1": 1.7919103996207846, "p2": 2.2064060256223654}, "datetime": {"datetime": "2024-02-07 11:22:32", "elapsed": 569.272881, "delta": 3.497434}}
{"target": 544.0577621790767, "params": {"d1": 1.6755920961731954, "d2": 4.296712466171102, "i1": 0.5021452818493481, "i2": 1.0, "p1": 2.9418514771681257, "p2": 3.0720559827169938}, "datetime": {"datetime": "2024-02-07 11:22:34", "elapsed": 571.246617, "delta": 1.973736}}
{"target": 598.0562862206623, "params": {"d1": 1.1781665198838218, "d2": 2.239021700207, "i1": 0.27948865064340994, "i2": 0.6458147601506954, "p1": 1.5032809932677664, "p2": 2.196420475354172}, "datetime": {"datetime": "2024-02-07 11:22:36", "elapsed": 573.268963, "delta": 2.022346}}
{"target": 495.66482887804506, "params": {"d1": 2.0031468324272867, "d2": 1.1126542547299383, "i1": 1.0, "i2": 1.0, "p1": 2.3905786669814697, "p2": 3.782889593197643}, "datetime": {"datetime": "2024-02-07 11:22:38", "elapsed": 575.111848, "delta": 1.842885}}
{"target": 575.416450508181, "params": {"d1": 0.9470823679158169, "d2": 1.7536003999034333, "i1": 0.9811028834052817, "i2": 0.5865894278519783, "p1": 1.908566486100694, "p2": 2.490815290750045}, "datetime": {"datetime": "2024-02-07 11:22:40", "elapsed": 577.054621, "delta": 1.942773}}
{"target": 646.792563111037, "params": {"d1": 1.431606484358801, "d2": 2.2828533543251632, "i1": 1.0, "i2": 1.0, "p1": 1.749295223475117, "p2": 2.4793670581675853}, "datetime": {"datetime": "2024-02-07 11:22:43", "elapsed": 579.664106, "delta": 2.609485}}
{"target": 528.4701063914597, "params": {"d1": 2.278149650212984, "d2": 5.0, "i1": 0.0, "i2": 1.0, "p1": 3.9144365111419472, "p2": 5.0}, "datetime": {"datetime": "2024-02-07 11:22:45", "elapsed": 581.522346, "delta": 1.85824}}
{"target": 572.0507733913511, "params": {"d1": 2.010396622638909, "d2": 1.5860650004613726, "i1": 0.0, "i2": 1.0, "p1": 2.9631523167315796, "p2": 1.1185276910848114}, "datetime": {"datetime": "2024-02-07 11:22:47", "elapsed": 584.357927, "delta": 2.835581}}
