{"target": 549.1756539542973, "params": {"d1": 2.797337274014356, "d2": 1.6849855144539743, "i1": 1.0, "i2": 1.0, "p1": 3.187616766746493, "p2": 3.1606317783475864}, "datetime": {"datetime": "2024-02-07 11:15:47", "elapsed": 163.826653, "delta": 1.047179}}
{"target": 493.0999064092338, "params": {"d1": 2.862937724601919, "d2": 4.841227855273443, "i1": 0.9650401350447131, "i2": 0.019556119248332116, "p1": 2.705287977336082, "p2": 3.3984218172653264}, "datetime": {"datetime": "2024-02-07 11:15:48", "elapsed": 164.762846, "delta": 0.936193}}
{"target": 542.257696082145, "params": {"d1": 2.023681150735981, "d2": 3.9077101407091694, "i1": 0.0, "i2": 1.0, "p1": 3.120320400410363, "p2": 4.094652990859182}, "datetime": {"datetime": "2024-02-07 11:15:49", "elapsed": 165.819931, "delta": 1.057085}}
{"target": 364.0889622869249, "params": {"d1": 2.137927174015071, "d2": 5.0, "i1": 1.0, "i2": 0.0, "p1": 1.989140652252042, "p2": 0.0}, "datetime": {"datetime": "2024-02-07 11:15:50", "elapsed": 166.888322, "delta": 1.068391}}
{"target": 478.53369769901036, "params": {"d1": 3.198305220526531, "d2": 5.0, "i1": 1.0, "i2": 1.0, "p1": 5.0, "p2": 5.0}, "datetime": {"datetime": "2024-02-07 11:15:51", "elapsed": 168.000875, "delta": 1.112553}}
{"target": 345.3607196265459, "params": {"d1": 5.0, "d2": 1.8261268171980427, "i1": 0.0, "i2": 1.0, "p1": 0.0, "p2": 2.3833665175656504}, "datetime": {"datetime": "2024-02-07 11:15:52", "elapsed": 169.185445, "delta": 1.18457}}
{"target": 459.0401133752987, "params": {"d1": 5.0, "d2": 2.2804144013872256, "i1": 0.0, "i2": 0.0, "p1": 2.861523778385968, "p2": 5.0}, "datetime": {"datetime": "2024-02-07 11:15:53", "elapsed": 170.197871, "delta": 1.012426}}
{"target": 505.6927708701044, "params": {"d1": 5.0, "d2": 1.8692323302946106, "i1": 0.0, "i2": 0.0, "p1": 4.149856031236776, "p2": 1.9918949560276766}, "datetime": {"datetime": "2024-02-07 11:15:54", "elapsed": 171.202409, "delta": 1.004538}}
{"target": 524.38921581164, "params": {"d1": 2.5908313178260327, "d2": 3.935970804035325, "i1": 0.0, "i2": 0.0, "p1": 3.7762095798808493, "p2": 5.0}, "datetime": {"datetime": "2024-02-07 11:15:56", "elapsed": 172.622153, "delta": 1.419744}}
{"target": 481.0920202036202, "params": {"d1": 3.6588059745706585, "d2": 4.013916939965444, "i1": 0.0, "i2": 0.0, "p1": 2.3380601928366267, "p2": 5.0}, "datetime": {"datetime": "2024-02-07 11:15:57", "elapsed": 173.624513, "delta": 1.00236}}
{"target": 568.6477203558385, "params": {"d1": 5.0, "d2": 1.4230720110954993, "i1": 1.0, "i2": 1.0, "p1": 5.0, "p2": 2.0690354677684595}, "datetime": {"datetime": "2024-02-07 11:15:58", "elapsed": 174.623602, "delta": 0.999089}}
{"target": 570.872579793632, "params": {"d1": 1.4805048155242395, "d2": 4.282791577440944, "i1": 1.0, "i2": 1.0, "p1": 2.6052860180261996, "p2": 5.0}, "datetime": {"datetime": "2024-02-07 11:15:59", "elapsed": 175.655208, "delta": 1.031606}}
{"target": 524.2050494675059, "params": {"d1": 3.9251049729937564, "d2": 2.3166972309555196, "i1": 1.0, "i2": 1.0, "p1": 5.0, "p2": 2.3090797464399686}, "datetime": {"datetime": "2024-02-07 11:16:00", "elapsed": 176.926434, "delta": 1.271226}}
{"target": 561.6508584241569, "params": {"d1": 3.74467293167798, "d2": 1.788583056825872, "i1": 0.0, "i2": 0.0, "p1": 3.9197957129975656, "p2": 3.06599712213083}, "datetime": {"datetime": "2024-02-07 11:16:01", "elapsed": 178.059728, "delta": 1.133294}}
{"target": 530.3509642469883, "params": {"d1": 2.0722644250183295, "d2": 5.0, "i1": 1.0, "i2": 1.0, "p1": 3.528684978867319, "p2": 5.0}, "datetime": {"datetime": "2024-02-07 11:16:02", "elapsed": 179.079958, "delta": 1.02023}}
{"target": 559.9296696953476, "params": {"d1": 1.9106886698968442, "d2": 3.789306242930922, "i1": 1.0, "i2": 1.0, "p1": 2.723176223553648, "p2": 2.3113550737982167}, "datetime": {"datetime": "2024-02-07 11:16:03", "elapsed": 180.123243, "delta": 1.043285}}
{"target": 300.9016810002923, "params": {"d1": 3.31727797989161, "d2": 2.6709249700543087, "i1": 1.0, "i2": 0.0, "p1": 5.0, "p2": 0.0}, "datetime": {"datetime": "2024-02-07 11:16:05", "elapsed": 181.465985, "delta": 1.342742}}
{"target": 599.5566383816301, "params": {"d1": 2.2551668239622176, "d2": 1.608704555371296, "i1": 1.0, "i2": 0.0, "p1": 2.374428863009849, "p2": 3.427313403980353}, "datetime": {"datetime": "2024-02-07 11:16:06", "elapsed": 182.523214, "delta": 1.057229}}
{"target": 478.69279646784065, "params": {"d1": 2.2622894110055443, "d2": 4.0120943963592675, "i1": 0.0, "i2": 0.0, "p1": 2.7535633473895897, "p2": 1.9732092243756947}, "datetime": {"datetime": "2024-02-07 11:16:07", "elapsed": 183.583068, "delta": 1.059854}}
{"target": 469.80181259602307, "params": {"d1": 5.0, "d2": 3.3079215790428877, "i1": 1.0, "i2": 1.0, "p1": 2.396823416488505, "p2": 5.0}, "datetime": {"datetime": "2024-02-07 11:16:08", "elapsed": 184.612457, "delta": 1.029389}}
{"target": 608.9009045235813, "params": {"d1": 2.1848959555989054, "d2": 1.556078007755606, "i1": 0.0, "i2": 0.0, "p1": 3.0008185607519446, "p2": 3.138369092014728}, "datetime": {"datetime": "2024-02-07 11:16:09", "elapsed": 185.60138, "delta": 0.988923}}
{"target": 573.3389715656638, "params": {"d1": 2.1341507749628628, "d2": 2.0124200026104444, "i1": 0.0, "i2": 0.0, "p1": 2.2652669695254026, "p2": 3.954653241917407}, "datetime": {"datetime": "2024-02-07 11:16:10", "elapsed": 186.629781, "delta": 1.028401}}
{"target": 491.84433427240697, "params": {"d1": 0.9860593284860408, "d2": 5.0, "i1": 0.0, "i2": 1.0, "p1": 1.103212518148673, "p2": 3.285062336957545}, "datetime": {"datetime": "2024-02-07 11:16:11", "elapsed": 187.81556, "delta": 1.185779}}
{"target": 520.0242448936402, "params": {"d1": 3.719533225990117, "d2": 2.750332274341956, "i1": 0.0, "i2": 0.0, "p1": 5.0, "p2": 3.6545951774008487}, "datetime": {"datetime": "2024-02-07 11:16:12", "elapsed": 188.801125, "delta": 0.985565}}
{"target": 490.44434931434694, "params": {"d1": 5.0, "d2": 5.0, "i1": 0.0, "i2": 1.0, "p1": 5.0, "p2": 2.6706440090668915}, "datetime": {"datetime": "2024-02-07 11:16:13", "elapsed": 189.822153, "delta": 1.021028}}
{"target": 477.3654920734465, "params": {"d1": 1.662418738902487, "d2": 2.8796557573378156, "i1": 0.0, "i2": 0.0, "p1": 5.0, "p2": 5.0}, "datetime": {"datetime": "2024-02-07 11:16:14", "elapsed": 191.012205, "delta": 1.190052}}
{"target": 420.59048662669954, "params": {"d1": 5.0, "d2": 5.0, "i1": 1.0, "i2": 0.0, "p1": 2.1502985899675817, "p2": 2.5424695022103387}, "datetime": {"datetime": "2024-02-07 11:16:15", "elapsed": 191.964687, "delta": 0.952482}}
{"target": 494.94342137917874, "params": {"d1": 2.1220879545821836, "d2": 5.0, "i1": 0.0, "i2": 0.0, "p1": 5.0, "p2": 5.0}, "datetime": {"datetime": "2024-02-07 11:16:16", "elapsed": 193.044554, "delta": 1.079867}}
{"target": 542.8341395460069, "params": {"d1": 3.8653350148285104, "d2": 1.4849821168008681, "i1": 0.0, "i2": 1.0, "p1": 3.11770762414742, "p2": 2.919533958408144}, "datetime": {"datetime": "2024-02-07 11:16:17", "elapsed": 194.08382, "delta": 1.039266}}
{"target": 517.8544322484731, "params": {"d1": 5.0, "d2": 0.9515419856242133, "i1": 0.0, "i2": 1.0, "p1": 4.053827374168015, "p2": 2.2570460692408663}, "datetime": {"datetime": "2024-02-07 11:16:18", "elapsed": 195.118141, "delta": 1.034321}}
{"target": 537.4400422662496, "params": {"d1": 1.9012720123403717, "d2": 3.5963223226876013, "i1": 1.0, "i2": 1.0, "p1": 2.48541554570363, "p2": 3.9938567075577724}, "datetime": {"datetime": "2024-02-07 11:16:19", "elapsed": 196.313819, "delta": 1.195678}}
{"target": 129.3286052015424, "params": {"d1": 5.0, "d2": 0.0, "i1": 0.0, "i2": 0.0, "p1": 0.0, "p2": 0.0}, "datetime": {"datetime": "2024-02-07 11:16:20", "elapsed": 197.323943, "delta": 1.010124}}
{"target": 494.09877498053015, "params": {"d1": 1.195114703440124, "d2": 3.309076675412917, "i1": 0.0, "i2": 0.0, "p1": 1.1683662498369818, "p2": 5.0}, "datetime": {"datetime": "2024-02-07 11:16:21", "elapsed": 198.412443, "delta": 1.0885}}
{"target": 511.7196152987331, "params": {"d1": 2.095382348316486, "d2": 2.61962269847746, "i1": 1.0, "i2": 0.0, "p1": 5.0, "p2": 2.9626556844716934}, "datetime": {"datetime": "2024-02-07 11:16:23", "elapsed": 199.50639, "delta": 1.093947}}
{"target": 514.9006016108393, "params": {"d1": 2.05124566228144, "d2": 2.9365538288128383, "i1": 1.0, "i2": 1.0, "p1": 4.078607810105887, "p2": 1.6835738391013713}, "datetime": {"datetime": "2024-02-07 11:16:24", "elapsed": 200.694388, "delta": 1.187998}}
{"target": 562.2347260525078, "params": {"d1": 1.55547536680186, "d2": 5.0, "i1": 1.0, "i2": 0.0, "p1": 2.4109192178441727, "p2": 5.0}, "datetime": {"datetime": "2024-02-07 11:16:25", "elapsed": 201.738834, "delta": 1.044446}}
{"target": 544.0937925322354, "params": {"d1": 1.5714853355820249, "d2": 4.03160491676117, "i1": 1.0, "i2": 0.0, "p1": 3.3827131912260677, "p2": 5.0}, "datetime": {"datetime": "2024-02-07 11:16:26", "elapsed": 202.942626, "delta": 1.203792}}
{"target": 537.0490604076907, "params": {"d1": 5.0, "d2": 1.8216893115411525, "i1": 1.0, "i2": 0.0, "p1": 5.0, "p2": 2.9595909060421413}, "datetime": {"datetime": "2024-02-07 11:16:27", "elapsed": 204.208224, "delta": 1.265598}}
{"target": 626.0536845210195, "params": {"d1": 1.288409151858012, "d2": 1.837133490389084, "i1": 1.0, "i2": 0.0, "p1": 1.6055370763618853, "p2": 2.903937037600383}, "datetime": {"datetime": "2024-02-07 11:16:29", "elapsed": 205.536465, "delta": 1.328241}}
{"target": 482.137541699186, "params": {"d1": 3.415729513930753, "d2": 3.503155782606891, "i1": 1.0, "i2": 1.0, "p1": 3.6424898097490575, "p2": 2.459910530127414}, "datetime": {"datetime": "2024-02-07 11:16:30", "elapsed": 206.613398, "delta": 1.076933}}
{"target": 151.65263760441914, "params": {"d1": 0.0, "d2": 0.0, "i1": 0.0, "i2": 0.0, "p1": 0.0, "p2": 2.0160201667665545}, "datetime": {"datetime": "2024-02-07 11:16:31", "elapsed": 207.645135, "delta": 1.031737}}
{"target": 582.3093196570128, "params": {"d1": 1.4746913931338441, "d2": 2.1980537271132876, "i1": 0.0, "i2": 0.0, "p1": 2.8107313642755365, "p2": 2.9421314526705986}, "datetime": {"datetime": "2024-02-07 11:16:32", "elapsed": 208.83198, "delta": 1.186845}}
{"target": 540.582881429866, "params": {"d1": 2.4006558997458396, "d2": 1.6259581166977726, "i1": 1.0, "i2": 0.0, "p1": 4.020638150514861, "p2": 3.588794446439369}, "datetime": {"datetime": "2024-02-07 11:16:33", "elapsed": 209.891618, "delta": 1.059638}}
{"target": 185.51106922231614, "params": {"d1": 2.4454824985111645, "d2": 2.7563324058985392, "i1": 0.0, "i2": 1.0, "p1": 0.0, "p2": 0.0}, "datetime": {"datetime": "2024-02-07 11:16:34", "elapsed": 211.091748, "delta": 1.20013}}
{"target": 549.04555506289, "params": {"d1": 1.5406199341863684, "d2": 4.50227850076987, "i1": 0.0, "i2": 0.0, "p1": 2.340158641030491, "p2": 5.0}, "datetime": {"datetime": "2024-02-07 11:16:35", "elapsed": 212.434379, "delta": 1.342631}}
{"target": 536.0995910408348, "params": {"d1": 1.9223769074280737, "d2": 2.8612225296080656, "i1": 0.0, "i2": 1.0, "p1": 2.4352374210061103, "p2": 1.7481769238633915}, "datetime": {"datetime": "2024-02-07 11:16:37", "elapsed": 213.53565, "delta": 1.101271}}
{"target": 534.7732231917977, "params": {"d1": 1.5922067259815336, "d2": 2.7209059002391833, "i1": 1.0, "i2": 1.0, "p1": 3.8150522279306665, "p2": 3.457370179494997}, "datetime": {"datetime": "2024-02-07 11:16:38", "elapsed": 214.829128, "delta": 1.293478}}
{"target": 545.7782699263096, "params": {"d1": 1.6033733920676807, "d2": 3.1293636447761886, "i1": 1.0, "i2": 0.0, "p1": 2.1050890052058313, "p2": 1.9209882637139708}, "datetime": {"datetime": "2024-02-07 11:16:39", "elapsed": 216.019575, "delta": 1.190447}}
{"target": 512.2305736176297, "params": {"d1": 1.809240035067062, "d2": 5.0, "i1": 1.0, "i2": 0.0, "p1": 1.4611458937523452, "p2": 3.9149200183501915}, "datetime": {"datetime": "2024-02-07 11:16:40", "elapsed": 216.986097, "delta": 0.966522}}
{"target": 476.1206544464454, "params": {"d1": 2.6076662208873755, "d2": 5.0, "i1": 1.0, "i2": 1.0, "p1": 3.2825439438440336, "p2": 1.9227628880211178}, "datetime": {"datetime": "2024-02-07 11:16:42", "elapsed": 218.49543, "delta": 1.509333}}
{"target": 530.1565947771492, "params": {"d1": 3.0878002721616693, "d2": 1.397981265423555, "i1": 0.0, "i2": 0.0, "p1": 3.1260409941815257, "p2": 2.2245111741147063}, "datetime": {"datetime": "2024-02-07 11:16:43", "elapsed": 219.967491, "delta": 1.472061}}
{"target": 533.3537569618225, "params": {"d1": 4.409050663039689, "d2": 2.2912968208951656, "i1": 0.0, "i2": 1.0, "p1": 4.036645596771818, "p2": 2.4423600908334193}, "datetime": {"datetime": "2024-02-07 11:16:44", "elapsed": 221.202423, "delta": 1.234932}}
{"target": 566.9464763732254, "params": {"d1": 1.7536511268634893, "d2": 2.2065451271344396, "i1": 1.0, "i2": 0.0, "p1": 2.9261185951101876, "p2": 4.113146861897433}, "datetime": {"datetime": "2024-02-07 11:16:46", "elapsed": 222.616035, "delta": 1.413612}}
{"target": 564.4055043752492, "params": {"d1": 2.3233420027304144, "d2": 2.1056187156568074, "i1": 0.0, "i2": 0.0, "p1": 3.8425464705163046, "p2": 3.8909295790550744}, "datetime": {"datetime": "2024-02-07 11:16:47", "elapsed": 223.937974, "delta": 1.321939}}
{"target": 479.6311853178218, "params": {"d1": 3.610007876423818, "d2": 5.0, "i1": 1.0, "i2": 0.0, "p1": 5.0, "p2": 3.624478109838653}, "datetime": {"datetime": "2024-02-07 11:16:48", "elapsed": 225.013352, "delta": 1.075378}}
{"target": 493.0301497778669, "params": {"d1": 5.0, "d2": 1.9510920072162088, "i1": 1.0, "i2": 0.0, "p1": 5.0, "p2": 5.0}, "datetime": {"datetime": "2024-02-07 11:16:49", "elapsed": 226.125712, "delta": 1.11236}}
{"target": 593.9037832948472, "params": {"d1": 2.2427800585313227, "d2": 1.7167575516442586, "i1": 0.0, "i2": 1.0, "p1": 3.4945077386721333, "p2": 2.900654013101348}, "datetime": {"datetime": "2024-02-07 11:16:50", "elapsed": 227.232079, "delta": 1.106367}}
{"target": 597.0612321777642, "params": {"d1": 1.9505320715101264, "d2": 1.8896598962809235, "i1": 0.0, "i2": 1.0, "p1": 3.1270195332588346, "p2": 4.059236037357198}, "datetime": {"datetime": "2024-02-07 11:16:52", "elapsed": 228.522436, "delta": 1.290357}}
{"target": 516.0300499840826, "params": {"d1": 0.9610436338723019, "d2": 5.0, "i1": 0.0, "i2": 1.0, "p1": 2.7890273897655042, "p2": 5.0}, "datetime": {"datetime": "2024-02-07 11:16:53", "elapsed": 229.7061, "delta": 1.183664}}
{"target": 505.24791126631203, "params": {"d1": 2.723844035858507, "d2": 2.2838293787876474, "i1": 0.0, "i2": 1.0, "p1": 3.574291197615175, "p2": 5.0}, "datetime": {"datetime": "2024-02-07 11:16:54", "elapsed": 231.044092, "delta": 1.337992}}
{"target": 490.7097104932368, "params": {"d1": 3.475890514936586, "d2": 5.0, "i1": 0.0, "i2": 1.0, "p1": 3.7181075123743614, "p2": 4.312159180515791}, "datetime": {"datetime": "2024-02-07 11:16:55", "elapsed": 232.113048, "delta": 1.068956}}
{"target": 568.1016956024617, "params": {"d1": 4.09420484244896, "d2": 1.4418323212735489, "i1": 1.0, "i2": 1.0, "p1": 3.8156550363184545, "p2": 2.180608504866251}, "datetime": {"datetime": "2024-02-07 11:16:56", "elapsed": 233.130007, "delta": 1.016959}}
{"target": 364.6007297887653, "params": {"d1": 5.0, "d2": 2.935306242841113, "i1": 1.0, "i2": 1.0, "p1": 0.0, "p2": 5.0}, "datetime": {"datetime": "2024-02-07 11:16:58", "elapsed": 234.514464, "delta": 1.384457}}
{"target": 473.8072956256568, "params": {"d1": 5.0, "d2": 2.0487918428802425, "i1": 1.0, "i2": 0.0, "p1": 2.9241036525002913, "p2": 1.6671271457492478}, "datetime": {"datetime": "2024-02-07 11:16:59", "elapsed": 236.134134, "delta": 1.61967}}
{"target": 600.3399476195127, "params": {"d1": 1.8116427763701746, "d2": 1.967361597895339, "i1": 1.0, "i2": 1.0, "p1": 2.7098155172167897, "p2": 3.567423964372906}, "datetime": {"datetime": "2024-02-07 11:17:00", "elapsed": 237.321801, "delta": 1.187667}}
{"target": 470.80679328461645, "params": {"d1": 1.9519973733788885, "d2": 5.0, "i1": 1.0, "i2": 1.0, "p1": 5.0, "p2": 3.3101713973628804}, "datetime": {"datetime": "2024-02-07 11:17:01", "elapsed": 238.376035, "delta": 1.054234}}
{"target": 606.7406236422435, "params": {"d1": 2.3269186680087137, "d2": 1.8855284826583423, "i1": 1.0, "i2": 1.0, "p1": 3.0426810774371287, "p2": 1.8097340880459611}, "datetime": {"datetime": "2024-02-07 11:17:03", "elapsed": 239.579259, "delta": 1.203224}}
{"target": 506.9782295974344, "params": {"d1": 4.242694038489951, "d2": 3.7792297587501746, "i1": 1.0, "i2": 0.0, "p1": 5.0, "p2": 5.0}, "datetime": {"datetime": "2024-02-07 11:17:04", "elapsed": 240.722605, "delta": 1.143346}}
{"target": 488.16382161960007, "params": {"d1": 5.0, "d2": 3.8940828831327927, "i1": 0.0, "i2": 1.0, "p1": 5.0, "p2": 5.0}, "datetime": {"datetime": "2024-02-07 11:17:05", "elapsed": 242.183126, "delta": 1.460521}}
{"target": 553.4217721190304, "params": {"d1": 2.345693155353467, "d2": 2.99614481812403, "i1": 1.0, "i2": 0.0, "p1": 2.7435826338066955, "p2": 2.65593113392658}, "datetime": {"datetime": "2024-02-07 11:17:06", "elapsed": 243.321595, "delta": 1.138469}}
{"target": 494.05844054354355, "params": {"d1": 2.0294587986450545, "d2": 2.253059284645959, "i1": 0.0, "i2": 1.0, "p1": 5.0, "p2": 3.7459520267041277}, "datetime": {"datetime": "2024-02-07 11:17:07", "elapsed": 244.427471, "delta": 1.105876}}
{"target": 527.8059768100082, "params": {"d1": 1.416202847672471, "d2": 2.606276551412733, "i1": 0.0, "i2": 1.0, "p1": 2.749747128672837, "p2": 3.667434985004749}, "datetime": {"datetime": "2024-02-07 11:17:09", "elapsed": 245.920575, "delta": 1.493104}}
{"target": 185.34297183841466, "params": {"d1": 5.0, "d2": 0.0, "i1": 1.0, "i2": 1.0, "p1": 5.0, "p2": 1.834476500087037}, "datetime": {"datetime": "2024-02-07 11:17:11", "elapsed": 247.502025, "delta": 1.58145}}
{"target": 541.5581079111994, "params": {"d1": 1.246435038184007, "d2": 3.1544022805020773, "i1": 1.0, "i2": 1.0, "p1": 2.305230326934223, "p2": 0.978053735774393}, "datetime": {"datetime": "2024-02-07 11:17:12", "elapsed": 248.735726, "delta": 1.233701}}
{"target": 497.90229491531846, "params": {"d1": 3.5376563133376857, "d2": 2.118143932587175, "i1": 0.0, "i2": 0.0, "p1": 5.0, "p2": 5.0}, "datetime": {"datetime": "2024-02-07 11:17:13", "elapsed": 250.116882, "delta": 1.381156}}
{"target": 531.0402738541364, "params": {"d1": 1.4590035906158392, "d2": 4.0714430212734865, "i1": 1.0, "i2": 1.0, "p1": 1.5835015553739058, "p2": 1.863548843936872}, "datetime": {"datetime": "2024-02-07 11:17:15", "elapsed": 251.716247, "delta": 1.599365}}
{"target": 634.1327449426055, "params": {"d1": 1.6852038911187084, "d2": 1.932985842645326, "i1": 1.0, "i2": 1.0, "p1": 3.3030210963539743, "p2": 2.4213541828883467}, "datetime": {"datetime": "2024-02-07 11:17:16", "elapsed": 253.095949, "delta": 1.379702}}
{"target": 606.2246546950005, "params": {"d1": 1.8310173539312522, "d2": 1.9782344213069671, "i1": 0.0, "i2": 1.0, "p1": 3.521297452891134, "p2": 1.7748426726184743}, "datetime": {"datetime": "2024-02-07 11:17:17", "elapsed": 254.442591, "delta": 1.346642}}
{"target": 581.5375666260719, "params": {"d1": 2.091616847342399, "d2": 1.7491574446370999, "i1": 1.0, "i2": 1.0, "p1": 4.0315092466799545, "p2": 2.0580392513029455}, "datetime": {"datetime": "2024-02-07 11:17:19", "elapsed": 255.797751, "delta": 1.35516}}
{"target": 545.2132825187593, "params": {"d1": 2.447956269993449, "d2": 2.1470346653307564, "i1": 0.0, "i2": 1.0, "p1": 4.628240285058386, "p2": 1.7036737460871763}, "datetime": {"datetime": "2024-02-07 11:17:20", "elapsed": 256.910707, "delta": 1.112956}}
{"target": 556.1224369563163, "params": {"d1": 1.67155697442196, "d2": 2.199904408201147, "i1": 1.0, "i2": 0.41768913739780583, "p1": 3.3334277111219177, "p2": 1.854988102066678}, "datetime": {"datetime": "2024-02-07 11:17:21", "elapsed": 258.038185, "delta": 1.127478}}
{"target": 585.3966542260349, "params": {"d1": 1.4229933647029733, "d2": 2.7126759825783004, "i1": 1.0, "i2": 1.0, "p1": 1.5992566061313667, "p2": 2.033951194348109}, "datetime": {"datetime": "2024-02-07 11:17:22", "elapsed": 259.324236, "delta": 1.286051}}
{"target": 516.3567140042782, "params": {"d1": 2.4001046813478406, "d2": 5.0, "i1": 1.0, "i2": 1.0, "p1": 1.5830573544857525, "p2": 2.915026257729536}, "datetime": {"datetime": "2024-02-07 11:17:24", "elapsed": 261.216276, "delta": 1.89204}}
{"target": 485.17263805404303, "params": {"d1": 4.024895548241978, "d2": 3.9211754424390795, "i1": 0.0, "i2": 0.0, "p1": 3.6415787495930987, "p2": 3.6040737873548996}, "datetime": {"datetime": "2024-02-07 11:17:26", "elapsed": 262.543631, "delta": 1.327355}}
{"target": 476.261307028234, "params": {"d1": 5.0, "d2": 2.8829800480588936, "i1": 1.0, "i2": 0.0, "p1": 1.901428358569543, "p2": 3.204619215028553}, "datetime": {"datetime": "2024-02-07 11:17:27", "elapsed": 263.934122, "delta": 1.390491}}
{"target": 558.7367758487165, "params": {"d1": 1.0861832418199122, "d2": 3.7855300479124714, "i1": 1.0, "i2": 0.0, "p1": 2.052757634282474, "p2": 5.0}, "datetime": {"datetime": "2024-02-07 11:17:28", "elapsed": 265.406633, "delta": 1.472511}}
{"target": 553.4147144209594, "params": {"d1": 1.4525754375372812, "d2": 5.0, "i1": 1.0, "i2": 1.0, "p1": 1.6756109798614076, "p2": 5.0}, "datetime": {"datetime": "2024-02-07 11:17:30", "elapsed": 266.951011, "delta": 1.544378}}
{"target": 586.1511255870387, "params": {"d1": 1.7575897238607214, "d2": 1.8457040835760927, "i1": 0.0, "i2": 1.0, "p1": 2.8944513783771986, "p2": 2.408977605657285}, "datetime": {"datetime": "2024-02-07 11:17:32", "elapsed": 268.551263, "delta": 1.600252}}
{"target": 542.543944153972, "params": {"d1": 5.0, "d2": 1.8526442750190406, "i1": 0.0, "i2": 1.0, "p1": 5.0, "p2": 1.5022740736721518}, "datetime": {"datetime": "2024-02-07 11:17:33", "elapsed": 269.991632, "delta": 1.440369}}
{"target": 619.9259092476219, "params": {"d1": 2.0452745798035386, "d2": 2.1471645413158527, "i1": 1.0, "i2": 1.0, "p1": 2.5689730665580046, "p2": 2.5538978400989043}, "datetime": {"datetime": "2024-02-07 11:17:35", "elapsed": 271.71452, "delta": 1.722888}}
