{"target": 524.1166734591872, "params": {"d1": 2.979972568695877, "d2": 1.4401448312544745, "i1": 1.0, "i2": 0.0, "p1": 5.0, "p2": 2.2044408066030425}, "datetime": {"datetime": "2024-02-07 11:26:29", "elapsed": 805.464598, "delta": 3.214504}}
{"target": 635.8052733917907, "params": {"d1": 1.486612570193182, "d2": 1.7165053388959968, "i1": 0.5041216737913319, "i2": 1.0, "p1": 2.4355583733837927, "p2": 3.1991592433659255}, "datetime": {"datetime": "2024-02-07 11:26:33", "elapsed": 809.764771, "delta": 4.300173}}
{"target": 553.9242133568972, "params": {"d1": 1.3005604162266988, "d2": 2.150117220672667, "i1": 1.0, "i2": 1.0, "p1": 2.046440703514384, "p2": 1.1247389604832905}, "datetime": {"datetime": "2024-02-07 11:26:35", "elapsed": 812.251521, "delta": 2.48675}}
{"target": 653.6757301695645, "params": {"d1": 1.3786254717269069, "d2": 1.5615975153197381, "i1": 0.6161875016990357, "i2": 1.0, "p1": 2.9479508711500073, "p2": 1.6705864862761233}, "datetime": {"datetime": "2024-02-07 11:26:38", "elapsed": 815.194322, "delta": 2.942801}}
{"target": 590.6718571235984, "params": {"d1": 1.2501286109882312, "d2": 1.7723781174741864, "i1": 0.3924263280491513, "i2": 1.0, "p1": 3.206494604338512, "p2": 1.097637250617155}, "datetime": {"datetime": "2024-02-07 11:26:42", "elapsed": 818.665407, "delta": 3.471085}}
{"target": 494.3780290316045, "params": {"d1": 2.500874503342587, "d2": 5.0, "i1": 0.0, "i2": 0.0, "p1": 1.8319713252040166, "p2": 5.0}, "datetime": {"datetime": "2024-02-07 11:26:45", "elapsed": 821.803828, "delta": 3.138421}}
{"target": 661.6419832070917, "params": {"d1": 1.9025246866909356, "d2": 1.1053639236225499, "i1": 1.0, "i2": 1.0, "p1": 2.0018587614648324, "p2": 1.6282920995178236}, "datetime": {"datetime": "2024-02-07 11:26:48", "elapsed": 824.770138, "delta": 2.96631}}
{"target": 588.8765502347052, "params": {"d1": 1.5412514914379254, "d2": 1.335308386724796, "i1": 0.0, "i2": 0.0, "p1": 3.3178437198567834, "p2": 3.0398008234627985}, "datetime": {"datetime": "2024-02-07 11:26:50", "elapsed": 827.173577, "delta": 2.403439}}
{"target": 652.3735853385181, "params": {"d1": 1.7267665106729637, "d2": 1.24817523918915, "i1": 0.5256899620317547, "i2": 1.0, "p1": 1.8733035237904672, "p2": 1.8026237629860884}, "datetime": {"datetime": "2024-02-07 11:26:52", "elapsed": 829.425087, "delta": 2.25151}}
{"target": 576.1994308379293, "params": {"d1": 2.8589390616924386, "d2": 1.354302247139429, "i1": 0.0, "i2": 1.0, "p1": 2.5946899886018713, "p2": 1.583263420111017}, "datetime": {"datetime": "2024-02-07 11:26:55", "elapsed": 831.537203, "delta": 2.112116}}
{"target": 638.6853727275878, "params": {"d1": 1.905382747438225, "d2": 1.4238876628159154, "i1": 0.5649667760453573, "i2": 1.0, "p1": 2.5620057260002174, "p2": 1.6703783315091847}, "datetime": {"datetime": "2024-02-07 11:26:58", "elapsed": 835.140024, "delta": 3.602821}}
{"target": 495.3576178105175, "params": {"d1": 3.010341358798781, "d2": 2.7621996031904024, "i1": 0.0, "i2": 1.0, "p1": 5.0, "p2": 5.0}, "datetime": {"datetime": "2024-02-07 11:27:02", "elapsed": 839.111858, "delta": 3.971834}}
{"target": 640.0901163598895, "params": {"d1": 1.3574150747224272, "d2": 1.4757934244320288, "i1": 1.0, "i2": 1.0, "p1": 3.1097428976111363, "p2": 2.04966413098407}, "datetime": {"datetime": "2024-02-07 11:27:06", "elapsed": 842.876502, "delta": 3.764644}}
{"target": 623.4570812472701, "params": {"d1": 1.385666505463955, "d2": 1.7121295720003242, "i1": 0.4621247948183935, "i2": 1.0, "p1": 3.4561889843697364, "p2": 2.0763293560535803}, "datetime": {"datetime": "2024-02-07 11:27:09", "elapsed": 846.01166, "delta": 3.135158}}
{"target": 487.5606535460055, "params": {"d1": 3.9712605113490933, "d2": 5.0, "i1": 1.0, "i2": 1.0, "p1": 2.8150610117230834, "p2": 5.0}, "datetime": {"datetime": "2024-02-07 11:27:12", "elapsed": 848.479824, "delta": 2.468164}}
{"target": 571.0754931285232, "params": {"d1": 1.725336566632372, "d2": 4.170862183196379, "i1": 1.0, "i2": 0.34697740957448886, "p1": 2.414675882293896, "p2": 3.169425880331814}, "datetime": {"datetime": "2024-02-07 11:27:15", "elapsed": 851.768479, "delta": 3.288655}}
{"target": 650.2091440093517, "params": {"d1": 1.2731731043910985, "d2": 2.144973209668046, "i1": 1.0, "i2": 0.3897797947094325, "p1": 1.8155833552483445, "p2": 3.2760580097714023}, "datetime": {"datetime": "2024-02-07 11:27:17", "elapsed": 854.283321, "delta": 2.514842}}
{"target": 601.8213034445793, "params": {"d1": 2.206255883520712, "d2": 2.3364019954927358, "i1": 1.0, "i2": 1.0, "p1": 1.6542995414797563, "p2": 2.514992070693407}, "datetime": {"datetime": "2024-02-07 11:27:21", "elapsed": 858.051884, "delta": 3.768563}}
{"target": 594.9965180940926, "params": {"d1": 1.3713540353694254, "d2": 2.476277048226296, "i1": 0.6128962898446082, "i2": 1.0, "p1": 1.9555565764539045, "p2": 2.5479076858052068}, "datetime": {"datetime": "2024-02-07 11:27:24", "elapsed": 861.372983, "delta": 3.321099}}
{"target": 463.9557368681207, "params": {"d1": 0.386484808631813, "d2": 4.1129400887535414, "i1": 0.0, "i2": 1.0, "p1": 0.8879376075380079, "p2": 3.874878391134429}, "datetime": {"datetime": "2024-02-07 11:27:27", "elapsed": 863.60378, "delta": 2.230797}}
{"target": 449.28106059893963, "params": {"d1": 3.5072138812423526, "d2": 5.0, "i1": 1.0, "i2": 1.0, "p1": 5.0, "p2": 2.0969600830118083}, "datetime": {"datetime": "2024-02-07 11:27:30", "elapsed": 867.245856, "delta": 3.642076}}
{"target": 640.9150441232324, "params": {"d1": 1.3149116037904713, "d2": 2.3531936310295833, "i1": 1.0, "i2": 0.0, "p1": 1.9988883217500326, "p2": 3.069734953014144}, "datetime": {"datetime": "2024-02-07 11:27:33", "elapsed": 869.780457, "delta": 2.534601}}
{"target": 639.586368168518, "params": {"d1": 1.589542066092942, "d2": 1.4076180590080585, "i1": 0.23370289411473097, "i2": 1.0, "p1": 1.8782207205561958, "p2": 2.5405271006135743}, "datetime": {"datetime": "2024-02-07 11:27:36", "elapsed": 872.654504, "delta": 2.874047}}
{"target": 610.2296593303233, "params": {"d1": 2.2654815603147784, "d2": 1.7755659647466864, "i1": 1.0, "i2": 1.0, "p1": 2.1451951399224156, "p2": 2.95559709038475}, "datetime": {"datetime": "2024-02-07 11:27:38", "elapsed": 874.74282, "delta": 2.088316}}
{"target": 558.8218956525624, "params": {"d1": 5.0, "d2": 1.2265387123271076, "i1": 1.0, "i2": 1.0, "p1": 3.022373290900301, "p2": 2.469362347376106}, "datetime": {"datetime": "2024-02-07 11:27:40", "elapsed": 876.833084, "delta": 2.090264}}
{"target": 649.6514235787093, "params": {"d1": 1.2304780700464013, "d2": 1.318236882755378, "i1": 1.0, "i2": 0.26130090753922364, "p1": 1.6058286562904427, "p2": 2.2402075537182466}, "datetime": {"datetime": "2024-02-07 11:27:42", "elapsed": 879.218839, "delta": 2.385755}}
{"target": 567.7618226492405, "params": {"d1": 2.770315026979917, "d2": 2.0603856803608944, "i1": 0.0, "i2": 0.3285752820382844, "p1": 2.1601077293395883, "p2": 3.2207416443086765}, "datetime": {"datetime": "2024-02-07 11:27:45", "elapsed": 882.253955, "delta": 3.035116}}
{"target": 617.5057791496813, "params": {"d1": 1.9500605388967531, "d2": 1.8212288062579065, "i1": 0.37554626580288564, "i2": 1.0, "p1": 3.7320432075531493, "p2": 2.298808155390437}, "datetime": {"datetime": "2024-02-07 11:27:49", "elapsed": 885.880939, "delta": 3.626984}}
{"target": 627.6077893634141, "params": {"d1": 1.529796530151243, "d2": 0.8801795835713654, "i1": 0.7378036235057344, "i2": 0.3269393307905074, "p1": 1.7304250400638574, "p2": 1.2130732614736692}, "datetime": {"datetime": "2024-02-07 11:27:51", "elapsed": 888.360984, "delta": 2.480045}}
{"target": 630.2964809169621, "params": {"d1": 1.3709993701715986, "d2": 2.2691138616369253, "i1": 1.0, "i2": 0.3773260118005168, "p1": 2.2596357398156215, "p2": 3.405196724843444}, "datetime": {"datetime": "2024-02-07 11:27:55", "elapsed": 891.511097, "delta": 3.150113}}
{"target": 619.9573972419649, "params": {"d1": 1.315894393658077, "d2": 2.181456192013817, "i1": 1.0, "i2": 0.0, "p1": 1.3915355502463576, "p2": 3.432169296903624}, "datetime": {"datetime": "2024-02-07 11:27:57", "elapsed": 894.222048, "delta": 2.710951}}
{"target": 579.3154496440292, "params": {"d1": 1.8550240910082125, "d2": 1.6009844112457607, "i1": 0.505439677127946, "i2": 0.0, "p1": 3.1360747975995134, "p2": 2.746287529210369}, "datetime": {"datetime": "2024-02-07 11:28:00", "elapsed": 897.118947, "delta": 2.896899}}
{"target": 576.8852689238638, "params": {"d1": 1.2813302230095938, "d2": 1.3163658421983646, "i1": 0.6838389174905676, "i2": 0.4726741164005014, "p1": 2.947414836293102, "p2": 1.3464992430875455}, "datetime": {"datetime": "2024-02-07 11:28:03", "elapsed": 900.308053, "delta": 3.189106}}
{"target": 474.30959642957896, "params": {"d1": 5.0, "d2": 5.0, "i1": 1.0, "i2": 1.0, "p1": 3.008643339014679, "p2": 3.6917488554808195}, "datetime": {"datetime": "2024-02-07 11:28:07", "elapsed": 904.298849, "delta": 3.990796}}
{"target": 563.6561380566657, "params": {"d1": 1.3069022067171823, "d2": 5.0, "i1": 1.0, "i2": 1.0, "p1": 1.6969476210650227, "p2": 3.7667100732419767}, "datetime": {"datetime": "2024-02-07 11:28:11", "elapsed": 908.016269, "delta": 3.71742}}
{"target": 543.9801177209988, "params": {"d1": 2.2116114371035835, "d2": 2.6179807232779413, "i1": 0.0, "i2": 1.0, "p1": 3.6764872066791243, "p2": 1.127583062402718}, "datetime": {"datetime": "2024-02-07 11:28:14", "elapsed": 911.153402, "delta": 3.137133}}
{"target": 635.6801635713131, "params": {"d1": 1.3333395295911326, "d2": 2.0016794620160803, "i1": 1.0, "i2": 0.0, "p1": 1.9691951686486784, "p2": 3.4135842256390134}, "datetime": {"datetime": "2024-02-07 11:28:17", "elapsed": 913.8339, "delta": 2.680498}}
{"target": 521.9990208041668, "params": {"d1": 4.060794701754764, "d2": 1.9721235682235692, "i1": 0.0, "i2": 0.0, "p1": 4.160826219305253, "p2": 4.1550518759300905}, "datetime": {"datetime": "2024-02-07 11:28:20", "elapsed": 916.961544, "delta": 3.127644}}
{"target": 515.6397181295604, "params": {"d1": 2.156774235977282, "d2": 1.4889187245191446, "i1": 1.0, "i2": 0.0, "p1": 4.017856003758168, "p2": 1.876082918674407}, "datetime": {"datetime": "2024-02-07 11:28:23", "elapsed": 919.572979, "delta": 2.611435}}
{"target": 486.6970481463522, "params": {"d1": 2.1695782853136842, "d2": 1.5494275147544159, "i1": 1.0, "i2": 0.0, "p1": 1.7539027003974443, "p2": 5.0}, "datetime": {"datetime": "2024-02-07 11:28:26", "elapsed": 922.673686, "delta": 3.100707}}
{"target": 632.0743736436963, "params": {"d1": 1.1417313608070718, "d2": 1.1924798361252216, "i1": 0.49103571201727036, "i2": 0.5356072876892035, "p1": 1.595944593497331, "p2": 2.071730915684333}, "datetime": {"datetime": "2024-02-07 11:28:29", "elapsed": 926.368544, "delta": 3.694858}}
{"target": 644.3169112492353, "params": {"d1": 1.7035990182384906, "d2": 2.0157723320838645, "i1": 1.0, "i2": 0.4272996533243321, "p1": 2.182233909147769, "p2": 3.0277511792357337}, "datetime": {"datetime": "2024-02-07 11:28:32", "elapsed": 929.450778, "delta": 3.082234}}
{"target": 528.36851629287, "params": {"d1": 3.5934540347874813, "d2": 2.613833076438919, "i1": 0.0, "i2": 0.0, "p1": 4.131012201015441, "p2": 2.6361880694092354}, "datetime": {"datetime": "2024-02-07 11:28:35", "elapsed": 931.970903, "delta": 2.520125}}
{"target": 455.0050296903588, "params": {"d1": 5.0, "d2": 5.0, "i1": 0.0, "i2": 0.0, "p1": 3.067573147368433, "p2": 3.7106029733222265}, "datetime": {"datetime": "2024-02-07 11:28:40", "elapsed": 937.093525, "delta": 5.122622}}
{"target": 511.5727225060016, "params": {"d1": 3.5274280815377437, "d2": 3.5359276326310494, "i1": 0.0, "i2": 0.0, "p1": 5.0, "p2": 5.0}, "datetime": {"datetime": "2024-02-07 11:28:43", "elapsed": 939.825967, "delta": 2.732442}}
{"target": 570.9734749611654, "params": {"d1": 4.572594991285822, "d2": 1.5084424619391728, "i1": 0.38017187409837505, "i2": 1.0, "p1": 3.560552757815575, "p2": 2.5446235486369346}, "datetime": {"datetime": "2024-02-07 11:28:46", "elapsed": 942.492715, "delta": 2.666748}}
{"target": 627.1383075835556, "params": {"d1": 0.9255250370132515, "d2": 1.744672649202833, "i1": 0.5646420859649515, "i2": 1.0, "p1": 1.891497462248257, "p2": 3.0319797950470053}, "datetime": {"datetime": "2024-02-07 11:28:48", "elapsed": 945.268196, "delta": 2.775481}}
{"target": 539.2880377631634, "params": {"d1": 1.9874500077667734, "d2": 2.8539279967319198, "i1": 0.0, "i2": 0.520797177872132, "p1": 3.0063981879871386, "p2": 2.4408933700527466}, "datetime": {"datetime": "2024-02-07 11:28:52", "elapsed": 948.700207, "delta": 3.432011}}
{"target": 479.28353914387526, "params": {"d1": 3.926667314773651, "d2": 2.985748385321161, "i1": 1.0, "i2": 0.0, "p1": 2.1005986345861127, "p2": 5.0}, "datetime": {"datetime": "2024-02-07 11:28:55", "elapsed": 952.310959, "delta": 3.610752}}
{"target": 577.7993507149444, "params": {"d1": 1.2795853012410805, "d2": 1.583165716756023, "i1": 0.0, "i2": 1.0, "p1": 2.3450198763367958, "p2": 3.3192801554603584}, "datetime": {"datetime": "2024-02-07 11:28:58", "elapsed": 955.117415, "delta": 2.806456}}
{"target": 596.810659696199, "params": {"d1": 1.7230893411343793, "d2": 1.8446809204619388, "i1": 0.0, "i2": 0.4216752169799869, "p1": 3.4365265760198045, "p2": 3.496407976740919}, "datetime": {"datetime": "2024-02-07 11:29:03", "elapsed": 959.890817, "delta": 4.773402}}
{"target": 564.168717803508, "params": {"d1": 3.8174942487490555, "d2": 1.5151513596784976, "i1": 1.0, "i2": 1.0, "p1": 5.0, "p2": 1.6919012361733012}, "datetime": {"datetime": "2024-02-07 11:29:06", "elapsed": 962.645756, "delta": 2.754939}}
{"target": 527.5360304702818, "params": {"d1": 2.459738403021639, "d2": 2.3334627676730215, "i1": 0.0, "i2": 1.0, "p1": 2.1459494428359327, "p2": 0.9227259829467311}, "datetime": {"datetime": "2024-02-07 11:29:11", "elapsed": 967.738617, "delta": 5.092861}}
{"target": 569.5746674382686, "params": {"d1": 3.9100791974536153, "d2": 1.4014111274430276, "i1": 1.0, "i2": 1.0, "p1": 5.0, "p2": 2.871957629950715}, "datetime": {"datetime": "2024-02-07 11:29:14", "elapsed": 970.684679, "delta": 2.946062}}
{"target": 635.1205852109193, "params": {"d1": 2.0487150375681473, "d2": 1.2130738463113022, "i1": 0.8050067367900205, "i2": 0.9081649630154683, "p1": 2.1004948219093094, "p2": 1.5748872565106053}, "datetime": {"datetime": "2024-02-07 11:29:16", "elapsed": 973.209658, "delta": 2.524979}}
{"target": 651.8920053212345, "params": {"d1": 1.4036477556101175, "d2": 1.5833502340328214, "i1": 1.0, "i2": 1.0, "p1": 2.1556595886417598, "p2": 3.033978747842848}, "datetime": {"datetime": "2024-02-07 11:29:19", "elapsed": 976.073905, "delta": 2.864247}}
{"target": 610.1242340459302, "params": {"d1": 2.314653779997924, "d2": 2.2058915762571223, "i1": 0.3469901723331419, "i2": 1.0, "p1": 2.756750849209846, "p2": 3.4152394423142964}, "datetime": {"datetime": "2024-02-07 11:29:22", "elapsed": 978.809375, "delta": 2.73547}}
{"target": 464.8805445019901, "params": {"d1": 5.0, "d2": 5.0, "i1": 0.0, "i2": 0.0, "p1": 5.0, "p2": 3.3696571377272613}, "datetime": {"datetime": "2024-02-07 11:29:25", "elapsed": 981.715994, "delta": 2.906619}}
{"target": 542.8124915756285, "params": {"d1": 4.119687360998634, "d2": 1.5627960941763432, "i1": 1.0, "i2": 0.2738624983321555, "p1": 5.0, "p2": 2.3089502996502556}, "datetime": {"datetime": "2024-02-07 11:29:28", "elapsed": 985.45207, "delta": 3.736076}}
{"target": 615.3877571997047, "params": {"d1": 1.0695902424613346, "d2": 2.2047214399650126, "i1": 0.681227633354711, "i2": 0.6518560239905167, "p1": 1.6348616212337486, "p2": 2.7285692477980494}, "datetime": {"datetime": "2024-02-07 11:29:32", "elapsed": 988.692488, "delta": 3.240418}}
{"target": 621.1920250540227, "params": {"d1": 2.3146964513560655, "d2": 1.855754476320928, "i1": 1.0, "i2": 0.3170832435811543, "p1": 2.0045234486355743, "p2": 2.7775653223956964}, "datetime": {"datetime": "2024-02-07 11:29:35", "elapsed": 991.996476, "delta": 3.303988}}
{"target": 582.6590119843185, "params": {"d1": 1.447196091778429, "d2": 2.0283704660356063, "i1": 1.0, "i2": 0.0, "p1": 1.3291151016468026, "p2": 2.1587252158753696}, "datetime": {"datetime": "2024-02-07 11:29:38", "elapsed": 994.847044, "delta": 2.850568}}
{"target": 630.7936807437055, "params": {"d1": 1.0003821017524106, "d2": 1.8192528801547845, "i1": 0.36601223173250563, "i2": 1.0, "p1": 1.7267754042034837, "p2": 2.4388906136511554}, "datetime": {"datetime": "2024-02-07 11:29:43", "elapsed": 999.961596, "delta": 5.114552}}
{"target": 647.5770300111919, "params": {"d1": 1.6854303997311177, "d2": 1.2965098511118616, "i1": 1.0, "i2": 1.0, "p1": 1.9617917540532435, "p2": 1.44034100423564}, "datetime": {"datetime": "2024-02-07 11:29:46", "elapsed": 1002.695977, "delta": 2.734381}}
{"target": 615.367051204592, "params": {"d1": 1.8565269610940032, "d2": 2.272934663077459, "i1": 0.0, "i2": 0.1506991225796711, "p1": 2.3740123780462605, "p2": 2.5579575503526932}, "datetime": {"datetime": "2024-02-07 11:29:49", "elapsed": 1006.4139, "delta": 3.717923}}
{"target": 497.7277719901875, "params": {"d1": 3.8209463451622647, "d2": 1.07990000763125, "i1": 1.0, "i2": 1.0, "p1": 4.002482522503376, "p2": 3.121633428974358}, "datetime": {"datetime": "2024-02-07 11:29:53", "elapsed": 1009.671282, "delta": 3.257382}}
{"target": 660.2388622083142, "params": {"d1": 1.625665878390326, "d2": 1.2617832487648557, "i1": 0.7861444971455377, "i2": 1.0, "p1": 2.1950912420799313, "p2": 1.7771866607071645}, "datetime": {"datetime": "2024-02-07 11:29:56", "elapsed": 1012.845364, "delta": 3.174082}}
{"target": 583.0626420636476, "params": {"d1": 1.4607563806616561, "d2": 2.322319706237122, "i1": 1.0, "i2": 0.0, "p1": 3.2325594794274664, "p2": 2.8457394514708825}, "datetime": {"datetime": "2024-02-07 11:30:02", "elapsed": 1018.712042, "delta": 5.866678}}
{"target": 630.2708895876259, "params": {"d1": 1.983937603363794, "d2": 0.9561181168978189, "i1": 0.8450869888103005, "i2": 0.5290143063746169, "p1": 1.7061632260308202, "p2": 1.3245437552337802}, "datetime": {"datetime": "2024-02-07 11:30:06", "elapsed": 1022.706976, "delta": 3.994934}}
{"target": 556.2026259480417, "params": {"d1": 2.9514953280211125, "d2": 1.4153539870654033, "i1": 0.0, "i2": 1.0, "p1": 4.045796853380332, "p2": 1.4328290629999203}, "datetime": {"datetime": "2024-02-07 11:30:10", "elapsed": 1027.09433, "delta": 4.387354}}
{"target": 634.790689489469, "params": {"d1": 0.8916360089922731, "d2": 1.6356158865526749, "i1": 0.19528208535210057, "i2": 0.0443171002542041, "p1": 1.4396988589032027, "p2": 2.25236938262037}, "datetime": {"datetime": "2024-02-07 11:30:14", "elapsed": 1031.453552, "delta": 4.359222}}
{"target": 542.9005207900703, "params": {"d1": 0.9803349543871156, "d2": 2.6448785628072677, "i1": 0.0, "i2": 0.0, "p1": 1.8979525178597303, "p2": 3.046680363270946}, "datetime": {"datetime": "2024-02-07 11:30:18", "elapsed": 1035.116378, "delta": 3.662826}}
{"target": 627.4596408510953, "params": {"d1": 1.1251206205387458, "d2": 1.782546462736142, "i1": 0.42262886768647023, "i2": 0.12670764159147072, "p1": 1.5203904345451562, "p2": 1.959804152041001}, "datetime": {"datetime": "2024-02-07 11:30:22", "elapsed": 1038.917779, "delta": 3.801401}}
{"target": 622.8096488941833, "params": {"d1": 1.1480053954796157, "d2": 1.747611138163566, "i1": 1.0, "i2": 1.0, "p1": 2.879705942417016, "p2": 1.782032501539978}, "datetime": {"datetime": "2024-02-07 11:30:25", "elapsed": 1041.551169, "delta": 2.63339}}
{"target": 571.7850407473743, "params": {"d1": 1.9698277330458884, "d2": 2.8344074647779047, "i1": 1.0, "i2": 1.0, "p1": 2.087595228132747, "p2": 1.5280454073106773}, "datetime": {"datetime": "2024-02-07 11:30:30", "elapsed": 1047.265529, "delta": 5.71436}}
{"target": 615.1157546538115, "params": {"d1": 1.47545094047789, "d2": 1.7041449596448919, "i1": 0.6310993175918552, "i2": 1.0, "p1": 2.8891943077931126, "p2": 2.086405767954768}, "datetime": {"datetime": "2024-02-07 11:30:33", "elapsed": 1049.966649, "delta": 2.70112}}
{"target": 372.0524562220648, "params": {"d1": 4.456326697121134, "d2": 0.6418506807296748, "i1": 0.0, "i2": 1.0, "p1": 2.681256326777967, "p2": 2.187632453602471}, "datetime": {"datetime": "2024-02-07 11:30:37", "elapsed": 1053.588239, "delta": 3.62159}}
{"target": 537.4500626014174, "params": {"d1": 2.136881315036397, "d2": 3.4004197942078496, "i1": 1.0, "i2": 1.0, "p1": 3.3299012454112447, "p2": 3.0309742708689984}, "datetime": {"datetime": "2024-02-07 11:30:40", "elapsed": 1056.55368, "delta": 2.965441}}
{"target": 499.96131532393395, "params": {"d1": 1.6161129535974457, "d2": 1.9379157090277386, "i1": 0.0, "i2": 1.0, "p1": 3.5338853625421267, "p2": 5.0}, "datetime": {"datetime": "2024-02-07 11:30:42", "elapsed": 1059.162627, "delta": 2.608947}}
{"target": 465.8132440682128, "params": {"d1": 3.181072432886317, "d2": 5.0, "i1": 0.0, "i2": 1.0, "p1": 3.837919475115821, "p2": 2.3950093475927314}, "datetime": {"datetime": "2024-02-07 11:30:45", "elapsed": 1062.258548, "delta": 3.095921}}
{"target": 624.836749496758, "params": {"d1": 1.3133983539843639, "d2": 1.994455493312532, "i1": 1.0, "i2": 1.0, "p1": 1.4842915392667262, "p2": 2.344693707386939}, "datetime": {"datetime": "2024-02-07 11:30:50", "elapsed": 1066.680106, "delta": 4.421558}}
{"target": 511.5870937414467, "params": {"d1": 2.606796623711556, "d2": 5.0, "i1": 0.0, "i2": 1.0, "p1": 2.7902869702559956, "p2": 3.6763892620112166}, "datetime": {"datetime": "2024-02-07 11:30:53", "elapsed": 1070.439943, "delta": 3.759837}}
{"target": 589.2446528858692, "params": {"d1": 1.4769444269184158, "d2": 2.326539828114536, "i1": 0.18024311490812406, "i2": 1.0, "p1": 2.3961524977829782, "p2": 0.98113743065045}, "datetime": {"datetime": "2024-02-07 11:30:56", "elapsed": 1072.669933, "delta": 2.22999}}
{"target": 380.1803808815405, "params": {"d1": 2.4004019173921027, "d2": 5.0, "i1": 1.0, "i2": 1.0, "p1": 0.0, "p2": 5.0}, "datetime": {"datetime": "2024-02-07 11:31:00", "elapsed": 1076.616515, "delta": 3.946582}}
