{"target": 531.9611796190962, "params": {"d1": 2.3463234775796487, "d2": 2.5326897646543216, "i1": 0.0, "i2": 0.57677920218455, "p1": 2.898115690470499, "p2": 4.239963270692274}, "datetime": {"datetime": "2024-02-07 11:22:49", "elapsed": 586.250109, "delta": 1.892182}}
{"target": 548.5119983601943, "params": {"d1": 1.6571970552131892, "d2": 1.2345829261181502, "i1": 0.0, "i2": 0.0, "p1": 2.5733988303672692, "p2": 3.8030416500148676}, "datetime": {"datetime": "2024-02-07 11:22:51", "elapsed": 588.312132, "delta": 2.062023}}
{"target": 598.7700534687937, "params": {"d1": 1.646214418054343, "d2": 2.2576399320532516, "i1": 1.0, "i2": 0.0, "p1": 3.58364558983187, "p2": 3.422624636574147}, "datetime": {"datetime": "2024-02-07 11:22:53", "elapsed": 589.875725, "delta": 1.563593}}
{"target": 620.5775633220375, "params": {"d1": 2.0009783847985263, "d2": 1.0874982425548074, "i1": 0.5057582838081779, "i2": 1.0, "p1": 1.8216788225450151, "p2": 1.3570149485193488}, "datetime": {"datetime": "2024-02-07 11:22:55", "elapsed": 591.912882, "delta": 2.037157}}
{"target": 587.7183641120419, "params": {"d1": 2.0162689425039604, "d2": 1.8426314364075183, "i1": 0.0, "i2": 1.0, "p1": 2.0194905351054246, "p2": 2.183444235732788}, "datetime": {"datetime": "2024-02-07 11:22:57", "elapsed": 594.012309, "delta": 2.099427}}
{"target": 496.41551751788705, "params": {"d1": 2.786095062054874, "d2": 3.357762016936004, "i1": 1.0, "i2": 1.0, "p1": 5.0, "p2": 3.2708532638448036}, "datetime": {"datetime": "2024-02-07 11:23:00", "elapsed": 596.924134, "delta": 2.911825}}
{"target": 516.1307674941421, "params": {"d1": 1.5551359984063213, "d2": 4.85124040353318, "i1": 1.0, "i2": 1.0, "p1": 2.347704176497298, "p2": 2.456156307757065}, "datetime": {"datetime": "2024-02-07 11:23:03", "elapsed": 599.816549, "delta": 2.892415}}
{"target": 629.9382962232083, "params": {"d1": 1.2824062171699542, "d2": 1.6802465213016886, "i1": 1.0, "i2": 1.0, "p1": 2.666892799883138, "p2": 1.303909596022117}, "datetime": {"datetime": "2024-02-07 11:23:06", "elapsed": 602.838454, "delta": 3.021905}}
{"target": 611.8985189916193, "params": {"d1": 2.1240239515647334, "d2": 1.6528437850139126, "i1": 0.0, "i2": 0.6009368964289314, "p1": 3.98191775908451, "p2": 1.9219011860725648}, "datetime": {"datetime": "2024-02-07 11:23:08", "elapsed": 605.221225, "delta": 2.382771}}
{"target": 550.4268744590133, "params": {"d1": 4.136348700423284, "d2": 1.6353920992628954, "i1": 1.0, "i2": 1.0, "p1": 2.7066003989243224, "p2": 2.248055388965601}, "datetime": {"datetime": "2024-02-07 11:23:10", "elapsed": 607.119514, "delta": 1.898289}}
{"target": 529.2079368768632, "params": {"d1": 1.4757649151505334, "d2": 2.689026627638464, "i1": 0.0, "i2": 0.0, "p1": 4.078387337025626, "p2": 3.7065072533830707}, "datetime": {"datetime": "2024-02-07 11:23:13", "elapsed": 609.759909, "delta": 2.640395}}
{"target": 617.7024570862949, "params": {"d1": 1.2006809816316526, "d2": 2.19066658327854, "i1": 0.5183950795064473, "i2": 0.0, "p1": 1.57597432087367, "p2": 2.6772776003153824}, "datetime": {"datetime": "2024-02-07 11:23:15", "elapsed": 612.160462, "delta": 2.400553}}
{"target": 641.2767225022614, "params": {"d1": 1.0822796473084688, "d2": 1.1209058810478534, "i1": 0.8155911218704668, "i2": 0.24469753752694234, "p1": 1.7289019533439425, "p2": 1.7873490118947}, "datetime": {"datetime": "2024-02-07 11:23:18", "elapsed": 614.584994, "delta": 2.424532}}
{"target": 496.4323911978677, "params": {"d1": 5.0, "d2": 3.610332627037438, "i1": 1.0, "i2": 0.0, "p1": 3.9326216035945256, "p2": 5.0}, "datetime": {"datetime": "2024-02-07 11:23:20", "elapsed": 616.531714, "delta": 1.94672}}
{"target": 516.3859588015453, "params": {"d1": 2.1132533072591, "d2": 2.5522029178622856, "i1": 1.0, "i2": 0.0, "p1": 3.702506589112157, "p2": 5.0}, "datetime": {"datetime": "2024-02-07 11:23:22", "elapsed": 618.666044, "delta": 2.13433}}
{"target": 625.3209562919288, "params": {"d1": 1.0522207784249074, "d2": 1.943334782712363, "i1": 1.0, "i2": 1.0, "p1": 2.0200571221463273, "p2": 3.467481697037129}, "datetime": {"datetime": "2024-02-07 11:23:24", "elapsed": 621.196424, "delta": 2.53038}}
{"target": 386.50110854506494, "params": {"d1": 5.0, "d2": 2.589278226617135, "i1": 0.0, "i2": 1.0, "p1": 5.0, "p2": 0.0}, "datetime": {"datetime": "2024-02-07 11:23:26", "elapsed": 623.121602, "delta": 1.925178}}
{"target": 625.7123376781493, "params": {"d1": 1.4260410736312747, "d2": 0.9728441465658797, "i1": 1.0, "i2": 0.048427329556605905, "p1": 1.7985219665375767, "p2": 2.1186743061339017}, "datetime": {"datetime": "2024-02-07 11:23:28", "elapsed": 625.367664, "delta": 2.246062}}
{"target": 580.9714145324751, "params": {"d1": 1.476914677453127, "d2": 2.6567912358835546, "i1": 0.6327337801152177, "i2": 0.4762841477964301, "p1": 1.7311029172357444, "p2": 3.264400311313803}, "datetime": {"datetime": "2024-02-07 11:23:31", "elapsed": 628.015628, "delta": 2.647964}}
{"target": 560.344473394528, "params": {"d1": 2.639256881835519, "d2": 2.2349531365412765, "i1": 1.0, "i2": 0.0, "p1": 1.613682141056895, "p2": 2.581730689682729}, "datetime": {"datetime": "2024-02-07 11:23:33", "elapsed": 630.109429, "delta": 2.093801}}
{"target": 604.6550126358867, "params": {"d1": 1.891090298575912, "d2": 1.8959862530908747, "i1": 0.4646371757918498, "i2": 0.0, "p1": 3.3225252379187395, "p2": 3.446250250606766}, "datetime": {"datetime": "2024-02-07 11:23:35", "elapsed": 632.204755, "delta": 2.095326}}
{"target": 492.0464309734292, "params": {"d1": 2.082675927925254, "d2": 5.0, "i1": 1.0, "i2": 0.0, "p1": 4.145339520239364, "p2": 4.184307355732515}, "datetime": {"datetime": "2024-02-07 11:23:37", "elapsed": 633.974917, "delta": 1.770162}}
{"target": 544.4629473489523, "params": {"d1": 1.7836881923262708, "d2": 2.840313825618897, "i1": 0.0, "i2": 0.0, "p1": 2.6151882763603798, "p2": 3.119491162568819}, "datetime": {"datetime": "2024-02-07 11:23:40", "elapsed": 636.532464, "delta": 2.557547}}
{"target": 633.6388340195641, "params": {"d1": 1.225644685486011, "d2": 0.9644042626545563, "i1": 1.0, "i2": 0.4902147895370272, "p1": 1.5397994285699341, "p2": 2.0391623419277045}, "datetime": {"datetime": "2024-02-07 11:23:43", "elapsed": 639.52432, "delta": 2.991856}}
{"target": 634.4352366678417, "params": {"d1": 1.9348226701822069, "d2": 0.9258731685242427, "i1": 0.7642092229994485, "i2": 0.5446528556688438, "p1": 1.7919485111576372, "p2": 1.064770583349683}, "datetime": {"datetime": "2024-02-07 11:23:45", "elapsed": 642.171398, "delta": 2.647078}}
{"target": 618.0650930389016, "params": {"d1": 1.756143712679681, "d2": 1.8467283307857887, "i1": 1.0, "i2": 0.0, "p1": 1.8551590919921257, "p2": 3.289747929961204}, "datetime": {"datetime": "2024-02-07 11:23:47", "elapsed": 644.082449, "delta": 1.911051}}
{"target": 614.0247130527347, "params": {"d1": 1.3388381900767683, "d2": 2.4542165246891496, "i1": 1.0, "i2": 0.6189430605425031, "p1": 1.4550528745165359, "p2": 2.585982419316669}, "datetime": {"datetime": "2024-02-07 11:23:50", "elapsed": 647.429538, "delta": 3.347089}}
{"target": 531.5789800924249, "params": {"d1": 1.7331156622716193, "d2": 2.7676026206772892, "i1": 0.0, "i2": 0.0, "p1": 2.8076586544746385, "p2": 1.9680266046155308}, "datetime": {"datetime": "2024-02-07 11:23:53", "elapsed": 649.745633, "delta": 2.316095}}
{"target": 493.0579589390755, "params": {"d1": 2.2128631940554095, "d2": 3.22219006089121, "i1": 0.0, "i2": 0.0, "p1": 4.185031274062518, "p2": 2.041912726860559}, "datetime": {"datetime": "2024-02-07 11:23:56", "elapsed": 652.726641, "delta": 2.981008}}
{"target": 630.3453399898112, "params": {"d1": 1.088541361700139, "d2": 1.864969021822693, "i1": 1.0, "i2": 1.0, "p1": 1.323034422392367, "p2": 2.6626902616130086}, "datetime": {"datetime": "2024-02-07 11:23:59", "elapsed": 655.587106, "delta": 2.860465}}
{"target": 618.8481991223991, "params": {"d1": 1.674167629211686, "d2": 1.9780064522993752, "i1": 1.0, "i2": 1.0, "p1": 3.115864401944446, "p2": 1.7457539074368735}, "datetime": {"datetime": "2024-02-07 11:24:01", "elapsed": 657.687533, "delta": 2.100427}}
{"target": 588.3108902306296, "params": {"d1": 2.3311367832452614, "d2": 2.385566882044219, "i1": 0.44242324557429036, "i2": 0.394932074694702, "p1": 2.545074143141881, "p2": 2.6093281839081626}, "datetime": {"datetime": "2024-02-07 11:24:03", "elapsed": 659.664761, "delta": 1.977228}}
{"target": 597.5767767139151, "params": {"d1": 2.1368721532259367, "d2": 1.474039900696826, "i1": 1.0, "i2": 1.0, "p1": 3.392285868059091, "p2": 2.4246025475292123}, "datetime": {"datetime": "2024-02-07 11:24:06", "elapsed": 662.476093, "delta": 2.811332}}
{"target": 636.4642031621188, "params": {"d1": 1.1174477748642069, "d2": 0.9665159512916667, "i1": 0.6648940464931925, "i2": 0.37387271835455477, "p1": 1.7537192195844484, "p2": 2.450275360022266}, "datetime": {"datetime": "2024-02-07 11:24:08", "elapsed": 664.970513, "delta": 2.49442}}
{"target": 539.2061563534662, "params": {"d1": 2.393843014682089, "d2": 4.359643745576131, "i1": 1.0, "i2": 1.0, "p1": 2.4692209237145866, "p2": 3.1660355429748166}, "datetime": {"datetime": "2024-02-07 11:24:12", "elapsed": 668.705884, "delta": 3.735371}}
{"target": 507.6461574691534, "params": {"d1": 1.3125104756897703, "d2": 4.901644827696924, "i1": 0.019311986990332985, "i2": 0.7127991182130541, "p1": 1.395576711704919, "p2": 4.9886224843469105}, "datetime": {"datetime": "2024-02-07 11:24:14", "elapsed": 671.399345, "delta": 2.693461}}
{"target": 555.0389000014216, "params": {"d1": 2.0000399604583263, "d2": 2.4450325407664493, "i1": 0.0, "i2": 1.0, "p1": 3.6844829827296093, "p2": 3.4208622334491476}, "datetime": {"datetime": "2024-02-07 11:24:17", "elapsed": 674.093234, "delta": 2.693889}}
{"target": 592.3983934948593, "params": {"d1": 1.5323216496811494, "d2": 1.325663950891763, "i1": 0.0, "i2": 0.7140178542260525, "p1": 3.547810485562566, "p2": 1.6248784886963932}, "datetime": {"datetime": "2024-02-07 11:24:19", "elapsed": 675.978539, "delta": 1.885305}}
{"target": 548.4003220583498, "params": {"d1": 1.375089839345311, "d2": 1.6801576549063755, "i1": 1.0, "i2": 1.0, "p1": 3.2742506954539676, "p2": 3.8922032489115987}, "datetime": {"datetime": "2024-02-07 11:24:21", "elapsed": 677.891151, "delta": 1.912612}}
{"target": 563.4697968450189, "params": {"d1": 2.0623047506810734, "d2": 2.4458830423619373, "i1": 0.0, "i2": 0.0, "p1": 3.1700732821287905, "p2": 2.7555277564465146}, "datetime": {"datetime": "2024-02-07 11:24:24", "elapsed": 681.015374, "delta": 3.124223}}
{"target": 561.4357951954007, "params": {"d1": 1.736285811581053, "d2": 3.3988123792992218, "i1": 1.0, "i2": 0.0, "p1": 1.5916005404748066, "p2": 4.567217973739913}, "datetime": {"datetime": "2024-02-07 11:24:27", "elapsed": 683.552499, "delta": 2.537125}}
{"target": 546.2350834995508, "params": {"d1": 1.8062213782796352, "d2": 3.398483591495726, "i1": 1.0, "i2": 0.0, "p1": 3.8351273345530124, "p2": 3.4391269978853614}, "datetime": {"datetime": "2024-02-07 11:24:29", "elapsed": 685.671268, "delta": 2.118769}}
{"target": 538.5892404297739, "params": {"d1": 3.837434272226807, "d2": 1.9738223656689058, "i1": 0.0, "i2": 1.0, "p1": 5.0, "p2": 1.6741420380270555}, "datetime": {"datetime": "2024-02-07 11:24:32", "elapsed": 688.736437, "delta": 3.065169}}
{"target": 616.1236787077039, "params": {"d1": 1.3995589986433905, "d2": 1.1143146302767934, "i1": 0.7701110342315803, "i2": 0.567233800729378, "p1": 1.9052528071942338, "p2": 2.1564404468426908}, "datetime": {"datetime": "2024-02-07 11:24:34", "elapsed": 691.239746, "delta": 2.503309}}
{"target": 267.23140907440336, "params": {"d1": 5.0, "d2": 5.0, "i1": 0.0, "i2": 0.0, "p1": 2.6878045644916737, "p2": 0.0}, "datetime": {"datetime": "2024-02-07 11:24:38", "elapsed": 695.058701, "delta": 3.818955}}
{"target": 510.23649846091865, "params": {"d1": 4.089320588115743, "d2": 2.093163479676159, "i1": 1.0, "i2": 1.0, "p1": 3.254157198169341, "p2": 3.3117072708754267}, "datetime": {"datetime": "2024-02-07 11:24:40", "elapsed": 697.437458, "delta": 2.378757}}
{"target": 503.55049519233404, "params": {"d1": 2.579024552018704, "d2": 4.2794609232899425, "i1": 0.0, "i2": 0.0, "p1": 3.6097498945870172, "p2": 3.2869887221074534}, "datetime": {"datetime": "2024-02-07 11:24:43", "elapsed": 699.640748, "delta": 2.20329}}
{"target": 511.6190220141411, "params": {"d1": 0.7596415320968811, "d2": 0.9002421486808095, "i1": 1.0, "i2": 0.0, "p1": 1.7284558374301988, "p2": 2.500497423904115}, "datetime": {"datetime": "2024-02-07 11:24:47", "elapsed": 703.562375, "delta": 3.921627}}
{"target": 510.02115889687093, "params": {"d1": 3.89947369870503, "d2": 2.244991872023807, "i1": 1.0, "i2": 1.0, "p1": 3.3034753267764163, "p2": 1.6583666152156373}, "datetime": {"datetime": "2024-02-07 11:24:49", "elapsed": 706.290369, "delta": 2.727994}}
{"target": 566.8949763800204, "params": {"d1": 2.394718816230459, "d2": 1.9512638575879846, "i1": 0.0, "i2": 1.0, "p1": 4.307334554469153, "p2": 2.5710016860215767}, "datetime": {"datetime": "2024-02-07 11:24:51", "elapsed": 708.134026, "delta": 1.843657}}
{"target": 477.2506760291755, "params": {"d1": 1.2724713808993573, "d2": 3.3783107653731865, "i1": 1.0, "i2": 0.0, "p1": 1.1521179282546956, "p2": 1.422290666038633}, "datetime": {"datetime": "2024-02-07 11:24:54", "elapsed": 710.693921, "delta": 2.559895}}
{"target": 607.6888868262246, "params": {"d1": 1.2583657760882072, "d2": 1.196886946878431, "i1": 0.34814921773555163, "i2": 0.7105716833643619, "p1": 1.6775524615850874, "p2": 3.0067807826670396}, "datetime": {"datetime": "2024-02-07 11:24:56", "elapsed": 712.824882, "delta": 2.130961}}
{"target": 532.9149393930286, "params": {"d1": 1.3815126787389345, "d2": 3.5102820734292695, "i1": 1.0, "i2": 1.0, "p1": 3.5185760926415792, "p2": 2.2912837724077497}, "datetime": {"datetime": "2024-02-07 11:24:58", "elapsed": 714.878164, "delta": 2.053282}}
{"target": 145.81502803653478, "params": {"d1": 3.6432071288482124, "d2": 0.0, "i1": 0.0, "i2": 0.0, "p1": 0.0, "p2": 3.012771239387403}, "datetime": {"datetime": "2024-02-07 11:25:01", "elapsed": 717.622898, "delta": 2.744734}}
{"target": 524.2024316856265, "params": {"d1": 3.3712127747359864, "d2": 1.7923056156943766, "i1": 1.0, "i2": 0.0, "p1": 2.6839468022913855, "p2": 3.3967678144353646}, "datetime": {"datetime": "2024-02-07 11:25:03", "elapsed": 720.359543, "delta": 2.736645}}
{"target": 515.8057534615696, "params": {"d1": 2.3990108771710204, "d2": 2.652668873538104, "i1": 1.0, "i2": 0.0, "p1": 3.8309534973023966, "p2": 2.7936564704478934}, "datetime": {"datetime": "2024-02-07 11:25:07", "elapsed": 723.745536, "delta": 3.385993}}
{"target": 588.2480310325325, "params": {"d1": 1.983327668943244, "d2": 1.2284599469400648, "i1": 0.0, "i2": 0.7797991645319, "p1": 1.4803356746068919, "p2": 1.9338412201522366}, "datetime": {"datetime": "2024-02-07 11:25:12", "elapsed": 728.753056, "delta": 5.00752}}
{"target": 557.192616846785, "params": {"d1": 1.9134972184816625, "d2": 4.311391072640169, "i1": 0.3970784134258506, "i2": 0.4821990789135218, "p1": 2.983720759339913, "p2": 5.0}, "datetime": {"datetime": "2024-02-07 11:25:14", "elapsed": 730.940272, "delta": 2.187216}}
{"target": 611.9199088834226, "params": {"d1": 1.8521624283119946, "d2": 2.4304966232397813, "i1": 1.0, "i2": 0.0, "p1": 2.4445889782226726, "p2": 3.200302378633712}, "datetime": {"datetime": "2024-02-07 11:25:16", "elapsed": 733.169677, "delta": 2.229405}}
{"target": 631.9414071279019, "params": {"d1": 1.6720732333022883, "d2": 1.4009337829515154, "i1": 1.0, "i2": 1.0, "p1": 2.844570460437559, "p2": 1.4629602832213529}, "datetime": {"datetime": "2024-02-07 11:25:19", "elapsed": 735.915014, "delta": 2.745337}}
{"target": 608.9283483377098, "params": {"d1": 1.8075562355154853, "d2": 1.9142633402883569, "i1": 1.0, "i2": 0.39745796939458294, "p1": 3.022497463131432, "p2": 3.325965761944284}, "datetime": {"datetime": "2024-02-07 11:25:21", "elapsed": 737.658372, "delta": 1.743358}}
{"target": 489.85868428446355, "params": {"d1": 2.2108505108843235, "d2": 4.0001392626095145, "i1": 1.0, "i2": 0.0, "p1": 5.0, "p2": 5.0}, "datetime": {"datetime": "2024-02-07 11:25:24", "elapsed": 741.354033, "delta": 3.695661}}
{"target": 560.2079367142916, "params": {"d1": 1.6441676409717996, "d2": 3.2843986984707314, "i1": 1.0, "i2": 0.0, "p1": 2.6978804249857573, "p2": 5.0}, "datetime": {"datetime": "2024-02-07 11:25:27", "elapsed": 743.753895, "delta": 2.399862}}
{"target": 529.0085169181227, "params": {"d1": 3.3073896926017605, "d2": 2.343703053210215, "i1": 0.0, "i2": 1.0, "p1": 5.0, "p2": 2.6993051648882314}, "datetime": {"datetime": "2024-02-07 11:25:30", "elapsed": 747.325914, "delta": 3.572019}}
{"target": 510.0021901025623, "params": {"d1": 5.0, "d2": 1.9971093747541733, "i1": 1.0, "i2": 1.0, "p1": 1.8561821808878254, "p2": 2.230443702998821}, "datetime": {"datetime": "2024-02-07 11:25:33", "elapsed": 749.577372, "delta": 2.251458}}
{"target": 568.0103791607171, "params": {"d1": 2.7198916105975126, "d2": 1.9693243634023154, "i1": 1.0, "i2": 1.0, "p1": 1.484644785040569, "p2": 3.1628964471040053}, "datetime": {"datetime": "2024-02-07 11:25:36", "elapsed": 752.602569, "delta": 3.025197}}
{"target": 521.4328177639842, "params": {"d1": 5.0, "d2": 1.7076259541852998, "i1": 1.0, "i2": 0.0, "p1": 3.997872542793735, "p2": 4.002140686643087}, "datetime": {"datetime": "2024-02-07 11:25:38", "elapsed": 755.172686, "delta": 2.570117}}
{"target": 534.8225467596948, "params": {"d1": 5.0, "d2": 1.510699313541512, "i1": 1.0, "i2": 1.0, "p1": 5.0, "p2": 3.781936076233433}, "datetime": {"datetime": "2024-02-07 11:25:42", "elapsed": 758.8555, "delta": 3.682814}}
{"target": 623.1422901371121, "params": {"d1": 1.1723697576908092, "d2": 1.0704362135225587, "i1": 1.0, "i2": 0.35510454659363894, "p1": 2.125334963626307, "p2": 1.6229839582673722}, "datetime": {"datetime": "2024-02-07 11:25:45", "elapsed": 761.863744, "delta": 3.008244}}
{"target": 621.2012863260135, "params": {"d1": 1.2991332422779585, "d2": 2.033913183811442, "i1": 0.6119751171964286, "i2": 0.33446690300828125, "p1": 2.0926449903902293, "p2": 3.378119498345404}, "datetime": {"datetime": "2024-02-07 11:25:48", "elapsed": 764.521744, "delta": 2.658}}
{"target": 601.9570649180002, "params": {"d1": 2.073082527088887, "d2": 2.1125292529656154, "i1": 1.0, "i2": 1.0, "p1": 3.2072966318753244, "p2": 2.8363978895449358}, "datetime": {"datetime": "2024-02-07 11:25:50", "elapsed": 766.743188, "delta": 2.221444}}
{"target": 595.3362430853397, "params": {"d1": 1.7727065312967492, "d2": 1.6144796656164708, "i1": 1.0, "i2": 0.0, "p1": 3.5229086832470653, "p2": 2.5810819115602937}, "datetime": {"datetime": "2024-02-07 11:25:52", "elapsed": 768.851214, "delta": 2.108026}}
{"target": 369.53621983170507, "params": {"d1": 0.7052495343897374, "d2": 5.0, "i1": 1.0, "i2": 0.0, "p1": 3.00523745138589, "p2": 5.0}, "datetime": {"datetime": "2024-02-07 11:25:55", "elapsed": 771.834631, "delta": 2.983417}}
{"target": 432.31525153625756, "params": {"d1": 5.0, "d2": 3.651418720424767, "i1": 0.0, "i2": 0.0, "p1": 1.6629349164095315, "p2": 5.0}, "datetime": {"datetime": "2024-02-07 11:25:59", "elapsed": 775.609202, "delta": 3.774571}}
{"target": 613.3155875688791, "params": {"d1": 1.2424647679097158, "d2": 1.8792373708228627, "i1": 0.389389121130958, "i2": 0.5158836756320757, "p1": 1.323855169209446, "p2": 2.5997581578269147}, "datetime": {"datetime": "2024-02-07 11:26:02", "elapsed": 779.373503, "delta": 3.764301}}
{"target": 657.8156168558075, "params": {"d1": 1.249744860408501, "d2": 1.1457248183888127, "i1": 1.0, "i2": 0.5148859889348956, "p1": 1.6066038659577346, "p2": 2.6046806858015175}, "datetime": {"datetime": "2024-02-07 11:26:05", "elapsed": 781.646842, "delta": 2.273339}}
{"target": 544.8559742859006, "params": {"d1": 1.8423130524321218, "d2": 2.021160756688235, "i1": 0.0, "i2": 1.0, "p1": 1.9643237193379057, "p2": 4.004723010761999}, "datetime": {"datetime": "2024-02-07 11:26:07", "elapsed": 784.081302, "delta": 2.43446}}
{"target": 589.2769551575184, "params": {"d1": 0.9120273619796742, "d2": 1.355207393054881, "i1": 0.0077703644581665985, "i2": 1.0, "p1": 1.6787450030724886, "p2": 2.6794518757156114}, "datetime": {"datetime": "2024-02-07 11:26:09", "elapsed": 786.235398, "delta": 2.154096}}
{"target": 462.84508077144625, "params": {"d1": 1.7387275047014144, "d2": 3.7722528762053513, "i1": 1.0, "i2": 0.0, "p1": 3.2854251224159774, "p2": 1.549310293901791}, "datetime": {"datetime": "2024-02-07 11:26:12", "elapsed": 788.716723, "delta": 2.481325}}
{"target": 639.4544761817157, "params": {"d1": 1.464525301712364, "d2": 2.1321138666245814, "i1": 1.0, "i2": 1.0, "p1": 2.1007419795364517, "p2": 3.2147228109179844}, "datetime": {"datetime": "2024-02-07 11:26:15", "elapsed": 791.648078, "delta": 2.931355}}
{"target": 613.8745106417686, "params": {"d1": 1.6747575610820489, "d2": 1.5015119133487198, "i1": 0.2138121804619715, "i2": 0.5606581394552054, "p1": 3.5833347389351453, "p2": 2.6623569642320573}, "datetime": {"datetime": "2024-02-07 11:26:18", "elapsed": 795.347066, "delta": 3.698988}}
{"target": 633.8692862755247, "params": {"d1": 1.8052127106753721, "d2": 1.7446654957309076, "i1": 1.0, "i2": 1.0, "p1": 2.8132196266959246, "p2": 2.2763174676154962}, "datetime": {"datetime": "2024-02-07 11:26:21", "elapsed": 797.744272, "delta": 2.397206}}
{"target": 537.9741278536245, "params": {"d1": 1.625935154699907, "d2": 3.813924012586331, "i1": 0.0, "i2": 0.0, "p1": 3.6932168192759725, "p2": 4.347925918211918}, "datetime": {"datetime": "2024-02-07 11:26:23", "elapsed": 800.05335, "delta": 2.309078}}
{"target": 583.822620651275, "params": {"d1": 1.5045425604970835, "d2": 1.54848423705501, "i1": 0.0, "i2": 1.0, "p1": 3.8273218477629802, "p2": 3.3243234738417264}, "datetime": {"datetime": "2024-02-07 11:26:25", "elapsed": 802.250094, "delta": 2.196744}}
