{"target": 612.1317866548151, "params": {"d1": 1.4813724896911125, "d2": 1.6444806262700729, "i1": 1.0, "i2": 0.5158365891842759, "p1": 2.4634808808677073, "p2": 2.7700001160666505}, "datetime": {"datetime": "2024-02-07 11:36:17", "elapsed": 1393.734357, "delta": 3.241711}}
{"target": 540.8525376277416, "params": {"d1": 0.6954007440853655, "d2": 1.1232521575920358, "i1": 0.7694916256095541, "i2": 0.9568753229943228, "p1": 1.372052812657592, "p2": 1.970388278290105}, "datetime": {"datetime": "2024-02-07 11:36:21", "elapsed": 1398.187261, "delta": 4.452904}}
{"target": 639.2649413971603, "params": {"d1": 1.1975126220359718, "d2": 1.414037776263285, "i1": 0.2632431486535324, "i2": 0.7388592563034198, "p1": 1.2701440394890817, "p2": 1.4113752333399598}, "datetime": {"datetime": "2024-02-07 11:36:25", "elapsed": 1402.138905, "delta": 3.951644}}
{"target": 606.4353108555451, "params": {"d1": 1.0268771998367587, "d2": 0.8741511744062125, "i1": 0.3073361048028218, "i2": 0.7128644914572939, "p1": 0.8439871772922719, "p2": 1.8963362041153387}, "datetime": {"datetime": "2024-02-07 11:36:29", "elapsed": 1405.478914, "delta": 3.340009}}
{"target": 592.0075943722576, "params": {"d1": 2.0945126064731543, "d2": 1.167520488969962, "i1": 0.48323474982519565, "i2": 1.0, "p1": 4.25351830083662, "p2": 1.6648672102468411}, "datetime": {"datetime": "2024-02-07 11:36:33", "elapsed": 1409.529321, "delta": 4.050407}}
{"target": 658.386132469438, "params": {"d1": 1.1626465233481278, "d2": 1.2753869629432686, "i1": 0.4595781538864419, "i2": 1.0, "p1": 1.215217995209902, "p2": 1.7229783382213462}, "datetime": {"datetime": "2024-02-07 11:36:37", "elapsed": 1413.695061, "delta": 4.16574}}
{"target": 475.4552268821746, "params": {"d1": 1.4107085117766829, "d2": 0.7803578054144973, "i1": 0.0, "i2": 1.0, "p1": 4.131693421038301, "p2": 1.7702489326675779}, "datetime": {"datetime": "2024-02-07 11:36:41", "elapsed": 1418.124306, "delta": 4.429245}}
{"target": 456.5572224903852, "params": {"d1": 3.5133755621131844, "d2": 2.857689797312221, "i1": 0.0, "i2": 1.0, "p1": 1.7475623775946847, "p2": 3.62027594488913}, "datetime": {"datetime": "2024-02-07 11:36:45", "elapsed": 1421.472718, "delta": 3.348412}}
{"target": 634.881918695122, "params": {"d1": 1.1286559241938625, "d2": 1.1914736670557318, "i1": 0.4900000611385165, "i2": 0.5274058087217671, "p1": 1.165641586763587, "p2": 1.7615442207639114}, "datetime": {"datetime": "2024-02-07 11:36:52", "elapsed": 1429.356691, "delta": 7.883973}}
{"target": 591.2902433745563, "params": {"d1": 1.9399647684084689, "d2": 1.2236300763698944, "i1": 0.47157525509774345, "i2": 1.0, "p1": 3.8640803323533346, "p2": 2.89306708947801}, "datetime": {"datetime": "2024-02-07 11:36:58", "elapsed": 1434.534955, "delta": 5.178264}}
{"target": 612.7074733578414, "params": {"d1": 1.1508845830037129, "d2": 1.6726061576064923, "i1": 1.0, "i2": 1.0, "p1": 2.344368188473521, "p2": 2.96907653829741}, "datetime": {"datetime": "2024-02-07 11:37:01", "elapsed": 1438.293253, "delta": 3.758298}}
{"target": 499.6709646396339, "params": {"d1": 2.087858096574508, "d2": 2.884158709133642, "i1": 0.0, "i2": 1.0, "p1": 1.3002483476080278, "p2": 1.7715172704369688}, "datetime": {"datetime": "2024-02-07 11:37:05", "elapsed": 1441.685231, "delta": 3.391978}}
{"target": 515.8073554417118, "params": {"d1": 2.7775299282938266, "d2": 2.7323197099773795, "i1": 0.0, "i2": 0.0, "p1": 3.8794590538604554, "p2": 5.0}, "datetime": {"datetime": "2024-02-07 11:37:08", "elapsed": 1444.962638, "delta": 3.277407}}
{"target": 615.1996012126655, "params": {"d1": 0.9407140583139308, "d2": 1.5225517003462394, "i1": 0.4640696276708947, "i2": 0.0, "p1": 1.082170470089939, "p2": 2.4478909846968016}, "datetime": {"datetime": "2024-02-07 11:37:13", "elapsed": 1450.181638, "delta": 5.219}}
{"target": 642.2576565659047, "params": {"d1": 0.980176145754532, "d2": 1.461531038626904, "i1": 0.648351480849436, "i2": 0.0, "p1": 1.2616496310136422, "p2": 1.9484384181085848}, "datetime": {"datetime": "2024-02-07 11:37:16", "elapsed": 1453.264614, "delta": 3.082976}}
{"target": 470.7675585605949, "params": {"d1": 3.3794112683358164, "d2": 2.668385158966011, "i1": 1.0, "i2": 1.0, "p1": 3.0166294072590705, "p2": 5.0}, "datetime": {"datetime": "2024-02-07 11:37:19", "elapsed": 1456.164651, "delta": 2.900037}}
{"target": 609.6358137597703, "params": {"d1": 1.0370397149938708, "d2": 1.5834763419480014, "i1": 0.44414833164708534, "i2": 1.0, "p1": 1.56934750686087, "p2": 1.4201354311104546}, "datetime": {"datetime": "2024-02-07 11:37:25", "elapsed": 1461.805551, "delta": 5.6409}}
{"target": 299.498274679631, "params": {"d1": 5.0, "d2": 2.145541227097135, "i1": 0.0, "i2": 0.0, "p1": 0.0, "p2": 5.0}, "datetime": {"datetime": "2024-02-07 11:37:31", "elapsed": 1467.806009, "delta": 6.000458}}
{"target": 635.1384276773781, "params": {"d1": 1.1421678731737057, "d2": 1.8058246471586201, "i1": 1.0, "i2": 0.40779635779198864, "p1": 1.5682439839571785, "p2": 3.5096502603269966}, "datetime": {"datetime": "2024-02-07 11:37:35", "elapsed": 1472.081169, "delta": 4.27516}}
{"target": 534.6635203580558, "params": {"d1": 1.449575188789397, "d2": 2.644141960343153, "i1": 0.0, "i2": 1.0, "p1": 3.111255264726272, "p2": 1.0757240425961934}, "datetime": {"datetime": "2024-02-07 11:37:40", "elapsed": 1476.7443, "delta": 4.663131}}
{"target": 210.912240234036, "params": {"d1": 2.266161472954438, "d2": 5.0, "i1": 1.0, "i2": 0.0, "p1": 0.0, "p2": 0.0}, "datetime": {"datetime": "2024-02-07 11:37:45", "elapsed": 1482.429677, "delta": 5.685377}}
{"target": 550.7325907396526, "params": {"d1": 1.9917097598718017, "d2": 2.58776527518438, "i1": 0.6655469946613087, "i2": 0.45000443710701066, "p1": 3.1978514693209106, "p2": 3.448965610587884}, "datetime": {"datetime": "2024-02-07 11:37:50", "elapsed": 1487.016128, "delta": 4.586451}}
{"target": 531.8970862992107, "params": {"d1": 1.425685961098385, "d2": 3.8966279011827982, "i1": 1.0, "i2": 1.0, "p1": 3.3159285679233417, "p2": 4.463420484178559}, "datetime": {"datetime": "2024-02-07 11:37:55", "elapsed": 1491.668381, "delta": 4.652253}}
{"target": 648.5129797078669, "params": {"d1": 1.8212342336183092, "d2": 1.0860025416263674, "i1": 0.9499736294387937, "i2": 0.23176111978333414, "p1": 1.7438680573272376, "p2": 1.649724137720524}, "datetime": {"datetime": "2024-02-07 11:38:00", "elapsed": 1496.967691, "delta": 5.29931}}
{"target": 609.2945778180659, "params": {"d1": 1.880074649315904, "d2": 2.300652728358202, "i1": 1.0, "i2": 0.5604307512660772, "p1": 2.889190531805435, "p2": 2.57075532537573}, "datetime": {"datetime": "2024-02-07 11:38:03", "elapsed": 1500.252273, "delta": 3.284582}}
{"target": 645.3191863681003, "params": {"d1": 0.9770356584361556, "d2": 1.0512223434132018, "i1": 0.4150514535226345, "i2": 0.4942279722884403, "p1": 1.194568288716118, "p2": 2.5563037145966123}, "datetime": {"datetime": "2024-02-07 11:38:09", "elapsed": 1506.440002, "delta": 6.187729}}
{"target": 502.89079204373064, "params": {"d1": 3.851112190926637, "d2": 3.7703222670040315, "i1": 0.0, "i2": 1.0, "p1": 5.0, "p2": 4.094705181109177}, "datetime": {"datetime": "2024-02-07 11:38:13", "elapsed": 1509.606529, "delta": 3.166527}}
{"target": 515.8806373091043, "params": {"d1": 1.4645144269117532, "d2": 4.072877847492844, "i1": 0.0, "i2": 0.0, "p1": 3.7730588077922396, "p2": 3.030398648702744}, "datetime": {"datetime": "2024-02-07 11:38:18", "elapsed": 1514.548393, "delta": 4.941864}}
{"target": 545.8938232891262, "params": {"d1": 4.309113465203934, "d2": 1.5110583795308905, "i1": 0.0, "i2": 1.0, "p1": 4.2185527679347565, "p2": 3.0954416371453344}, "datetime": {"datetime": "2024-02-07 11:38:21", "elapsed": 1517.692179, "delta": 3.143786}}
{"target": 651.3546566036716, "params": {"d1": 1.254739498541649, "d2": 1.2415118012158877, "i1": 1.0, "i2": 0.2068039132741312, "p1": 1.6865089544251437, "p2": 3.015285756964757}, "datetime": {"datetime": "2024-02-07 11:38:28", "elapsed": 1525.17231, "delta": 7.480131}}
{"target": 650.7735284207761, "params": {"d1": 1.7422507163864547, "d2": 1.1840823098351503, "i1": 1.0, "i2": 1.0, "p1": 2.097772800420661, "p2": 1.8283151399672204}, "datetime": {"datetime": "2024-02-07 11:38:31", "elapsed": 1528.160029, "delta": 2.987719}}
{"target": 469.940031218119, "params": {"d1": 5.0, "d2": 5.0, "i1": 0.0, "i2": 1.0, "p1": 4.0628493402109935, "p2": 5.0}, "datetime": {"datetime": "2024-02-07 11:38:35", "elapsed": 1532.357431, "delta": 4.197402}}
{"target": 279.99148300543425, "params": {"d1": 5.0, "d2": 5.0, "i1": 0.0, "i2": 0.0, "p1": 0.0, "p2": 2.7547060483158052}, "datetime": {"datetime": "2024-02-07 11:38:40", "elapsed": 1536.529742, "delta": 4.172311}}
{"target": 535.3444435591996, "params": {"d1": 1.5425707943693916, "d2": 1.7314345348193285, "i1": 0.0, "i2": 1.0, "p1": 1.1830072082931924, "p2": 1.2900132821383499}, "datetime": {"datetime": "2024-02-07 11:38:43", "elapsed": 1540.012625, "delta": 3.482883}}
{"target": 522.157316619046, "params": {"d1": 5.0, "d2": 1.985909663119609, "i1": 1.0, "i2": 0.0, "p1": 2.77991732138846, "p2": 3.089985155051303}, "datetime": {"datetime": "2024-02-07 11:38:49", "elapsed": 1546.203422, "delta": 6.190797}}
{"target": 567.8010257633775, "params": {"d1": 1.6281215190412663, "d2": 4.2853517746573555, "i1": 0.7688250498576359, "i2": 0.41760880282239604, "p1": 2.0394232096805265, "p2": 5.0}, "datetime": {"datetime": "2024-02-07 11:38:54", "elapsed": 1551.076048, "delta": 4.872626}}
{"target": 577.884057938531, "params": {"d1": 2.384650860082171, "d2": 2.133822063586928, "i1": 0.0, "i2": 0.41958278921158226, "p1": 3.402081713099785, "p2": 1.7015525727569376}, "datetime": {"datetime": "2024-02-07 11:39:01", "elapsed": 1557.615765, "delta": 6.539717}}
{"target": 553.4759334108978, "params": {"d1": 2.8635084450192037, "d2": 1.7036336734776414, "i1": 0.0, "i2": 1.0, "p1": 3.939647965529473, "p2": 3.712057114573508}, "datetime": {"datetime": "2024-02-07 11:39:05", "elapsed": 1561.683255, "delta": 4.06749}}
{"target": 654.2359606128931, "params": {"d1": 0.974040998987048, "d2": 1.2318033950785456, "i1": 0.26950219965042166, "i2": 0.8621611358667562, "p1": 1.4387877802621323, "p2": 1.7911462155593882}, "datetime": {"datetime": "2024-02-07 11:39:10", "elapsed": 1567.266468, "delta": 5.583213}}
{"target": 535.9827516528964, "params": {"d1": 5.0, "d2": 1.4880690572957107, "i1": 0.0, "i2": 0.0, "p1": 5.0, "p2": 2.355613427635498}, "datetime": {"datetime": "2024-02-07 11:39:14", "elapsed": 1570.898111, "delta": 3.631643}}
{"target": 624.0537076014281, "params": {"d1": 1.150622285180802, "d2": 1.370724517129222, "i1": 1.0, "i2": 1.0, "p1": 1.4630715351190322, "p2": 2.736653510170146}, "datetime": {"datetime": "2024-02-07 11:39:18", "elapsed": 1574.559448, "delta": 3.661337}}
{"target": 573.4821849484741, "params": {"d1": 2.587727459098947, "d2": 1.9234562566831248, "i1": 0.0, "i2": 0.5324746432430055, "p1": 2.9111527102154615, "p2": 3.24777020798536}, "datetime": {"datetime": "2024-02-07 11:39:21", "elapsed": 1577.744595, "delta": 3.185147}}
{"target": 565.2154069630056, "params": {"d1": 2.512120231145259, "d2": 1.6023038161391965, "i1": 1.0, "i2": 1.0, "p1": 0.9099494175542386, "p2": 2.4970250692828033}, "datetime": {"datetime": "2024-02-07 11:39:26", "elapsed": 1583.237439, "delta": 5.492844}}
{"target": 528.3652506186813, "params": {"d1": 1.364756393855859, "d2": 4.125118747169299, "i1": 0.3739417455527465, "i2": 0.0, "p1": 2.024028817119838, "p2": 3.0341535514326834}, "datetime": {"datetime": "2024-02-07 11:39:30", "elapsed": 1586.670487, "delta": 3.433048}}
{"target": 571.1835857328027, "params": {"d1": 3.3609591975538895, "d2": 1.5229161219135474, "i1": 1.0, "i2": 1.0, "p1": 4.652743091376406, "p2": 2.302784330675071}, "datetime": {"datetime": "2024-02-07 11:39:33", "elapsed": 1590.066297, "delta": 3.39581}}
{"target": 642.474589740187, "params": {"d1": 1.1352379584002532, "d2": 1.244096469881842, "i1": 0.544190898267615, "i2": 1.0, "p1": 1.5243683457443287, "p2": 1.737486006199417}, "datetime": {"datetime": "2024-02-07 11:39:38", "elapsed": 1594.797629, "delta": 4.731332}}
{"target": 578.6507954005897, "params": {"d1": 1.9803112835587124, "d2": 2.327270985800682, "i1": 0.0, "i2": 0.48611388033392444, "p1": 2.2785154885431482, "p2": 3.114086248281187}, "datetime": {"datetime": "2024-02-07 11:39:44", "elapsed": 1601.267481, "delta": 6.469852}}
{"target": 644.7057253924758, "params": {"d1": 1.0197903165084328, "d2": 1.3528498415346635, "i1": 0.31169942136903694, "i2": 0.8143782885891376, "p1": 0.9983306098359518, "p2": 1.8312505939457224}, "datetime": {"datetime": "2024-02-07 11:39:49", "elapsed": 1605.641905, "delta": 4.374424}}
{"target": 403.3931714299321, "params": {"d1": 1.3362072388336943, "d2": 3.606743688280364, "i1": 1.0, "i2": 0.0, "p1": 5.0, "p2": 3.6089875652841017}, "datetime": {"datetime": "2024-02-07 11:39:52", "elapsed": 1609.41546, "delta": 3.773555}}
{"target": 617.3319492155314, "params": {"d1": 1.1070117532068884, "d2": 1.0827909146154817, "i1": 0.23374317285128343, "i2": 0.7248276276594818, "p1": 1.05216701405772, "p2": 2.2859287401702373}, "datetime": {"datetime": "2024-02-07 11:39:58", "elapsed": 1614.658066, "delta": 5.242606}}
{"target": 648.8740214268863, "params": {"d1": 0.8888469755135496, "d2": 1.1644073596607527, "i1": 0.06705044094760075, "i2": 1.0, "p1": 1.0576993857322572, "p2": 1.544942695398174}, "datetime": {"datetime": "2024-02-07 11:40:02", "elapsed": 1618.975068, "delta": 4.317002}}
{"target": 480.95831022873523, "params": {"d1": 3.6633852515317287, "d2": 5.0, "i1": 1.0, "i2": 0.0, "p1": 2.0364011867074026, "p2": 5.0}, "datetime": {"datetime": "2024-02-07 11:40:07", "elapsed": 1624.22238, "delta": 5.247312}}
{"target": 463.54777166374026, "params": {"d1": 5.0, "d2": 2.6356570615906945, "i1": 0.0, "i2": 1.0, "p1": 3.0805360058625704, "p2": 1.5844187957580609}, "datetime": {"datetime": "2024-02-07 11:40:11", "elapsed": 1628.257989, "delta": 4.035609}}
{"target": 654.4766957460344, "params": {"d1": 1.795640592833392, "d2": 1.2270096394202679, "i1": 0.722378317067129, "i2": 1.0, "p1": 2.087552706711536, "p2": 1.564663523640998}, "datetime": {"datetime": "2024-02-07 11:40:19", "elapsed": 1636.33551, "delta": 8.077521}}
{"target": 520.2561773248017, "params": {"d1": 2.4958859911258098, "d2": 3.5489864724179094, "i1": 0.0, "i2": 1.0, "p1": 3.3956175550606056, "p2": 5.0}, "datetime": {"datetime": "2024-02-07 11:40:23", "elapsed": 1639.472692, "delta": 3.137182}}
{"target": 658.8293156800232, "params": {"d1": 1.1363238297349916, "d2": 1.145979081105037, "i1": 0.13606778057288174, "i2": 1.0, "p1": 1.1560021102606208, "p2": 1.7640106211906614}, "datetime": {"datetime": "2024-02-07 11:40:30", "elapsed": 1647.367129, "delta": 7.894437}}
{"target": 493.30784478880463, "params": {"d1": 2.6695737342036954, "d2": 3.708645303240358, "i1": 1.0, "i2": 1.0, "p1": 4.274892632412308, "p2": 5.0}, "datetime": {"datetime": "2024-02-07 11:40:37", "elapsed": 1653.771849, "delta": 6.40472}}
{"target": 638.140050729895, "params": {"d1": 1.7380361330989298, "d2": 1.6069831154027336, "i1": 0.3681401756610464, "i2": 1.0, "p1": 3.9702902301615275, "p2": 1.7604035023514484}, "datetime": {"datetime": "2024-02-07 11:40:42", "elapsed": 1658.554827, "delta": 4.782978}}
{"target": 650.7799243405461, "params": {"d1": 1.8251700294432074, "d2": 1.3822469004929614, "i1": 0.32649050579795014, "i2": 1.0, "p1": 2.4626689194952274, "p2": 2.000623690332812}, "datetime": {"datetime": "2024-02-07 11:40:47", "elapsed": 1663.998518, "delta": 5.443691}}
{"target": 632.9020638054609, "params": {"d1": 2.2145244284934016, "d2": 1.915140780294353, "i1": 0.30624746164041344, "i2": 1.0, "p1": 2.777515987467425, "p2": 1.758278633481078}, "datetime": {"datetime": "2024-02-07 11:40:51", "elapsed": 1667.612395, "delta": 3.613877}}
{"target": 462.7574014186859, "params": {"d1": 1.6199974678727045, "d2": 5.0, "i1": 0.0, "i2": 1.0, "p1": 2.1661288717953533, "p2": 1.166154958850056}, "datetime": {"datetime": "2024-02-07 11:40:56", "elapsed": 1673.346862, "delta": 5.734467}}
{"target": -128.4684527951479, "params": {"d1": 0.0, "d2": 0.0, "i1": 0.0, "i2": 1.0, "p1": 0.0, "p2": 0.0}, "datetime": {"datetime": "2024-02-07 11:41:01", "elapsed": 1678.310852, "delta": 4.96399}}
{"target": 491.61210900887846, "params": {"d1": 2.3178579820362577, "d2": 3.2965582745161144, "i1": 0.0, "i2": 0.0, "p1": 1.6087024589685934, "p2": 5.0}, "datetime": {"datetime": "2024-02-07 11:41:06", "elapsed": 1683.177965, "delta": 4.867113}}
{"target": 678.2046823799983, "params": {"d1": 1.6340661507789462, "d2": 1.6542624429828106, "i1": 0.1379236245972747, "i2": 1.0, "p1": 2.809941776620701, "p2": 1.6326170740096646}, "datetime": {"datetime": "2024-02-07 11:41:11", "elapsed": 1687.515506, "delta": 4.337541}}
{"target": 635.7384365688264, "params": {"d1": 1.10806244245626, "d2": 2.1612801955092036, "i1": 0.6567924886577348, "i2": 1.0, "p1": 1.4883755156238663, "p2": 2.5443759390345257}, "datetime": {"datetime": "2024-02-07 11:41:16", "elapsed": 1693.456273, "delta": 5.940767}}
{"target": 613.2862314838171, "params": {"d1": 1.7552682872410434, "d2": 1.5358597958226206, "i1": 0.3389922669778168, "i2": 0.5972747217579446, "p1": 3.030626758909707, "p2": 1.8047117522219602}, "datetime": {"datetime": "2024-02-07 11:41:20", "elapsed": 1696.88596, "delta": 3.429687}}
{"target": 469.24588461790233, "params": {"d1": 1.6041329967655247, "d2": 5.0, "i1": 0.0, "i2": 1.0, "p1": 5.0, "p2": 5.0}, "datetime": {"datetime": "2024-02-07 11:41:27", "elapsed": 1704.105773, "delta": 7.219813}}
{"target": 672.141099685356, "params": {"d1": 1.5376767535222007, "d2": 1.0099918264248842, "i1": 1.0, "i2": 0.1837626473801847, "p1": 1.8812623171422804, "p2": 1.6406767393676271}, "datetime": {"datetime": "2024-02-07 11:41:32", "elapsed": 1708.755843, "delta": 4.65007}}
{"target": 434.45648359045384, "params": {"d1": 3.7963467052345665, "d2": 5.0, "i1": 0.0, "i2": 1.0, "p1": 1.4863135671579293, "p2": 5.0}, "datetime": {"datetime": "2024-02-07 11:41:37", "elapsed": 1714.028909, "delta": 5.273066}}
{"target": 491.31046405866743, "params": {"d1": 5.0, "d2": 3.252153805382554, "i1": 0.0, "i2": 1.0, "p1": 3.883453880651196, "p2": 4.2202177366095075}, "datetime": {"datetime": "2024-02-07 11:41:40", "elapsed": 1717.390606, "delta": 3.361697}}
{"target": 599.7392151077091, "params": {"d1": 1.3013383676573138, "d2": 2.036459287139562, "i1": 0.05695901060689457, "i2": 0.8443150278148268, "p1": 2.728799794368146, "p2": 1.6140523904297193}, "datetime": {"datetime": "2024-02-07 11:41:46", "elapsed": 1722.735024, "delta": 5.344418}}
{"target": 301.8807495057583, "params": {"d1": 0.0, "d2": 2.713517670956353, "i1": 0.0, "i2": 0.0, "p1": 5.0, "p2": 1.6359184147989685}, "datetime": {"datetime": "2024-02-07 11:41:51", "elapsed": 1727.700351, "delta": 4.965327}}
{"target": 578.1934863514825, "params": {"d1": 1.6103222633203893, "d2": 1.294276620830704, "i1": 0.2890110300433964, "i2": 1.0, "p1": 3.1432868648912886, "p2": 3.2345225273106344}, "datetime": {"datetime": "2024-02-07 11:41:58", "elapsed": 1734.831852, "delta": 7.131501}}
{"target": 580.323186005801, "params": {"d1": 3.3078231328328163, "d2": 1.423739518152945, "i1": 0.4904607837456407, "i2": 1.0, "p1": 3.314545340204909, "p2": 1.9949028306702878}, "datetime": {"datetime": "2024-02-07 11:42:01", "elapsed": 1738.351529, "delta": 3.519677}}
{"target": 612.2107097646594, "params": {"d1": 1.6017529135543946, "d2": 1.531766309846362, "i1": 1.0, "i2": 1.0, "p1": 3.527588176721189, "p2": 2.1457069097898946}, "datetime": {"datetime": "2024-02-07 11:42:06", "elapsed": 1742.905029, "delta": 4.5535}}
{"target": 588.1508361524343, "params": {"d1": 1.8060268780366335, "d2": 1.8845005623285218, "i1": 0.0, "i2": 1.0, "p1": 2.6676346162576903, "p2": 1.5390470862744525}, "datetime": {"datetime": "2024-02-07 11:42:09", "elapsed": 1746.211142, "delta": 3.306113}}
{"target": 583.5316512796282, "params": {"d1": 2.371960154589157, "d2": 1.9177137472873966, "i1": 0.4874901358373286, "i2": 1.0, "p1": 2.989485265624581, "p2": 2.195275685058408}, "datetime": {"datetime": "2024-02-07 11:42:13", "elapsed": 1749.998298, "delta": 3.787156}}
{"target": 620.8672826823592, "params": {"d1": 2.0657615026258256, "d2": 1.3245536703772633, "i1": 0.3711159409740287, "i2": 1.0, "p1": 3.7956424112455296, "p2": 1.9656674363568916}, "datetime": {"datetime": "2024-02-07 11:42:18", "elapsed": 1754.828303, "delta": 4.830005}}
{"target": 614.6419348660856, "params": {"d1": 1.3189988960253627, "d2": 1.4217332601707735, "i1": 0.0, "i2": 1.0, "p1": 2.89146033600814, "p2": 1.6264223443102603}, "datetime": {"datetime": "2024-02-07 11:42:21", "elapsed": 1758.064364, "delta": 3.236061}}
{"target": 653.5331585098058, "params": {"d1": 1.7034811387509325, "d2": 1.500395008943186, "i1": 0.24584310670223466, "i2": 1.0, "p1": 2.8844875940881214, "p2": 1.7485634824112863}, "datetime": {"datetime": "2024-02-07 11:42:27", "elapsed": 1763.522479, "delta": 5.458115}}
{"target": 639.5544065366686, "params": {"d1": 1.0773570077854755, "d2": 1.1962764840878894, "i1": 0.5452351250800888, "i2": 0.30276170889987836, "p1": 1.526516961078217, "p2": 2.7750664545522383}, "datetime": {"datetime": "2024-02-07 11:42:34", "elapsed": 1770.636272, "delta": 7.113793}}
{"target": 526.7213234381005, "params": {"d1": 2.395092653659472, "d2": 1.856756905495539, "i1": 0.0, "i2": 0.0, "p1": 5.0, "p2": 4.136156089796631}, "datetime": {"datetime": "2024-02-07 11:42:41", "elapsed": 1777.725563, "delta": 7.089291}}
{"target": 564.3659318063408, "params": {"d1": 1.3823896072341033, "d2": 4.454993522643514, "i1": 1.0, "i2": 1.0, "p1": 2.2507141391795225, "p2": 4.10650114744688}, "datetime": {"datetime": "2024-02-07 11:42:46", "elapsed": 1783.406182, "delta": 5.680619}}
{"target": 468.91121387384834, "params": {"d1": 1.7398596730583018, "d2": 2.7300544492839105, "i1": 0.48567918595335735, "i2": 1.0, "p1": 2.1052326687184424, "p2": 0.3750615175848699}, "datetime": {"datetime": "2024-02-07 11:42:50", "elapsed": 1787.290844, "delta": 3.884662}}
