{"target": 481.1666292154416, "params": {"d1": 5.0, "d2": 2.572341320676128, "i1": 0.0, "i2": 0.0, "p1": 2.727540778599776, "p2": 3.506603139396255}, "datetime": {"datetime": "2024-02-07 11:58:44", "elapsed": 2741.098306, "delta": 11.230792}}
{"target": 640.8943389212341, "params": {"d1": 1.9610618767094645, "d2": 1.5344952783826928, "i1": 1.0, "i2": 0.6111958232201368, "p1": 2.92431945329504, "p2": 1.801088409420521}, "datetime": {"datetime": "2024-02-07 11:58:50", "elapsed": 2747.336111, "delta": 6.237805}}
{"target": 552.1180626705661, "params": {"d1": 2.228147949128463, "d2": 1.86836382562398, "i1": 0.42671239523928983, "i2": 0.0, "p1": 4.321676378032259, "p2": 2.8768809347563975}, "datetime": {"datetime": "2024-02-07 11:58:55", "elapsed": 2751.87376, "delta": 4.537649}}
{"target": 650.2273266765475, "params": {"d1": 1.917623912206449, "d2": 1.2705649363520015, "i1": 0.8449999660616813, "i2": 1.0, "p1": 1.898027798679189, "p2": 1.5679846878401291}, "datetime": {"datetime": "2024-02-07 11:59:04", "elapsed": 2761.23091, "delta": 9.35715}}
{"target": 567.6716893485188, "params": {"d1": 1.3227002002635284, "d2": 1.597938178130421, "i1": 0.0, "i2": 0.0, "p1": 3.536187146384105, "p2": 3.971819621316384}, "datetime": {"datetime": "2024-02-07 11:59:11", "elapsed": 2767.831757, "delta": 6.600847}}
{"target": 482.7778915506974, "params": {"d1": 1.3397604001799692, "d2": 1.8783784986331167, "i1": 0.0, "i2": 0.0, "p1": 1.225378377979176, "p2": 5.0}, "datetime": {"datetime": "2024-02-07 11:59:20", "elapsed": 2777.193014, "delta": 9.361257}}
{"target": 613.3369152528793, "params": {"d1": 2.42113122245448, "d2": 1.0736070451363031, "i1": 1.0, "i2": 0.6191935282965316, "p1": 2.5502273011497176, "p2": 1.2996573257181552}, "datetime": {"datetime": "2024-02-07 11:59:24", "elapsed": 2781.145654, "delta": 3.95264}}
{"target": 293.91493881747124, "params": {"d1": 2.326457096961487, "d2": 5.0, "i1": 0.0, "i2": 1.0, "p1": 0.0, "p2": 2.4896743811437316}, "datetime": {"datetime": "2024-02-07 11:59:31", "elapsed": 2788.137213, "delta": 6.991559}}
{"target": 551.1204081065208, "params": {"d1": 1.1568432226011494, "d2": 3.479959416066369, "i1": 1.0, "i2": 1.0, "p1": 1.5697786440465653, "p2": 2.589655127697754}, "datetime": {"datetime": "2024-02-07 11:59:35", "elapsed": 2792.29262, "delta": 4.155407}}
{"target": 579.756675472334, "params": {"d1": 2.2149589958943383, "d2": 0.9222058379630593, "i1": 0.0, "i2": 1.0, "p1": 2.2356212492986223, "p2": 1.5084365826948907}, "datetime": {"datetime": "2024-02-07 11:59:45", "elapsed": 2801.922163, "delta": 9.629543}}
{"target": 581.7016860684007, "params": {"d1": 1.1900479536987405, "d2": 2.9763525449989388, "i1": 1.0, "i2": 0.0, "p1": 2.2735682841294307, "p2": 2.7151466223204257}, "datetime": {"datetime": "2024-02-07 11:59:51", "elapsed": 2807.574366, "delta": 5.652203}}
{"target": 43.420351459532974, "params": {"d1": 0.0, "d2": 5.0, "i1": 1.0, "i2": 0.0, "p1": 2.2869858737360778, "p2": 0.0}, "datetime": {"datetime": "2024-02-07 11:59:59", "elapsed": 2815.744573, "delta": 8.170207}}
{"target": 597.6679003392906, "params": {"d1": 2.2510710775614853, "d2": 1.6463269723765042, "i1": 1.0, "i2": 1.0, "p1": 1.523566745169994, "p2": 2.5635813020439975}, "datetime": {"datetime": "2024-02-07 12:00:04", "elapsed": 2821.27822, "delta": 5.533647}}
{"target": 418.3729792930372, "params": {"d1": 5.0, "d2": 3.546461427818176, "i1": 1.0, "i2": 1.0, "p1": 2.0946715681803143, "p2": 2.0164490026208037}, "datetime": {"datetime": "2024-02-07 12:00:13", "elapsed": 2829.581266, "delta": 8.303046}}
{"target": 608.8039822102896, "params": {"d1": 2.0392801028353995, "d2": 1.094492177162565, "i1": 1.0, "i2": 0.344863951623466, "p1": 2.4795243933998368, "p2": 1.25399153027073}, "datetime": {"datetime": "2024-02-07 12:00:23", "elapsed": 2839.867168, "delta": 10.285902}}
{"target": 621.134372940436, "params": {"d1": 2.1251120556321297, "d2": 1.8179967708606168, "i1": 1.0, "i2": 0.5939415403351329, "p1": 2.451536147622731, "p2": 2.3177940173053635}, "datetime": {"datetime": "2024-02-07 12:00:33", "elapsed": 2849.620962, "delta": 9.753794}}
{"target": 618.4149912465364, "params": {"d1": 2.394379999621533, "d2": 1.5201227447643202, "i1": 0.033872129937525974, "i2": 0.3023460684010222, "p1": 3.410228860082007, "p2": 2.3583127405639615}, "datetime": {"datetime": "2024-02-07 12:00:39", "elapsed": 2856.453867, "delta": 6.832905}}
{"target": 550.9154542636871, "params": {"d1": 1.7009116786055027, "d2": 5.0, "i1": 1.0, "i2": 0.49363220448002626, "p1": 2.1897722014320324, "p2": 4.212560746528171}, "datetime": {"datetime": "2024-02-07 12:00:44", "elapsed": 2860.482746, "delta": 4.028879}}
{"target": 535.3561533971875, "params": {"d1": 2.566463559156841, "d2": 1.14296032680898, "i1": 1.0, "i2": 0.34039456179486854, "p1": 2.4531243918136467, "p2": 0.5719289821044388}, "datetime": {"datetime": "2024-02-07 12:00:48", "elapsed": 2864.515753, "delta": 4.033007}}
{"target": 619.1820358300209, "params": {"d1": 2.027860806883395, "d2": 0.9374454096635135, "i1": 0.6850293675838706, "i2": 0.6453993878647921, "p1": 2.013057951305114, "p2": 1.4355334166588891}, "datetime": {"datetime": "2024-02-07 12:00:57", "elapsed": 2874.16251, "delta": 9.646757}}
{"target": 690.1352365316451, "params": {"d1": 1.6653450766687803, "d2": 1.192475177337627, "i1": 0.15259117907270836, "i2": 1.0, "p1": 1.665590405374053, "p2": 1.5295238885764082}, "datetime": {"datetime": "2024-02-07 12:01:03", "elapsed": 2880.277891, "delta": 6.115381}}
{"target": 637.5122651027143, "params": {"d1": 1.458412070564696, "d2": 1.2348348671396376, "i1": 0.2362221108867294, "i2": 0.80450361947187, "p1": 1.4357401176459073, "p2": 1.7566952030088667}, "datetime": {"datetime": "2024-02-07 12:01:09", "elapsed": 2885.465105, "delta": 5.187214}}
{"target": 591.9031897006929, "params": {"d1": 1.6473404260256759, "d2": 1.11799226515434, "i1": 0.0062269236391852, "i2": 0.9442261248753973, "p1": 1.3636661938292927, "p2": 1.4395116133479018}, "datetime": {"datetime": "2024-02-07 12:01:12", "elapsed": 2889.323777, "delta": 3.858672}}
{"target": 606.1089347475022, "params": {"d1": 2.256660481873556, "d2": 1.1360702828883276, "i1": 1.0, "i2": 1.0, "p1": 3.6087761576951327, "p2": 1.4462275196213275}, "datetime": {"datetime": "2024-02-07 12:01:17", "elapsed": 2893.569624, "delta": 4.245847}}
{"target": 639.3882585362345, "params": {"d1": 2.2719210672686763, "d2": 1.4180185407050712, "i1": 1.0, "i2": 1.0, "p1": 2.668256028492885, "p2": 1.8122538540679898}, "datetime": {"datetime": "2024-02-07 12:01:26", "elapsed": 2902.797516, "delta": 9.227892}}
{"target": 631.3492171763629, "params": {"d1": 1.6515095249791618, "d2": 1.404176692110869, "i1": 0.25719358369937917, "i2": 0.6270476888972911, "p1": 1.6949170671203566, "p2": 1.4778117525115424}, "datetime": {"datetime": "2024-02-07 12:01:34", "elapsed": 2910.853399, "delta": 8.055883}}
{"target": 516.4518275155127, "params": {"d1": 1.1410956666585117, "d2": 5.0, "i1": 0.0, "i2": 1.0, "p1": 2.731346230912237, "p2": 3.3330128207208167}, "datetime": {"datetime": "2024-02-07 12:01:38", "elapsed": 2914.623922, "delta": 3.770523}}
{"target": 607.5507809866219, "params": {"d1": 1.6132393006205281, "d2": 1.2661240793061432, "i1": 0.0, "i2": 1.0, "p1": 1.9090714303831222, "p2": 1.3777155241272376}, "datetime": {"datetime": "2024-02-07 12:01:42", "elapsed": 2918.630072, "delta": 4.00615}}
{"target": 538.1631090003252, "params": {"d1": 1.5593626368560303, "d2": 5.0, "i1": 0.0, "i2": 1.0, "p1": 3.72759584252009, "p2": 2.449034640607865}, "datetime": {"datetime": "2024-02-07 12:01:48", "elapsed": 2924.978689, "delta": 6.348617}}
{"target": 548.1101921010018, "params": {"d1": 2.131742972942062, "d2": 0.7602529046011934, "i1": 0.0, "i2": 0.0, "p1": 3.1551791240162945, "p2": 2.478671619053669}, "datetime": {"datetime": "2024-02-07 12:01:52", "elapsed": 2928.983746, "delta": 4.005057}}
{"target": 482.94694948628546, "params": {"d1": 3.3896235744407717, "d2": 3.8600612209823266, "i1": 0.0, "i2": 0.0, "p1": 5.0, "p2": 3.013967530042145}, "datetime": {"datetime": "2024-02-07 12:01:56", "elapsed": 2932.922213, "delta": 3.938467}}
{"target": 612.4489960432797, "params": {"d1": 2.3494745368727945, "d2": 1.3476161478831457, "i1": 0.594938081517984, "i2": 0.5081119274236114, "p1": 3.035919140705493, "p2": 1.916897401396706}, "datetime": {"datetime": "2024-02-07 12:02:05", "elapsed": 2941.487885, "delta": 8.565672}}
{"target": 604.2014514240623, "params": {"d1": 2.287584443724722, "d2": 1.4824502179505779, "i1": 1.0, "i2": 0.8296883814140086, "p1": 2.966099331304667, "p2": 1.3059030271548573}, "datetime": {"datetime": "2024-02-07 12:02:10", "elapsed": 2947.434755, "delta": 5.94687}}
{"target": 670.969662103504, "params": {"d1": 1.8212973070157734, "d2": 1.3028769781978524, "i1": 0.2167502785853337, "i2": 1.0, "p1": 1.6654836966212765, "p2": 1.658375779699054}, "datetime": {"datetime": "2024-02-07 12:02:16", "elapsed": 2952.997371, "delta": 5.562616}}
{"target": 588.2019116602465, "params": {"d1": 1.8698674586059374, "d2": 1.4633342900833632, "i1": 1.0, "i2": 0.0, "p1": 2.750969398692024, "p2": 3.985326330227779}, "datetime": {"datetime": "2024-02-07 12:02:20", "elapsed": 2957.057449, "delta": 4.060078}}
{"target": 584.5495712808893, "params": {"d1": 1.067134073116165, "d2": 1.6701450595376637, "i1": 1.0, "i2": 1.0, "p1": 1.5435298018380499, "p2": 3.901228657227276}, "datetime": {"datetime": "2024-02-07 12:02:26", "elapsed": 2963.004473, "delta": 5.947024}}
{"target": 545.6272079654038, "params": {"d1": 1.930701817941921, "d2": 1.3184384496352821, "i1": 1.0, "i2": 1.0, "p1": 4.222911054661503, "p2": 1.1751196498669938}, "datetime": {"datetime": "2024-02-07 12:02:34", "elapsed": 2970.560985, "delta": 7.556512}}
{"target": 681.7849051275849, "params": {"d1": 1.283000984978581, "d2": 1.2504452953021694, "i1": 1.0, "i2": 0.2820490160511438, "p1": 1.7802405769693888, "p2": 2.548503714118836}, "datetime": {"datetime": "2024-02-07 12:02:41", "elapsed": 2977.817258, "delta": 7.256273}}
{"target": 249.86687433384358, "params": {"d1": 5.0, "d2": 0.0, "i1": 0.0, "i2": 0.0, "p1": 2.147085924129208, "p2": 5.0}, "datetime": {"datetime": "2024-02-07 12:02:45", "elapsed": 2981.919273, "delta": 4.102015}}
{"target": 589.1979658025504, "params": {"d1": 2.2287693301833733, "d2": 1.7529218194343286, "i1": 0.4911419153617335, "i2": 1.0, "p1": 2.9495037752746263, "p2": 3.83243715863211}, "datetime": {"datetime": "2024-02-07 12:02:49", "elapsed": 2986.034516, "delta": 4.115243}}
{"target": 627.0312273447215, "params": {"d1": 1.640596281554654, "d2": 1.057429246054062, "i1": 0.2527281980614205, "i2": 1.0, "p1": 1.7208064574529038, "p2": 1.6276040776680152}, "datetime": {"datetime": "2024-02-07 12:02:53", "elapsed": 2990.088321, "delta": 4.053805}}
{"target": 526.7785978908091, "params": {"d1": 5.0, "d2": 1.4615073997515708, "i1": 1.0, "i2": 1.0, "p1": 3.633191313878594, "p2": 3.640768472165231}, "datetime": {"datetime": "2024-02-07 12:03:01", "elapsed": 2997.909201, "delta": 7.82088}}
{"target": 478.4390900783986, "params": {"d1": 2.2646183178445103, "d2": 2.4941269947824707, "i1": 1.0, "i2": 0.0, "p1": 5.0, "p2": 1.7226317568133145}, "datetime": {"datetime": "2024-02-07 12:03:05", "elapsed": 3001.576433, "delta": 3.667232}}
{"target": 544.7776849710197, "params": {"d1": 1.4683215825886209, "d2": 4.2279017823879155, "i1": 0.0, "i2": 0.46510652515817297, "p1": 2.6688763415356522, "p2": 4.037176585058118}, "datetime": {"datetime": "2024-02-07 12:03:08", "elapsed": 3005.374136, "delta": 3.797703}}
{"target": 522.36265363805, "params": {"d1": 2.59125405471723, "d2": 0.8733632374152603, "i1": 1.0, "i2": 1.0, "p1": 3.84012040416945, "p2": 2.0650818992618456}, "datetime": {"datetime": "2024-02-07 12:03:17", "elapsed": 3014.455807, "delta": 9.081671}}
{"target": 529.9422962650657, "params": {"d1": 1.4887519530574496, "d2": 3.289649281165643, "i1": 1.0, "i2": 1.0, "p1": 1.5860573029839937, "p2": 1.258408464566787}, "datetime": {"datetime": "2024-02-07 12:03:25", "elapsed": 3022.35284, "delta": 7.897033}}
{"target": 619.8071550823003, "params": {"d1": 1.637514882781463, "d2": 1.2081509404568518, "i1": 0.4157023587051132, "i2": 0.8381400994152728, "p1": 1.5120641349527186, "p2": 1.209624455967968}, "datetime": {"datetime": "2024-02-07 12:03:35", "elapsed": 3031.468283, "delta": 9.115443}}
{"target": 527.6996196281165, "params": {"d1": 2.9089218318885046, "d2": 2.3782064492582125, "i1": 0.0, "i2": 1.0, "p1": 2.1884170061413397, "p2": 1.804044337680659}, "datetime": {"datetime": "2024-02-07 12:03:40", "elapsed": 3037.147762, "delta": 5.679479}}
{"target": 305.06625651864334, "params": {"d1": 5.0, "d2": 5.0, "i1": 0.0, "i2": 1.0, "p1": 0.0, "p2": 5.0}, "datetime": {"datetime": "2024-02-07 12:03:53", "elapsed": 3049.666423, "delta": 12.518661}}
{"target": 635.0058317884058, "params": {"d1": 1.2590394158418832, "d2": 1.1757091749220114, "i1": 0.8294100632639658, "i2": 0.28823287017826443, "p1": 1.6539747476424151, "p2": 2.507619277415504}, "datetime": {"datetime": "2024-02-07 12:03:57", "elapsed": 3053.89466, "delta": 4.228237}}
{"target": 525.3561785996706, "params": {"d1": 3.679493427463514, "d2": 1.2459796103478604, "i1": 0.0, "i2": 0.0, "p1": 5.0, "p2": 1.9355889991025619}, "datetime": {"datetime": "2024-02-07 12:04:04", "elapsed": 3061.112308, "delta": 7.217648}}
{"target": 514.7136720274389, "params": {"d1": 2.517308295380639, "d2": 4.068453115828083, "i1": 0.0, "i2": 1.0, "p1": 2.085349937027004, "p2": 4.1594351861620975}, "datetime": {"datetime": "2024-02-07 12:04:11", "elapsed": 3067.54493, "delta": 6.432622}}
{"target": 520.9286134761572, "params": {"d1": 1.7425224163970454, "d2": 2.989846867979655, "i1": 0.0, "i2": 1.0, "p1": 4.013185807993199, "p2": 4.509088994024046}, "datetime": {"datetime": "2024-02-07 12:04:16", "elapsed": 3072.920254, "delta": 5.375324}}
{"target": 536.4487308675051, "params": {"d1": 3.139649566223137, "d2": 2.168058573381303, "i1": 0.0, "i2": 0.0, "p1": 4.451830670147176, "p2": 3.8011239628037163}, "datetime": {"datetime": "2024-02-07 12:04:20", "elapsed": 3077.04588, "delta": 4.125626}}
{"target": 556.5548253914342, "params": {"d1": 1.931821426740162, "d2": 1.763875275181088, "i1": 0.0, "i2": 1.0, "p1": 4.0615571635713374, "p2": 4.094892867298288}, "datetime": {"datetime": "2024-02-07 12:04:25", "elapsed": 3082.318609, "delta": 5.272729}}
{"target": 528.8594407053106, "params": {"d1": 0.9578699686246833, "d2": 0.8282377475973296, "i1": 0.33035543134401435, "i2": 0.6420576819502857, "p1": 1.5852732243546557, "p2": 2.6929502557809726}, "datetime": {"datetime": "2024-02-07 12:04:32", "elapsed": 3089.323744, "delta": 7.005135}}
{"target": 313.0668354167417, "params": {"d1": 0.0, "d2": 5.0, "i1": 0.0, "i2": 1.0, "p1": 2.153507269822018, "p2": 4.337119575291705}, "datetime": {"datetime": "2024-02-07 12:04:42", "elapsed": 3099.315638, "delta": 9.991894}}
{"target": 477.0231353687495, "params": {"d1": 3.437162844510289, "d2": 3.611169624591435, "i1": 1.0, "i2": 1.0, "p1": 1.6183306431774631, "p2": 5.0}, "datetime": {"datetime": "2024-02-07 12:04:50", "elapsed": 3107.135319, "delta": 7.819681}}
{"target": 644.5320812365412, "params": {"d1": 1.5219330997452063, "d2": 0.9488874464885425, "i1": 0.8071955560161228, "i2": 0.18603439949593414, "p1": 1.989348926649663, "p2": 1.7213177112928775}, "datetime": {"datetime": "2024-02-07 12:05:00", "elapsed": 3117.167672, "delta": 10.032353}}
{"target": 618.6338301481306, "params": {"d1": 0.9816551095714215, "d2": 1.5661690228759495, "i1": 0.5428433544666372, "i2": 0.37416507890811423, "p1": 1.4824062016875232, "p2": 3.4116524619127757}, "datetime": {"datetime": "2024-02-07 12:05:06", "elapsed": 3123.361565, "delta": 6.193893}}
{"target": 172.7626441982016, "params": {"d1": 0.0, "d2": 0.0, "i1": 0.0, "i2": 0.0, "p1": 2.9379508935272174, "p2": 0.7014173341877019}, "datetime": {"datetime": "2024-02-07 12:05:20", "elapsed": 3137.136409, "delta": 13.774844}}
{"target": 548.9825097853691, "params": {"d1": 2.653200056224924, "d2": 2.582722771561222, "i1": 0.0, "i2": 0.0, "p1": 2.6255661896214724, "p2": 3.403906054221496}, "datetime": {"datetime": "2024-02-07 12:05:29", "elapsed": 3146.293538, "delta": 9.157129}}
{"target": 94.29066857367754, "params": {"d1": 5.0, "d2": 0.0, "i1": 1.0, "i2": 1.0, "p1": 0.0, "p2": 2.122199165294793}, "datetime": {"datetime": "2024-02-07 12:05:39", "elapsed": 3156.194866, "delta": 9.901328}}
{"target": 530.8409227073192, "params": {"d1": 5.0, "d2": 1.2960359135092099, "i1": 1.0, "i2": 0.3025287625570449, "p1": 3.694500271558292, "p2": 2.2429867694215653}, "datetime": {"datetime": "2024-02-07 12:05:50", "elapsed": 3166.687353, "delta": 10.492487}}
{"target": 666.6052071046829, "params": {"d1": 0.9196747638693975, "d2": 1.3880605168739861, "i1": 0.1742765799949586, "i2": 0.2912829474086096, "p1": 1.5196662920565096, "p2": 2.7588510557383676}, "datetime": {"datetime": "2024-02-07 12:05:56", "elapsed": 3172.755638, "delta": 6.068285}}
{"target": 558.1701087795198, "params": {"d1": 1.765927695759386, "d2": 5.0, "i1": 0.0, "i2": 1.0, "p1": 3.089633355963667, "p2": 5.0}, "datetime": {"datetime": "2024-02-07 12:06:02", "elapsed": 3179.263519, "delta": 6.507881}}
{"target": 535.1067809997498, "params": {"d1": 2.5295606728123037, "d2": 1.1406644305028657, "i1": 0.5639175580402411, "i2": 0.0, "p1": 2.318312240697721, "p2": 1.2623733101377428}, "datetime": {"datetime": "2024-02-07 12:06:06", "elapsed": 3183.218017, "delta": 3.954498}}
{"target": 522.6518389783055, "params": {"d1": 5.0, "d2": 2.4001928921726763, "i1": 1.0, "i2": 0.0, "p1": 4.091510814514189, "p2": 2.996657608252032}, "datetime": {"datetime": "2024-02-07 12:06:14", "elapsed": 3190.889298, "delta": 7.671281}}
{"target": 478.4977348434925, "params": {"d1": 5.0, "d2": 2.1083812426564372, "i1": 0.0, "i2": 0.0, "p1": 4.2164966737684715, "p2": 5.0}, "datetime": {"datetime": "2024-02-07 12:06:18", "elapsed": 3194.789875, "delta": 3.900577}}
{"target": 631.5027169913053, "params": {"d1": 1.8241115476303698, "d2": 1.3605690356781885, "i1": 1.0, "i2": 1.0, "p1": 3.1004857676359125, "p2": 1.852170608125132}, "datetime": {"datetime": "2024-02-07 12:06:22", "elapsed": 3199.318607, "delta": 4.528732}}
{"target": 652.7105878287554, "params": {"d1": 1.5477085617851756, "d2": 1.6760049300783315, "i1": 1.0, "i2": 1.0, "p1": 2.356353042141675, "p2": 2.1847808709970917}, "datetime": {"datetime": "2024-02-07 12:06:36", "elapsed": 3212.816094, "delta": 13.497487}}
{"target": 532.135179034099, "params": {"d1": 3.537801310456017, "d2": 1.6512068505336863, "i1": 0.0, "i2": 1.0, "p1": 2.0760458197883436, "p2": 3.1833128947163676}, "datetime": {"datetime": "2024-02-07 12:06:44", "elapsed": 3221.275113, "delta": 8.459019}}
{"target": 610.6739558117837, "params": {"d1": 1.3313928775755413, "d2": 1.68010208244827, "i1": 0.2578522643148753, "i2": 0.5948433161047728, "p1": 1.767936997531567, "p2": 3.452545627127462}, "datetime": {"datetime": "2024-02-07 12:06:49", "elapsed": 3225.524461, "delta": 4.249348}}
{"target": 447.74383052781224, "params": {"d1": 1.619911839577218, "d2": 5.0, "i1": 0.0, "i2": 0.0, "p1": 5.0, "p2": 3.4469572918708664}, "datetime": {"datetime": "2024-02-07 12:06:57", "elapsed": 3234.335636, "delta": 8.811175}}
{"target": 532.457693644017, "params": {"d1": 1.5545721574602074, "d2": 2.116425238371096, "i1": 0.933737295322195, "i2": 0.8429968539496118, "p1": 1.4690419475245848, "p2": 4.942311340165556}, "datetime": {"datetime": "2024-02-07 12:07:05", "elapsed": 3241.579949, "delta": 7.244313}}
{"target": 639.9581146159023, "params": {"d1": 1.0821427882840629, "d2": 1.59266382000472, "i1": 0.25445821052766904, "i2": 0.8870251987259565, "p1": 1.31014921063406, "p2": 2.993498762650127}, "datetime": {"datetime": "2024-02-07 12:07:11", "elapsed": 3247.71135, "delta": 6.131401}}
{"target": 645.453988866657, "params": {"d1": 1.5286435658373143, "d2": 1.373403344039261, "i1": 0.2126052652262197, "i2": 1.0, "p1": 1.5851958778281579, "p2": 1.4996532796686515}, "datetime": {"datetime": "2024-02-07 12:07:17", "elapsed": 3254.454208, "delta": 6.742858}}
{"target": 680.7703934382275, "params": {"d1": 1.757625157024402, "d2": 1.1663563021236756, "i1": 0.06298686200069993, "i2": 1.0, "p1": 2.527021084498827, "p2": 1.8106178139736433}, "datetime": {"datetime": "2024-02-07 12:07:22", "elapsed": 3258.838653, "delta": 4.384445}}
{"target": 542.4127389582246, "params": {"d1": 1.2483459016139906, "d2": 2.5165297529243067, "i1": 1.0, "i2": 1.0, "p1": 2.615186497564454, "p2": 5.0}, "datetime": {"datetime": "2024-02-07 12:07:26", "elapsed": 3263.106108, "delta": 4.267455}}
{"target": 613.5003779537976, "params": {"d1": 0.9791228433486634, "d2": 1.5445818913736291, "i1": 0.19550512319257018, "i2": 0.0, "p1": 1.8042270046735034, "p2": 2.873864054631112}, "datetime": {"datetime": "2024-02-07 12:07:31", "elapsed": 3267.901861, "delta": 4.795753}}
{"target": 538.5549052122235, "params": {"d1": 0.8914214878879138, "d2": 3.540176187633157, "i1": 1.0, "i2": 0.0, "p1": 2.0330153358333396, "p2": 3.8253349761448296}, "datetime": {"datetime": "2024-02-07 12:07:41", "elapsed": 3278.141082, "delta": 10.239221}}
{"target": 528.1951238181442, "params": {"d1": 1.4914007411597623, "d2": 4.0861770113347315, "i1": 0.34035889730495866, "i2": 0.0, "p1": 1.7592495760229157, "p2": 4.434462128059759}, "datetime": {"datetime": "2024-02-07 12:07:52", "elapsed": 3288.919514, "delta": 10.778432}}
{"target": 498.4408329754323, "params": {"d1": 2.230450221043526, "d2": 3.9298632574254313, "i1": 1.0, "i2": 0.0, "p1": 1.839792197966746, "p2": 1.8877539638352212}, "datetime": {"datetime": "2024-02-07 12:07:59", "elapsed": 3295.847337, "delta": 6.927823}}
{"target": 477.51318796224894, "params": {"d1": 5.0, "d2": 2.4623766870921404, "i1": 1.0, "i2": 1.0, "p1": 3.8263305906168275, "p2": 3.764317716086875}, "datetime": {"datetime": "2024-02-07 12:08:06", "elapsed": 3303.173675, "delta": 7.326338}}
