{"target": 501.37746563963594, "params": {"d1": 5.0, "d2": 2.919995814034487, "i1": 0.0, "i2": 0.0, "p1": 5.0, "p2": 1.7529858265195202}, "datetime": {"datetime": "2024-02-07 11:31:03", "elapsed": 1079.463197, "delta": 2.846682}}
{"target": 605.9898550659045, "params": {"d1": 1.3553913293901814, "d2": 1.3941818246643514, "i1": 0.6369119981420432, "i2": 1.0, "p1": 2.119778913192559, "p2": 3.2486068825229886}, "datetime": {"datetime": "2024-02-07 11:31:05", "elapsed": 1082.16692, "delta": 2.703723}}
{"target": 246.83179278926923, "params": {"d1": 5.0, "d2": 2.3341244600154125, "i1": 1.0, "i2": 1.0, "p1": 0.0, "p2": 0.0}, "datetime": {"datetime": "2024-02-07 11:31:08", "elapsed": 1084.880379, "delta": 2.713459}}
{"target": 544.254166142419, "params": {"d1": 2.89141439249234, "d2": 2.033908429130809, "i1": 1.0, "i2": 0.0, "p1": 5.0, "p2": 3.441765642167676}, "datetime": {"datetime": "2024-02-07 11:31:13", "elapsed": 1089.670749, "delta": 4.79037}}
{"target": 538.7795282939077, "params": {"d1": 2.7918748500681576, "d2": 1.8155386130548277, "i1": 1.0, "i2": 1.0, "p1": 5.0, "p2": 1.4962282540704166}, "datetime": {"datetime": "2024-02-07 11:31:15", "elapsed": 1091.916222, "delta": 2.245473}}
{"target": 589.2277164185048, "params": {"d1": 1.2227941117204089, "d2": 2.2422580709194833, "i1": 1.0, "i2": 1.0, "p1": 1.2365603321558698, "p2": 3.481239120110587}, "datetime": {"datetime": "2024-02-07 11:31:17", "elapsed": 1094.420422, "delta": 2.5042}}
{"target": 612.1230531215667, "params": {"d1": 1.6725094763757775, "d2": 1.3695631157994808, "i1": 0.0, "i2": 1.0, "p1": 3.465998621042341, "p2": 2.2392717172751215}, "datetime": {"datetime": "2024-02-07 11:31:20", "elapsed": 1096.878551, "delta": 2.458129}}
{"target": 530.0041468423977, "params": {"d1": 1.7688588478659748, "d2": 1.4617473282760822, "i1": 0.5743640106367466, "i2": 1.0, "p1": 2.26874560689259, "p2": 0.8600026545729688}, "datetime": {"datetime": "2024-02-07 11:31:25", "elapsed": 1102.02088, "delta": 5.142329}}
{"target": 664.5608949826658, "params": {"d1": 1.163020091880368, "d2": 1.2873940428597763, "i1": 0.9425083291274429, "i2": 0.829534629195628, "p1": 1.804232080484403, "p2": 2.057911604353928}, "datetime": {"datetime": "2024-02-07 11:31:29", "elapsed": 1105.776098, "delta": 3.755218}}
{"target": 610.3238055603206, "params": {"d1": 1.368667365838292, "d2": 2.140119126441432, "i1": 0.5232874521368498, "i2": 1.0, "p1": 2.799269116312315, "p2": 1.4222762069496169}, "datetime": {"datetime": "2024-02-07 11:31:33", "elapsed": 1109.824183, "delta": 4.048085}}
{"target": 507.00258645286783, "params": {"d1": 0.7002319372117651, "d2": 1.9803054292997588, "i1": 0.0, "i2": 0.0, "p1": 1.1621630896207147, "p2": 2.1208020443088675}, "datetime": {"datetime": "2024-02-07 11:31:36", "elapsed": 1112.726716, "delta": 2.902533}}
{"target": 525.2918146327697, "params": {"d1": 1.807759684722203, "d2": 3.9309273878351934, "i1": 0.0, "i2": 1.0, "p1": 4.072970136847509, "p2": 3.5126420325453136}, "datetime": {"datetime": "2024-02-07 11:31:40", "elapsed": 1116.476809, "delta": 3.750093}}
{"target": 662.5696668072045, "params": {"d1": 1.2319327354188359, "d2": 1.389257166718794, "i1": 1.0, "i2": 1.0, "p1": 1.7902560842634716, "p2": 2.5215856078807133}, "datetime": {"datetime": "2024-02-07 11:31:42", "elapsed": 1119.362471, "delta": 2.885662}}
{"target": 632.3654566480219, "params": {"d1": 1.6010921279807382, "d2": 1.5103704896737231, "i1": 0.43233647568090344, "i2": 1.0, "p1": 3.337387617206726, "p2": 1.6409103935091127}, "datetime": {"datetime": "2024-02-07 11:31:45", "elapsed": 1122.392784, "delta": 3.030313}}
{"target": 529.3551336208731, "params": {"d1": 1.9607588114362906, "d2": 3.300450539894379, "i1": 1.0, "i2": 1.0, "p1": 2.24111756313356, "p2": 5.0}, "datetime": {"datetime": "2024-02-07 11:31:48", "elapsed": 1125.125771, "delta": 2.732987}}
{"target": 539.761770162657, "params": {"d1": 1.634612182546264, "d2": 2.48646578109121, "i1": 0.34962490424230863, "i2": 0.4198215875579254, "p1": 2.02970508922454, "p2": 1.195294402306909}, "datetime": {"datetime": "2024-02-07 11:31:52", "elapsed": 1129.072353, "delta": 3.946582}}
{"target": 598.3901816914231, "params": {"d1": 1.3004789942538881, "d2": 1.5462605117677464, "i1": 0.31931521122426687, "i2": 0.023255376116047444, "p1": 1.5350879614936608, "p2": 2.3774660419938343}, "datetime": {"datetime": "2024-02-07 11:31:55", "elapsed": 1131.925223, "delta": 2.85287}}
{"target": 658.4438393962383, "params": {"d1": 1.77430387070995, "d2": 0.9502342442499401, "i1": 1.0, "i2": 0.13568911325323518, "p1": 2.022555048500437, "p2": 1.5555839511024314}, "datetime": {"datetime": "2024-02-07 11:31:59", "elapsed": 1135.886132, "delta": 3.960909}}
{"target": 574.8359029275179, "params": {"d1": 1.3328286090840764, "d2": 3.3652436732626736, "i1": 1.0, "i2": 1.0, "p1": 2.282304675567856, "p2": 1.9864772694147437}, "datetime": {"datetime": "2024-02-07 11:32:02", "elapsed": 1138.909886, "delta": 3.023754}}
{"target": 595.0493533203006, "params": {"d1": 1.6609490666420381, "d2": 1.7378777407828008, "i1": 0.0, "i2": 0.5663746324425936, "p1": 3.7954885484424525, "p2": 2.284284279267793}, "datetime": {"datetime": "2024-02-07 11:32:04", "elapsed": 1141.327071, "delta": 2.417185}}
{"target": 442.30608610711994, "params": {"d1": 5.0, "d2": 1.9474978213247338, "i1": 1.0, "i2": 0.0, "p1": 1.726608231393183, "p2": 5.0}, "datetime": {"datetime": "2024-02-07 11:32:08", "elapsed": 1144.921834, "delta": 3.594763}}
{"target": 478.6614431938529, "params": {"d1": 5.0, "d2": 5.0, "i1": 1.0, "i2": 1.0, "p1": 5.0, "p2": 3.330757439018549}, "datetime": {"datetime": "2024-02-07 11:32:12", "elapsed": 1149.414637, "delta": 4.492803}}
{"target": 630.7675080411136, "params": {"d1": 1.5587266915387241, "d2": 1.4061399046110001, "i1": 0.7028676796660195, "i2": 1.0, "p1": 3.538255665072221, "p2": 2.6109867677341807}, "datetime": {"datetime": "2024-02-07 11:32:17", "elapsed": 1153.503254, "delta": 4.088617}}
{"target": 592.8545024908334, "params": {"d1": 1.0953740035236956, "d2": 3.5213599570234386, "i1": 1.0, "i2": 0.0, "p1": 1.821297735890941, "p2": 2.8830508413934064}, "datetime": {"datetime": "2024-02-07 11:32:21", "elapsed": 1157.581715, "delta": 4.078461}}
{"target": 622.3772170843184, "params": {"d1": 2.0068727890837694, "d2": 2.3280603961196604, "i1": 1.0, "i2": 0.44561380686785756, "p1": 1.9581751916785421, "p2": 2.7412055611422637}, "datetime": {"datetime": "2024-02-07 11:32:23", "elapsed": 1160.292061, "delta": 2.710346}}
{"target": 635.4855829276145, "params": {"d1": 1.0677762686898755, "d2": 1.1778429355836206, "i1": 1.0, "i2": 0.6512427903574579, "p1": 1.6996392567109722, "p2": 2.3533259374914635}, "datetime": {"datetime": "2024-02-07 11:32:26", "elapsed": 1163.11332, "delta": 2.821259}}
{"target": 579.1782728356123, "params": {"d1": 0.9692203207207644, "d2": 1.6976041380853488, "i1": 0.0, "i2": 0.3043085990224298, "p1": 1.683645368372296, "p2": 2.160720164026981}, "datetime": {"datetime": "2024-02-07 11:32:31", "elapsed": 1168.373583, "delta": 5.260263}}
{"target": 529.0131217020005, "params": {"d1": 1.4167540693946283, "d2": 0.9120335842000682, "i1": 0.9699031886396174, "i2": 0.8403465734101948, "p1": 1.1417284058907744, "p2": 2.984626205168162}, "datetime": {"datetime": "2024-02-07 11:32:34", "elapsed": 1171.11448, "delta": 2.740897}}
{"target": 279.35471099719405, "params": {"d1": 5.0, "d2": 0.0, "i1": 1.0, "i2": 0.0, "p1": 2.6788096341415004, "p2": 0.0}, "datetime": {"datetime": "2024-02-07 11:32:37", "elapsed": 1173.873185, "delta": 2.758705}}
{"target": 537.21778112486, "params": {"d1": 1.5252948073481687, "d2": 5.0, "i1": 0.0, "i2": 1.0, "p1": 3.6224928203135502, "p2": 4.181818932073418}, "datetime": {"datetime": "2024-02-07 11:32:40", "elapsed": 1177.428057, "delta": 3.554872}}
{"target": 609.4755018830299, "params": {"d1": 2.0585311714017833, "d2": 1.7551288319469514, "i1": 0.4350948929682906, "i2": 1.0, "p1": 2.5212379569957664, "p2": 3.026696733608087}, "datetime": {"datetime": "2024-02-07 11:32:45", "elapsed": 1182.382977, "delta": 4.95492}}
{"target": 590.8372537330538, "params": {"d1": 2.0917028471699233, "d2": 0.7915919104433554, "i1": 1.0, "i2": 0.0, "p1": 1.9080049175280054, "p2": 1.8540221260430194}, "datetime": {"datetime": "2024-02-07 11:32:49", "elapsed": 1186.237864, "delta": 3.854887}}
{"target": 556.3499694658071, "params": {"d1": 3.8815059723871346, "d2": 1.855382568509183, "i1": 0.22899107035155739, "i2": 0.49644461847583843, "p1": 3.4644993028547777, "p2": 2.3514403944413917}, "datetime": {"datetime": "2024-02-07 11:32:53", "elapsed": 1190.269156, "delta": 4.031292}}
{"target": 626.9891311198473, "params": {"d1": 1.6854050411369366, "d2": 1.8593900855668295, "i1": 1.0, "i2": 0.3834347100601298, "p1": 2.1922553148074164, "p2": 3.545320479197589}, "datetime": {"datetime": "2024-02-07 11:32:58", "elapsed": 1195.44039, "delta": 5.171234}}
{"target": 640.3843191238493, "params": {"d1": 1.2986788403320269, "d2": 1.3610333240841512, "i1": 1.0, "i2": 1.0, "p1": 1.7168661900733986, "p2": 2.114413120113169}, "datetime": {"datetime": "2024-02-07 11:33:03", "elapsed": 1199.50335, "delta": 4.06296}}
{"target": 594.1211203734576, "params": {"d1": 2.0935649631228164, "d2": 2.5878403331629856, "i1": 0.39077924943595965, "i2": 0.0, "p1": 2.6814362949918484, "p2": 2.459638845199296}, "datetime": {"datetime": "2024-02-07 11:33:07", "elapsed": 1203.569037, "delta": 4.065687}}
{"target": 495.6561602972448, "params": {"d1": 2.70197825345434, "d2": 2.787130458223485, "i1": 1.0, "i2": 1.0, "p1": 3.078618645206889, "p2": 1.7307613664159522}, "datetime": {"datetime": "2024-02-07 11:33:10", "elapsed": 1206.753843, "delta": 3.184806}}
{"target": 571.2013840638101, "params": {"d1": 3.162269234520134, "d2": 1.3233908733346071, "i1": 1.0, "i2": 1.0, "p1": 4.136411205307481, "p2": 1.7450847728029735}, "datetime": {"datetime": "2024-02-07 11:33:13", "elapsed": 1209.679744, "delta": 2.925901}}
{"target": 653.6787931025773, "params": {"d1": 1.421219473322128, "d2": 1.8426601477158049, "i1": 0.9883359869612907, "i2": 0.8050127169685135, "p1": 2.1836147045984236, "p2": 2.6252559367681583}, "datetime": {"datetime": "2024-02-07 11:33:18", "elapsed": 1214.810799, "delta": 5.131055}}
{"target": 511.94918310821055, "params": {"d1": 5.0, "d2": 2.541650141054577, "i1": 1.0, "i2": 0.0, "p1": 5.0, "p2": 3.963658873701476}, "datetime": {"datetime": "2024-02-07 11:33:22", "elapsed": 1219.293289, "delta": 4.48249}}
{"target": 654.0087977007031, "params": {"d1": 0.9520456712754647, "d2": 1.3046944702878618, "i1": 0.7964165696851045, "i2": 1.0, "p1": 1.6993711458728995, "p2": 1.8284056093124825}, "datetime": {"datetime": "2024-02-07 11:33:28", "elapsed": 1224.864729, "delta": 5.57144}}
{"target": 648.7527628754824, "params": {"d1": 1.4673366560137895, "d2": 1.2714314824945572, "i1": 1.0, "i2": 0.408751826257748, "p1": 1.898242713638272, "p2": 2.7891765009373906}, "datetime": {"datetime": "2024-02-07 11:33:31", "elapsed": 1227.695939, "delta": 2.83121}}
{"target": 621.6004357817769, "params": {"d1": 1.5989345499719392, "d2": 1.872287705146641, "i1": 1.0, "i2": 1.0, "p1": 2.2084431100215873, "p2": 2.717590115126161}, "datetime": {"datetime": "2024-02-07 11:33:35", "elapsed": 1231.579459, "delta": 3.88352}}
{"target": 612.7429779640585, "params": {"d1": 1.5699319317272413, "d2": 1.5915762750008793, "i1": 1.0, "i2": 0.5921759502850042, "p1": 3.212888659698623, "p2": 2.5569438777371905}, "datetime": {"datetime": "2024-02-07 11:33:39", "elapsed": 1235.503645, "delta": 3.924186}}
{"target": 567.6809813068808, "params": {"d1": 1.5755002415628188, "d2": 1.6432773332685877, "i1": 0.5515881592314673, "i2": 0.0, "p1": 4.009078348438641, "p2": 3.523703863810547}, "datetime": {"datetime": "2024-02-07 11:33:41", "elapsed": 1238.442475, "delta": 2.93883}}
{"target": 635.1362466999516, "params": {"d1": 1.0337786839510146, "d2": 1.443294399632394, "i1": 0.8284907685106747, "i2": 0.6447938394318131, "p1": 1.6680152531154762, "p2": 1.7875986859921844}, "datetime": {"datetime": "2024-02-07 11:33:45", "elapsed": 1241.466466, "delta": 3.023991}}
{"target": 537.5092481843382, "params": {"d1": 2.8835314520884916, "d2": 1.9335082640673105, "i1": 1.0, "i2": 1.0, "p1": 2.3465151754963203, "p2": 2.645811267947667}, "datetime": {"datetime": "2024-02-07 11:33:47", "elapsed": 1244.238787, "delta": 2.772321}}
{"target": 453.71502874974163, "params": {"d1": 3.1863530518927967, "d2": 3.028918279242418, "i1": 0.0, "i2": 0.0, "p1": 3.4250093984036347, "p2": 1.4711052262633295}, "datetime": {"datetime": "2024-02-07 11:33:52", "elapsed": 1248.594345, "delta": 4.355558}}
{"target": 632.4798849439621, "params": {"d1": 1.5813642642396828, "d2": 1.2551504836384966, "i1": 0.6467753027662435, "i2": 1.0, "p1": 3.6769487927156264, "p2": 2.0314459144340464}, "datetime": {"datetime": "2024-02-07 11:33:55", "elapsed": 1252.350524, "delta": 3.756179}}
{"target": 627.6866252310947, "params": {"d1": 1.398178021337955, "d2": 1.5274291300068865, "i1": 0.9263496729213899, "i2": 0.8858046501721285, "p1": 1.985170113393805, "p2": 2.807362788697831}, "datetime": {"datetime": "2024-02-07 11:33:59", "elapsed": 1256.382967, "delta": 4.032443}}
{"target": 641.697807975635, "params": {"d1": 0.9360856065847266, "d2": 1.1615168810770713, "i1": 0.1909092782278901, "i2": 0.2366963589753813, "p1": 1.2688548121660022, "p2": 2.4682387955403335}, "datetime": {"datetime": "2024-02-07 11:34:05", "elapsed": 1261.879847, "delta": 5.49688}}
{"target": 642.4285632156581, "params": {"d1": 1.4968180203195178, "d2": 1.0159295443150684, "i1": 1.0, "i2": 0.2970743646996921, "p1": 1.6641068272381465, "p2": 2.624037063199353}, "datetime": {"datetime": "2024-02-07 11:34:09", "elapsed": 1265.954634, "delta": 4.074787}}
{"target": 611.4397833777591, "params": {"d1": 1.2336799396490148, "d2": 2.0967068032732676, "i1": 0.39604704654363676, "i2": 1.0, "p1": 2.0368773899895687, "p2": 3.3591150141181565}, "datetime": {"datetime": "2024-02-07 11:34:14", "elapsed": 1270.991919, "delta": 5.037285}}
{"target": 658.1129308389127, "params": {"d1": 0.9862178081481625, "d2": 1.283730741325559, "i1": 0.3941182580269862, "i2": 0.10717624402865064, "p1": 1.1844932944135795, "p2": 2.1047531756817683}, "datetime": {"datetime": "2024-02-07 11:34:18", "elapsed": 1274.587392, "delta": 3.595473}}
{"target": 314.66950073882936, "params": {"d1": 1.34233897812868, "d2": 2.897570088111516, "i1": 0.0, "i2": 1.0, "p1": 5.0, "p2": 0.0}, "datetime": {"datetime": "2024-02-07 11:34:22", "elapsed": 1278.51423, "delta": 3.926838}}
{"target": 631.9474840402603, "params": {"d1": 1.2374975419861238, "d2": 1.2150623082392515, "i1": 0.2847909927388137, "i2": 0.350414081472861, "p1": 1.2170240522290054, "p2": 2.324418567419679}, "datetime": {"datetime": "2024-02-07 11:34:26", "elapsed": 1282.710426, "delta": 4.196196}}
{"target": 633.947030326128, "params": {"d1": 2.120143364844044, "d2": 1.4150897821592054, "i1": 0.0, "i2": 1.0, "p1": 2.7364318649737, "p2": 1.8083673904191604}, "datetime": {"datetime": "2024-02-07 11:34:29", "elapsed": 1285.750774, "delta": 3.040348}}
{"target": 626.319502647221, "params": {"d1": 1.0356534276551306, "d2": 1.3645370587820698, "i1": 0.7401228446582913, "i2": 1.0, "p1": 1.8139292074519262, "p2": 2.10731844211749}, "datetime": {"datetime": "2024-02-07 11:34:33", "elapsed": 1289.857721, "delta": 4.106947}}
{"target": 636.9278774685786, "params": {"d1": 0.9461958483560284, "d2": 1.446248382856158, "i1": 0.2169229172883952, "i2": 0.33916762634496184, "p1": 1.205501643216575, "p2": 2.1378350035109626}, "datetime": {"datetime": "2024-02-07 11:34:40", "elapsed": 1297.382144, "delta": 7.524423}}
{"target": 458.95871882751584, "params": {"d1": 5.0, "d2": 3.7511487187793033, "i1": 0.0, "i2": 1.0, "p1": 5.0, "p2": 1.795608326477571}, "datetime": {"datetime": "2024-02-07 11:34:45", "elapsed": 1301.941986, "delta": 4.559842}}
{"target": 588.1722995617241, "params": {"d1": 2.135151315030141, "d2": 1.3715877168741017, "i1": 0.0, "i2": 0.45375862320180166, "p1": 2.6840359082611305, "p2": 1.8102950639135114}, "datetime": {"datetime": "2024-02-07 11:34:51", "elapsed": 1307.895865, "delta": 5.953879}}
{"target": 575.5735478361696, "params": {"d1": 1.0196052269969815, "d2": 0.972211528415932, "i1": 0.368154165792426, "i2": 0.0, "p1": 1.3783137662016978, "p2": 2.217328408857909}, "datetime": {"datetime": "2024-02-07 11:34:55", "elapsed": 1311.954974, "delta": 4.059109}}
{"target": 601.025112907663, "params": {"d1": 1.1972160794197761, "d2": 1.894113179429401, "i1": 0.42637746356939865, "i2": 1.0, "p1": 2.2016912892607508, "p2": 2.824735928188301}, "datetime": {"datetime": "2024-02-07 11:35:00", "elapsed": 1317.193319, "delta": 5.238345}}
{"target": 589.5659857376664, "params": {"d1": 1.8363672023405975, "d2": 1.8882658284723464, "i1": 0.5141034163178827, "i2": 1.0, "p1": 2.210491201879386, "p2": 3.5463820415891942}, "datetime": {"datetime": "2024-02-07 11:35:06", "elapsed": 1322.655497, "delta": 5.462178}}
{"target": 447.7011221240461, "params": {"d1": 5.0, "d2": 5.0, "i1": 1.0, "i2": 1.0, "p1": 1.672460158408361, "p2": 5.0}, "datetime": {"datetime": "2024-02-07 11:35:09", "elapsed": 1325.845449, "delta": 3.189952}}
{"target": 572.9453944407962, "params": {"d1": 2.651078676738725, "d2": 2.2166487998975026, "i1": 1.0, "i2": 0.0, "p1": 2.1835561446353515, "p2": 3.0882080177512843}, "datetime": {"datetime": "2024-02-07 11:35:13", "elapsed": 1330.135714, "delta": 4.290265}}
{"target": 585.452436619699, "params": {"d1": 1.205762008878488, "d2": 4.235197774915762, "i1": 1.0, "i2": 0.39513011269504533, "p1": 1.6866915394298598, "p2": 3.5635021630783603}, "datetime": {"datetime": "2024-02-07 11:35:16", "elapsed": 1333.309716, "delta": 3.174002}}
{"target": 579.2734223037958, "params": {"d1": 1.3751981865520153, "d2": 3.869520271051997, "i1": 1.0, "i2": 0.44645251304253275, "p1": 2.0430827790882553, "p2": 2.5110853492767853}, "datetime": {"datetime": "2024-02-07 11:35:20", "elapsed": 1337.124155, "delta": 3.814439}}
{"target": 634.5941069798544, "params": {"d1": 1.060482306782466, "d2": 1.1642604183194896, "i1": 1.0, "i2": 1.0, "p1": 1.7824734534315227, "p2": 1.7854894236753738}, "datetime": {"datetime": "2024-02-07 11:35:24", "elapsed": 1341.174579, "delta": 4.050424}}
{"target": 630.672123618126, "params": {"d1": 1.4520429512197788, "d2": 2.014777679848215, "i1": 1.0, "i2": 0.6555292665762581, "p1": 2.0742836792896284, "p2": 2.227078421144328}, "datetime": {"datetime": "2024-02-07 11:35:27", "elapsed": 1344.301784, "delta": 3.127205}}
{"target": 636.6308016429097, "params": {"d1": 0.8698002167703517, "d2": 1.0302412122518785, "i1": 0.44743411435210634, "i2": 0.874483283435708, "p1": 1.1653358014149569, "p2": 1.9795722831129536}, "datetime": {"datetime": "2024-02-07 11:35:31", "elapsed": 1348.236292, "delta": 3.934508}}
{"target": 654.7194473163039, "params": {"d1": 1.7759097590761344, "d2": 1.121457680274334, "i1": 0.802901390153376, "i2": 1.0, "p1": 1.7851024734372571, "p2": 1.6088195459098136}, "datetime": {"datetime": "2024-02-07 11:35:34", "elapsed": 1351.412289, "delta": 3.175997}}
{"target": 494.4087888977304, "params": {"d1": 1.6656440847584084, "d2": 0.6528744187685601, "i1": 1.0, "i2": 0.0, "p1": 3.8807461919752884, "p2": 2.75022484179417}, "datetime": {"datetime": "2024-02-07 11:35:37", "elapsed": 1354.285915, "delta": 2.873626}}
{"target": 643.9661558842287, "params": {"d1": 1.8227128050058083, "d2": 0.9627283038016183, "i1": 1.0, "i2": 0.46750508306781263, "p1": 2.058908670760686, "p2": 1.255328525846756}, "datetime": {"datetime": "2024-02-07 11:35:40", "elapsed": 1357.306094, "delta": 3.020179}}
{"target": 582.0060754850507, "params": {"d1": 0.9401844300708123, "d2": 1.1346852346815623, "i1": 0.5838201296046321, "i2": 0.19554860862158385, "p1": 0.6458395369303166, "p2": 2.066741914602436}, "datetime": {"datetime": "2024-02-07 11:35:44", "elapsed": 1361.244416, "delta": 3.938322}}
{"target": 519.7012600430102, "params": {"d1": 2.66218494925671, "d2": 5.0, "i1": 0.0, "i2": 0.0, "p1": 3.169556140258158, "p2": 5.0}, "datetime": {"datetime": "2024-02-07 11:35:47", "elapsed": 1364.254009, "delta": 3.009593}}
{"target": 520.9226694422961, "params": {"d1": 1.0045103173384833, "d2": 3.5901160826698915, "i1": 1.0, "i2": 1.0, "p1": 2.3312074655387205, "p2": 3.184038595974186}, "datetime": {"datetime": "2024-02-07 11:35:51", "elapsed": 1368.29241, "delta": 4.038401}}
{"target": 629.3768227486498, "params": {"d1": 1.814201217392525, "d2": 1.4983046129615005, "i1": 0.15246263246774325, "i2": 0.753861147627992, "p1": 1.7444784025446975, "p2": 2.204227598251343}, "datetime": {"datetime": "2024-02-07 11:35:56", "elapsed": 1372.612536, "delta": 4.320126}}
{"target": 270.4848899020255, "params": {"d1": 2.6616226784711143, "d2": 0.0, "i1": 0.0, "i2": 1.0, "p1": 2.5221555741822916, "p2": 5.0}, "datetime": {"datetime": "2024-02-07 11:35:59", "elapsed": 1375.655477, "delta": 3.042941}}
{"target": 545.8252021197975, "params": {"d1": 4.336979777147523, "d2": 1.6666342823876494, "i1": 0.0, "i2": 1.0, "p1": 4.126120494099819, "p2": 1.697348966058979}, "datetime": {"datetime": "2024-02-07 11:36:03", "elapsed": 1379.890601, "delta": 4.235124}}
{"target": 510.9667289862037, "params": {"d1": 3.921369157137843, "d2": 2.8940548742668257, "i1": 1.0, "i2": 0.0, "p1": 3.227701337242655, "p2": 2.9979003973327463}, "datetime": {"datetime": "2024-02-07 11:36:06", "elapsed": 1383.148939, "delta": 3.258338}}
{"target": 381.46486516013744, "params": {"d1": 5.0, "d2": 2.9276684889537616, "i1": 1.0, "i2": 0.0, "p1": 0.0, "p2": 2.8715402303660738}, "datetime": {"datetime": "2024-02-07 11:36:10", "elapsed": 1387.425985, "delta": 4.277046}}
{"target": 520.3939457733184, "params": {"d1": 3.427689961447662, "d2": 2.026453285219206, "i1": 1.0, "i2": 1.0, "p1": 5.0, "p2": 3.730435087257166}, "datetime": {"datetime": "2024-02-07 11:36:14", "elapsed": 1390.492646, "delta": 3.066661}}
