{"target": 504.1446186570078, "params": {"d1": 5.0, "d2": 1.0712325858227438, "i1": 0.0, "i2": 1.0, "p1": 5.0, "p2": 3.174417264146504}, "datetime": {"datetime": "2024-02-07 11:50:01", "elapsed": 2217.70313, "delta": 3.834904}}
{"target": 497.972861279957, "params": {"d1": 3.1646183107321137, "d2": 1.470319098685663, "i1": 1.0, "i2": 0.0, "p1": 1.9908162992780858, "p2": 1.9449188350337854}, "datetime": {"datetime": "2024-02-07 11:50:10", "elapsed": 2227.074292, "delta": 9.371162}}
{"target": 541.175632475242, "params": {"d1": 0.8526119117343427, "d2": 2.0827120851327483, "i1": 0.0, "i2": 1.0, "p1": 2.3951683930979057, "p2": 1.2831444425172076}, "datetime": {"datetime": "2024-02-07 11:50:16", "elapsed": 2232.965536, "delta": 5.891244}}
{"target": 654.0240093699842, "params": {"d1": 0.9376357199947223, "d2": 1.1287327121659434, "i1": 0.2636859935893376, "i2": 1.0, "p1": 1.1040641786492158, "p2": 1.7913921110316684}, "datetime": {"datetime": "2024-02-07 11:50:21", "elapsed": 2237.85001, "delta": 4.884474}}
{"target": 523.7507282098383, "params": {"d1": 2.1393605298228087, "d2": 2.9009495648353067, "i1": 0.490479312871448, "i2": 1.0, "p1": 4.130989087388149, "p2": 2.5694345129439378}, "datetime": {"datetime": "2024-02-07 11:50:25", "elapsed": 2241.728439, "delta": 3.878429}}
{"target": 521.844494587481, "params": {"d1": 2.4503158704634678, "d2": 3.243903185789254, "i1": 0.0, "i2": 0.0, "p1": 4.029970592489546, "p2": 3.9191519953332135}, "datetime": {"datetime": "2024-02-07 11:50:29", "elapsed": 2245.612947, "delta": 3.884508}}
{"target": 518.4133968108893, "params": {"d1": 1.0348297316035022, "d2": 1.7426333867263093, "i1": 0.0, "i2": 1.0, "p1": 1.9223157505584725, "p2": 4.369018969002597}, "datetime": {"datetime": "2024-02-07 11:50:33", "elapsed": 2250.297247, "delta": 4.6843}}
{"target": 516.3684565575048, "params": {"d1": 3.938767052519307, "d2": 2.028212220081385, "i1": 1.0, "i2": 0.0, "p1": 5.0, "p2": 4.190558359075929}, "datetime": {"datetime": "2024-02-07 11:50:38", "elapsed": 2254.63894, "delta": 4.341693}}
{"target": 490.00332423921674, "params": {"d1": 3.7757197942701537, "d2": 3.8741504872325563, "i1": 1.0, "i2": 0.0, "p1": 3.4221997914193407, "p2": 5.0}, "datetime": {"datetime": "2024-02-07 11:50:42", "elapsed": 2258.503818, "delta": 3.864878}}
{"target": 573.1695547948033, "params": {"d1": 1.20755437108144, "d2": 1.8939131758061243, "i1": 1.0, "i2": 0.0, "p1": 3.2519415318774323, "p2": 3.659628813536099}, "datetime": {"datetime": "2024-02-07 11:50:46", "elapsed": 2262.972995, "delta": 4.469177}}
{"target": 653.5755534289777, "params": {"d1": 1.2684355471366509, "d2": 1.7888364911818644, "i1": 1.0, "i2": 1.0, "p1": 2.0975061198679863, "p2": 2.3586987942589683}, "datetime": {"datetime": "2024-02-07 11:50:54", "elapsed": 2271.143692, "delta": 8.170697}}
{"target": 647.8306142108142, "params": {"d1": 1.5859462699391793, "d2": 1.0129854206101347, "i1": 1.0, "i2": 0.3169280865764582, "p1": 1.873392262963519, "p2": 1.4693279911583097}, "datetime": {"datetime": "2024-02-07 11:50:58", "elapsed": 2274.917522, "delta": 3.77383}}
{"target": 538.6032868425548, "params": {"d1": 0.9462062523918386, "d2": 2.109318692262068, "i1": 1.0, "i2": 0.0, "p1": 1.944239264845913, "p2": 5.0}, "datetime": {"datetime": "2024-02-07 11:51:03", "elapsed": 2279.694423, "delta": 4.776901}}
{"target": 539.4163169458881, "params": {"d1": 3.455035713233285, "d2": 2.070664307800767, "i1": 1.0, "i2": 0.0, "p1": 3.863849148168057, "p2": 3.8052410324153203}, "datetime": {"datetime": "2024-02-07 11:51:11", "elapsed": 2287.904467, "delta": 8.210044}}
{"target": 626.1528507569433, "params": {"d1": 2.043510510269856, "d2": 0.9501372470249577, "i1": 0.6070480227240638, "i2": 0.18936676859247978, "p1": 2.297729762474694, "p2": 1.3500526108032007}, "datetime": {"datetime": "2024-02-07 11:51:23", "elapsed": 2299.76426, "delta": 11.859793}}
{"target": 511.8793040531129, "params": {"d1": 2.1224553799672297, "d2": 5.0, "i1": 1.0, "i2": 1.0, "p1": 3.5992035733483916, "p2": 3.119963979334337}, "datetime": {"datetime": "2024-02-07 11:51:29", "elapsed": 2305.839714, "delta": 6.075454}}
{"target": 613.6027811327576, "params": {"d1": 2.2515778998170877, "d2": 1.8037835221463239, "i1": 0.624168380662162, "i2": 0.4813519353737286, "p1": 2.879046443725294, "p2": 1.5538608546111257}, "datetime": {"datetime": "2024-02-07 11:51:34", "elapsed": 2310.852466, "delta": 5.012752}}
{"target": 652.3275271948427, "params": {"d1": 1.205427767780342, "d2": 1.7631262824831462, "i1": 1.0, "i2": 1.0, "p1": 1.8064337989163077, "p2": 3.266042120251047}, "datetime": {"datetime": "2024-02-07 11:51:48", "elapsed": 2324.766222, "delta": 13.913756}}
{"target": 590.7045563393086, "params": {"d1": 1.574985842137001, "d2": 0.8472058692214055, "i1": 0.7000764114332504, "i2": 0.02497692951891652, "p1": 2.589250827444999, "p2": 1.429976221141401}, "datetime": {"datetime": "2024-02-07 11:51:57", "elapsed": 2334.312472, "delta": 9.54625}}
{"target": 647.1162614291161, "params": {"d1": 1.3518560174111067, "d2": 1.6247058811574824, "i1": 1.0, "i2": 0.32169597921600546, "p1": 1.8842637758322285, "p2": 3.0987543963608943}, "datetime": {"datetime": "2024-02-07 11:52:07", "elapsed": 2344.163265, "delta": 9.850793}}
{"target": 596.586112867035, "params": {"d1": 1.7187436499438036, "d2": 1.9756465841502442, "i1": 0.36132904370853663, "i2": 0.6744425333381749, "p1": 3.409121738362994, "p2": 1.350729086124108}, "datetime": {"datetime": "2024-02-07 11:52:13", "elapsed": 2349.80588, "delta": 5.642615}}
{"target": 588.5687373289466, "params": {"d1": 2.954242178899197, "d2": 1.8036518089041464, "i1": 0.0, "i2": 0.3329241928036234, "p1": 4.067501684135724, "p2": 2.556732912509248}, "datetime": {"datetime": "2024-02-07 11:52:18", "elapsed": 2354.655397, "delta": 4.849517}}
{"target": 497.99591801200063, "params": {"d1": 4.112004137670417, "d2": 3.761356037617424, "i1": 1.0, "i2": 0.0, "p1": 5.0, "p2": 3.721010643489105}, "datetime": {"datetime": "2024-02-07 11:52:23", "elapsed": 2360.114221, "delta": 5.458824}}
{"target": 612.6919577807934, "params": {"d1": 2.175825091282055, "d2": 1.5034879804018602, "i1": 0.2895789274480767, "i2": 1.0, "p1": 2.4912538332963097, "p2": 1.7920552447655667}, "datetime": {"datetime": "2024-02-07 11:52:32", "elapsed": 2369.389812, "delta": 9.275591}}
{"target": 527.5727697905899, "params": {"d1": 2.624727350668526, "d2": 2.600167185609175, "i1": 1.0, "i2": 0.0, "p1": 2.6934987898259255, "p2": 5.0}, "datetime": {"datetime": "2024-02-07 11:52:41", "elapsed": 2377.882659, "delta": 8.492847}}
{"target": 529.1974515433982, "params": {"d1": 1.8760242314427031, "d2": 5.0, "i1": 1.0, "i2": 0.0, "p1": 1.7053727313926834, "p2": 5.0}, "datetime": {"datetime": "2024-02-07 11:52:45", "elapsed": 2381.958416, "delta": 4.075757}}
{"target": 459.264831745103, "params": {"d1": 1.1384165924373657, "d2": 4.001446097344192, "i1": 0.0, "i2": 0.0, "p1": 1.6886390675674112, "p2": 1.6786129194549149}, "datetime": {"datetime": "2024-02-07 11:52:49", "elapsed": 2385.764972, "delta": 3.806556}}
{"target": 575.0926758008729, "params": {"d1": 2.327906140043664, "d2": 1.7241368970903004, "i1": 0.0, "i2": 0.0, "p1": 3.0066535166039956, "p2": 3.8978630726552685}, "datetime": {"datetime": "2024-02-07 11:52:55", "elapsed": 2391.92325, "delta": 6.158278}}
{"target": 623.0350453729183, "params": {"d1": 1.1350551318027458, "d2": 2.034317818656495, "i1": 0.5709969610469916, "i2": 0.24040224814764277, "p1": 1.1195939811001432, "p2": 2.1130208126187915}, "datetime": {"datetime": "2024-02-07 11:52:59", "elapsed": 2395.744474, "delta": 3.821224}}
{"target": 568.6279285638034, "params": {"d1": 3.2761045954367662, "d2": 1.7950169183280118, "i1": 0.45249120577001745, "i2": 0.442995960814006, "p1": 4.4670537880443835, "p2": 3.065844243524721}, "datetime": {"datetime": "2024-02-07 11:53:05", "elapsed": 2401.669738, "delta": 5.925264}}
{"target": 676.2052303535492, "params": {"d1": 1.0644326415369243, "d2": 1.198270049946687, "i1": 0.12322034043430369, "i2": 0.9665315123002507, "p1": 1.2951905410972697, "p2": 1.4926080029328819}, "datetime": {"datetime": "2024-02-07 11:53:11", "elapsed": 2407.755825, "delta": 6.086087}}
{"target": 501.6307823489234, "params": {"d1": 4.038044169421486, "d2": 5.0, "i1": 0.0, "i2": 0.0, "p1": 3.579828215818131, "p2": 5.0}, "datetime": {"datetime": "2024-02-07 11:53:15", "elapsed": 2412.091608, "delta": 4.335783}}
{"target": 467.51148653015497, "params": {"d1": 5.0, "d2": 3.7559010490617966, "i1": 0.0, "i2": 0.0, "p1": 3.458621434682869, "p2": 5.0}, "datetime": {"datetime": "2024-02-07 11:53:21", "elapsed": 2417.954251, "delta": 5.862643}}
{"target": 643.2002509415149, "params": {"d1": 1.1694611521406206, "d2": 2.182643242425931, "i1": 1.0, "i2": 1.0, "p1": 1.706737927946376, "p2": 3.19676460493717}, "datetime": {"datetime": "2024-02-07 11:53:26", "elapsed": 2422.50447, "delta": 4.550219}}
{"target": 577.11222369425, "params": {"d1": 2.2121197997175774, "d2": 2.1836419558273015, "i1": 0.4925247709454573, "i2": 1.0, "p1": 3.0716365308316957, "p2": 1.5212985922260578}, "datetime": {"datetime": "2024-02-07 11:53:29", "elapsed": 2426.422958, "delta": 3.918488}}
{"target": 605.5393469820916, "params": {"d1": 1.6036757679228524, "d2": 1.8448618018202678, "i1": 0.3158033790577409, "i2": 0.5458647082268975, "p1": 2.7399898378152865, "p2": 3.9090326939428195}, "datetime": {"datetime": "2024-02-07 11:53:36", "elapsed": 2432.669636, "delta": 6.246678}}
{"target": 652.2282572467625, "params": {"d1": 1.768862126044738, "d2": 1.2556910873324483, "i1": 0.7772376460998136, "i2": 1.0, "p1": 1.971819078779166, "p2": 1.7968952980579054}, "datetime": {"datetime": "2024-02-07 11:53:40", "elapsed": 2437.034121, "delta": 4.364485}}
{"target": 629.2589038255811, "params": {"d1": 2.356593457267198, "d2": 1.2478567311492932, "i1": 1.0, "i2": 0.2307121932311361, "p1": 2.547854584182858, "p2": 1.1006634761072958}, "datetime": {"datetime": "2024-02-07 11:53:45", "elapsed": 2442.13318, "delta": 5.099059}}
{"target": 498.3400131262466, "params": {"d1": 5.0, "d2": 1.8150456314805548, "i1": 1.0, "i2": 1.0, "p1": 5.0, "p2": 1.0172920393208975}, "datetime": {"datetime": "2024-02-07 11:53:51", "elapsed": 2447.70842, "delta": 5.57524}}
{"target": -32.87561066903174, "params": {"d1": 0.0, "d2": 3.0449163902238183, "i1": 1.0, "i2": 0.0, "p1": 0.0, "p2": 0.0}, "datetime": {"datetime": "2024-02-07 11:53:56", "elapsed": 2453.142512, "delta": 5.434092}}
{"target": 675.263227513656, "params": {"d1": 1.6787070917438915, "d2": 1.3653294639339997, "i1": 0.11423477517684882, "i2": 1.0, "p1": 2.507911908324402, "p2": 1.6557097788328217}, "datetime": {"datetime": "2024-02-07 11:54:01", "elapsed": 2457.815694, "delta": 4.673182}}
{"target": 480.68024447835984, "params": {"d1": 2.7740248759761625, "d2": 1.6370088270793512, "i1": 1.0, "i2": 0.0, "p1": 3.032221197514096, "p2": 1.2865057163807732}, "datetime": {"datetime": "2024-02-07 11:54:09", "elapsed": 2465.679816, "delta": 7.864122}}
{"target": 616.5981373402476, "params": {"d1": 2.251757411401218, "d2": 1.0438191016585792, "i1": 1.0, "i2": 0.5399348565632234, "p1": 1.2560822039787278, "p2": 2.295122659264371}, "datetime": {"datetime": "2024-02-07 11:54:15", "elapsed": 2471.845645, "delta": 6.165829}}
{"target": 417.43058463454247, "params": {"d1": 1.8302117585629885, "d2": 5.0, "i1": 1.0, "i2": 1.0, "p1": 5.0, "p2": 1.7619468469373336}, "datetime": {"datetime": "2024-02-07 11:54:19", "elapsed": 2476.227687, "delta": 4.382042}}
{"target": 602.8678289110959, "params": {"d1": 2.0678408025920594, "d2": 1.1017016227098784, "i1": 1.0, "i2": 0.43867917555212566, "p1": 2.731569239556463, "p2": 0.7714099500747945}, "datetime": {"datetime": "2024-02-07 11:54:25", "elapsed": 2482.109803, "delta": 5.882116}}
{"target": 544.2421828966587, "params": {"d1": 1.9565748829090657, "d2": 2.8266852752733325, "i1": 1.0, "i2": 1.0, "p1": 2.6031977699308495, "p2": 2.4434936104368297}, "datetime": {"datetime": "2024-02-07 11:54:31", "elapsed": 2488.349611, "delta": 6.239808}}
{"target": 642.7058830343187, "params": {"d1": 1.5691804859491614, "d2": 1.2938837724898373, "i1": 1.0, "i2": 1.0, "p1": 2.616192535562911, "p2": 2.0644916302012306}, "datetime": {"datetime": "2024-02-07 11:54:36", "elapsed": 2492.932229, "delta": 4.582618}}
{"target": 412.2171779952943, "params": {"d1": 2.3091723406074136, "d2": 0.7067846438930859, "i1": 1.0, "i2": 1.0, "p1": 1.183855976700138, "p2": 2.3168413175997076}, "datetime": {"datetime": "2024-02-07 11:54:40", "elapsed": 2497.207043, "delta": 4.274814}}
{"target": 568.22594794482, "params": {"d1": 1.103930743795758, "d2": 4.255481726920315, "i1": 1.0, "i2": 0.0, "p1": 1.4809587852965236, "p2": 4.322179625917377}, "datetime": {"datetime": "2024-02-07 11:54:46", "elapsed": 2503.436133, "delta": 6.22909}}
{"target": 554.7952281659841, "params": {"d1": 2.469296985667661, "d2": 1.5411325736893886, "i1": 1.0, "i2": 0.38913277561837306, "p1": 1.2986997902296566, "p2": 2.222596646685027}, "datetime": {"datetime": "2024-02-07 11:54:53", "elapsed": 2509.614007, "delta": 6.177874}}
{"target": 360.96794687613846, "params": {"d1": 5.0, "d2": 5.0, "i1": 1.0, "i2": 1.0, "p1": 5.0, "p2": 0.0}, "datetime": {"datetime": "2024-02-07 11:54:57", "elapsed": 2514.09444, "delta": 4.480433}}
{"target": 564.9694502115599, "params": {"d1": 2.640002457231639, "d2": 1.5541091031966463, "i1": 0.5031729889050611, "i2": 0.6271250947805914, "p1": 1.9242560105324953, "p2": 2.961025653234485}, "datetime": {"datetime": "2024-02-07 11:55:01", "elapsed": 2518.373557, "delta": 4.279117}}
{"target": 483.23495667191224, "params": {"d1": 2.8315834232435417, "d2": 0.8528081260693944, "i1": 1.0, "i2": 1.0, "p1": 5.0, "p2": 1.0671545012831485}, "datetime": {"datetime": "2024-02-07 11:55:12", "elapsed": 2528.795497, "delta": 10.42194}}
{"target": 622.4859848121554, "params": {"d1": 2.2507743752472105, "d2": 0.8268348760225958, "i1": 0.9837690485378892, "i2": 0.2881361322292002, "p1": 2.144748197852246, "p2": 1.056952277350407}, "datetime": {"datetime": "2024-02-07 11:55:16", "elapsed": 2533.128704, "delta": 4.333207}}
{"target": 596.1892755522207, "params": {"d1": 2.181785715477762, "d2": 1.1760307147567668, "i1": 1.0, "i2": 0.4578612592614446, "p1": 1.6889195823841403, "p2": 2.6641898961689043}, "datetime": {"datetime": "2024-02-07 11:55:23", "elapsed": 2540.324804, "delta": 7.1961}}
{"target": 660.3960906400531, "params": {"d1": 1.8044806703805323, "d2": 1.0984900557434423, "i1": 0.15304434606630724, "i2": 1.0, "p1": 2.087492020746203, "p2": 1.783414800978016}, "datetime": {"datetime": "2024-02-07 11:55:32", "elapsed": 2549.404917, "delta": 9.080113}}
{"target": 633.9858667325974, "params": {"d1": 2.1831876148486544, "d2": 1.2159268063228166, "i1": 0.7923710801506444, "i2": 0.43638047338432673, "p1": 2.1961464364719103, "p2": 1.0238761452322362}, "datetime": {"datetime": "2024-02-07 11:55:40", "elapsed": 2556.646077, "delta": 7.24116}}
{"target": 582.6904848311096, "params": {"d1": 1.7898156730471542, "d2": 1.1145754984095306, "i1": 1.0, "i2": 0.3937701557499548, "p1": 1.2284157204261854, "p2": 2.095387264208202}, "datetime": {"datetime": "2024-02-07 11:55:45", "elapsed": 2562.370796, "delta": 5.724719}}
{"target": 559.2505070951581, "params": {"d1": 3.675069480994517, "d2": 1.830906835813536, "i1": 0.0, "i2": 1.0, "p1": 2.619880571640741, "p2": 2.1148355141657924}, "datetime": {"datetime": "2024-02-07 11:55:49", "elapsed": 2566.184925, "delta": 3.814129}}
{"target": 660.9369650265575, "params": {"d1": 1.7364423539148695, "d2": 1.5056018688886337, "i1": 0.11162065466411793, "i2": 1.0, "p1": 2.706938060652588, "p2": 1.5851261802530399}, "datetime": {"datetime": "2024-02-07 11:55:56", "elapsed": 2573.159929, "delta": 6.975004}}
{"target": 477.95523311968896, "params": {"d1": 2.327134662307121, "d2": 2.882516585898788, "i1": 1.0, "i2": 1.0, "p1": 1.067623402421717, "p2": 3.07497058890718}, "datetime": {"datetime": "2024-02-07 11:56:03", "elapsed": 2579.93928, "delta": 6.779351}}
{"target": 455.37153409823776, "params": {"d1": 4.075630675741126, "d2": 3.5548555475391, "i1": 1.0, "i2": 0.0, "p1": 5.0, "p2": 1.9332264938572763}, "datetime": {"datetime": "2024-02-07 11:56:09", "elapsed": 2585.578252, "delta": 5.638972}}
{"target": 600.9173305159807, "params": {"d1": 2.3548586895786956, "d2": 1.158176309466783, "i1": 0.0, "i2": 0.48414622058048207, "p1": 3.3853917301475547, "p2": 1.6040104808299551}, "datetime": {"datetime": "2024-02-07 11:56:13", "elapsed": 2589.996908, "delta": 4.418656}}
{"target": 466.6053251064196, "params": {"d1": 5.0, "d2": 1.443199909278094, "i1": 1.0, "i2": 0.0, "p1": 1.4916534960474608, "p2": 2.4532016173472}, "datetime": {"datetime": "2024-02-07 11:56:21", "elapsed": 2597.984521, "delta": 7.987613}}
{"target": 356.11663357863205, "params": {"d1": 2.1889392659551463, "d2": 0.0, "i1": 0.0, "i2": 0.0, "p1": 2.8516131107343856, "p2": 0.0}, "datetime": {"datetime": "2024-02-07 11:56:25", "elapsed": 2601.952064, "delta": 3.967543}}
{"target": 535.4739272328094, "params": {"d1": 1.2524189594523074, "d2": 5.0, "i1": 0.0, "i2": 0.0, "p1": 2.0103306058095427, "p2": 4.161357074492168}, "datetime": {"datetime": "2024-02-07 11:56:33", "elapsed": 2610.336682, "delta": 8.384618}}
{"target": 565.2654133858346, "params": {"d1": 0.7611067144256412, "d2": 1.2654483813442816, "i1": 0.0, "i2": 0.17182773331463894, "p1": 1.4638739558865805, "p2": 3.2381480376198746}, "datetime": {"datetime": "2024-02-07 11:56:37", "elapsed": 2614.096766, "delta": 3.760084}}
{"target": 491.6450295357406, "params": {"d1": 2.78477508792145, "d2": 5.0, "i1": 0.0, "i2": 0.0, "p1": 4.3013585690098015, "p2": 4.038664199795267}, "datetime": {"datetime": "2024-02-07 11:56:43", "elapsed": 2619.912756, "delta": 5.81599}}
{"target": 571.7132435917854, "params": {"d1": 3.540107247706047, "d2": 1.2790331402426134, "i1": 0.45467588331925035, "i2": 0.5348936886971145, "p1": 4.117563216990179, "p2": 2.1436939756731093}, "datetime": {"datetime": "2024-02-07 11:56:49", "elapsed": 2625.608817, "delta": 5.696061}}
{"target": 376.3215517888591, "params": {"d1": 1.929324768454044, "d2": 1.6359657895333095, "i1": 0.0, "i2": 1.0, "p1": 3.5746335285081927, "p2": 0.0}, "datetime": {"datetime": "2024-02-07 11:56:55", "elapsed": 2631.541343, "delta": 5.932526}}
{"target": 492.8636609707773, "params": {"d1": 5.0, "d2": 3.2610102227787316, "i1": 1.0, "i2": 1.0, "p1": 5.0, "p2": 5.0}, "datetime": {"datetime": "2024-02-07 11:57:03", "elapsed": 2639.811745, "delta": 8.270402}}
{"target": 601.949234566316, "params": {"d1": 2.1689916464773615, "d2": 1.2307559003769517, "i1": 0.6005988342543493, "i2": 0.35936323240593904, "p1": 2.8888972790818506, "p2": 1.2462617166159922}, "datetime": {"datetime": "2024-02-07 11:57:11", "elapsed": 2647.990137, "delta": 8.178392}}
{"target": 657.0100133204833, "params": {"d1": 1.4816557233289531, "d2": 1.2897343109302206, "i1": 0.2968046448337594, "i2": 1.0, "p1": 2.417697920270129, "p2": 1.8173421390195752}, "datetime": {"datetime": "2024-02-07 11:57:15", "elapsed": 2652.338831, "delta": 4.348694}}
{"target": 540.0415446423367, "params": {"d1": 1.1239962766151965, "d2": 4.713761225218202, "i1": 0.5413405450147794, "i2": 0.6181303154577082, "p1": 1.3371000617363178, "p2": 4.128105154362041}, "datetime": {"datetime": "2024-02-07 11:57:20", "elapsed": 2656.773582, "delta": 4.434751}}
{"target": 498.2521616960317, "params": {"d1": 3.9834245500725003, "d2": 5.0, "i1": 0.0, "i2": 1.0, "p1": 5.0, "p2": 5.0}, "datetime": {"datetime": "2024-02-07 11:57:28", "elapsed": 2665.171337, "delta": 8.397755}}
{"target": 542.7134609455616, "params": {"d1": 2.5712486889701327, "d2": 1.6282495789454614, "i1": 1.0, "i2": 1.0, "p1": 4.119844221200643, "p2": 3.205334218854017}, "datetime": {"datetime": "2024-02-07 11:57:40", "elapsed": 2677.142101, "delta": 11.970764}}
{"target": 366.1186098737828, "params": {"d1": 2.7664218712755235, "d2": 5.0, "i1": 0.0, "i2": 1.0, "p1": 2.8136967927553265, "p2": 0.0}, "datetime": {"datetime": "2024-02-07 11:57:45", "elapsed": 2682.3794, "delta": 5.237299}}
{"target": 543.6111667618155, "params": {"d1": 1.427649730513187, "d2": 2.6888081074150127, "i1": 0.7146200240843753, "i2": 1.0, "p1": 2.3774937809906866, "p2": 1.4853038771408733}, "datetime": {"datetime": "2024-02-07 11:57:51", "elapsed": 2687.992038, "delta": 5.612638}}
{"target": 525.7307859109342, "params": {"d1": 3.1967932671198738, "d2": 1.6068232452693292, "i1": 1.0, "i2": 1.0, "p1": 2.1989638137831022, "p2": 3.724485865258428}, "datetime": {"datetime": "2024-02-07 11:57:57", "elapsed": 2694.267476, "delta": 6.275438}}
{"target": 559.7438053976745, "params": {"d1": 4.383409649483909, "d2": 1.324344540060195, "i1": 0.0, "i2": 1.0, "p1": 5.0, "p2": 2.098806709702209}, "datetime": {"datetime": "2024-02-07 11:58:02", "elapsed": 2699.419196, "delta": 5.15172}}
{"target": 498.17280594184996, "params": {"d1": 3.8907488216082844, "d2": 2.239323931555275, "i1": 0.0, "i2": 1.0, "p1": 4.183042753602925, "p2": 4.542120392386602}, "datetime": {"datetime": "2024-02-07 11:58:11", "elapsed": 2708.18024, "delta": 8.761044}}
{"target": 664.4991303166003, "params": {"d1": 1.7477626391539378, "d2": 1.3220083628234491, "i1": 0.22041978067490373, "i2": 1.0, "p1": 2.2638540774824514, "p2": 1.7836350511670824}, "datetime": {"datetime": "2024-02-07 11:58:18", "elapsed": 2714.52362, "delta": 6.34338}}
{"target": 594.5233817394078, "params": {"d1": 1.8281390850405363, "d2": 2.1174465527017614, "i1": 0.3647874428972586, "i2": 0.5887750833931493, "p1": 2.919863623375438, "p2": 3.0295034773272755}, "datetime": {"datetime": "2024-02-07 11:58:25", "elapsed": 2721.643906, "delta": 7.120286}}
{"target": 596.6656895711272, "params": {"d1": 2.363446593560327, "d2": 1.9758473111904575, "i1": 1.0, "i2": 0.0, "p1": 3.1149232757792427, "p2": 3.4199570359590545}, "datetime": {"datetime": "2024-02-07 11:58:33", "elapsed": 2729.867514, "delta": 8.223608}}
