{"target": 507.92465698227284, "params": {"d1": 2.7440675196366238, "d2": 3.5759468318620975, "i1": 0.6027633760716439, "i2": 0.5448831829968969, "p1": 2.1182739966945237, "p2": 3.2294705653332807}, "datetime": {"datetime": "2024-02-07 11:13:03", "elapsed": 0.0, "delta": 0.0}}
{"target": 515.0732639861106, "params": {"d1": 2.1879360563134624, "d2": 4.4588650039103985, "i1": 0.9636627605010293, "i2": 0.3834415188257777, "p1": 3.958625190413323, "p2": 2.644474598764522}, "datetime": {"datetime": "2024-02-07 11:13:03", "elapsed": 0.409507, "delta": 0.409507}}
{"target": 376.3375248559192, "params": {"d1": 2.8402228054696614, "d2": 4.627983191463305, "i1": 0.07103605819788694, "i2": 0.08712929970154071, "p1": 0.1010919872016286, "p2": 4.16309922773969}, "datetime": {"datetime": "2024-02-07 11:13:04", "elapsed": 0.952132, "delta": 0.542625}}
{"target": 488.91888369731606, "params": {"d1": 3.8907837547492523, "d2": 4.3500607412340955, "i1": 0.978618342232764, "i2": 0.7991585642167236, "p1": 2.3073968112646592, "p2": 3.902645881432277}, "datetime": {"datetime": "2024-02-07 11:13:05", "elapsed": 1.637792, "delta": 0.68566}}
{"target": 453.94722914502023, "params": {"d1": 0.5913721293446661, "d2": 3.199605106637619, "i1": 0.1433532874090464, "i2": 0.9446689170495839, "p1": 2.6092416087503585, "p2": 2.0733096999526177}, "datetime": {"datetime": "2024-02-07 11:13:05", "elapsed": 2.047154, "delta": 0.409362}}
{"target": 400.8755077346414, "params": {"d1": 1.322778060523135, "d2": 3.871168447171083, "i1": 0.45615033221654855, "i2": 0.5684339488686485, "p1": 0.09394900218177571, "p2": 3.0881774853793855}, "datetime": {"datetime": "2024-02-07 11:13:05", "elapsed": 2.437147, "delta": 0.389993}}
{"target": 468.84575132139025, "params": {"d1": 3.060478613612107, "d2": 3.0846699843737846, "i1": 0.9437480785146242, "i2": 0.6818202991034834, "p1": 1.79753950286893, "p2": 2.1851597689967073}, "datetime": {"datetime": "2024-02-07 11:13:06", "elapsed": 2.859766, "delta": 0.422619}}
{"target": 194.55993913523852, "params": {"d1": 3.4881559796363244, "d2": 0.30112735814634917, "i1": 0.6667667154456677, "i2": 0.6706378696181594, "p1": 1.0519128053692044, "p2": 0.6446314882742665}, "datetime": {"datetime": "2024-02-07 11:13:07", "elapsed": 3.487492, "delta": 0.627726}}
{"target": 428.7833088972047, "params": {"d1": 1.5771417546209192, "d2": 1.818553854713113, "i1": 0.5701967704178796, "i2": 0.43860151346232035, "p1": 4.941869190296131, "p2": 0.5102240537401403}, "datetime": {"datetime": "2024-02-07 11:13:07", "elapsed": 4.097318, "delta": 0.609826}}
{"target": 621.184732234031, "params": {"d1": 1.0443837804741736, "d2": 0.8065475894249813, "i1": 0.6531083254653984, "i2": 0.2532916025397821, "p1": 2.331553864281531, "p2": 1.2221279600080137}, "datetime": {"datetime": "2024-02-07 11:13:08", "elapsed": 4.508862, "delta": 0.411544}}
{"target": 520.0472868881375, "params": {"d1": 0.7948479182275986, "d2": 0.5518757058215257, "i1": 0.6563295894652734, "i2": 0.1381829513486138, "p1": 0.9829118084002675, "p2": 1.8436258533048204}, "datetime": {"datetime": "2024-02-07 11:13:08", "elapsed": 4.883668, "delta": 0.374806}}
{"target": 456.1081453160942, "params": {"d1": 4.104966149239676, "d2": 0.48550637896530635, "i1": 0.8379449074988039, "i2": 0.09609840789396307, "p1": 4.882297325066979, "p2": 2.343256008238508}, "datetime": {"datetime": "2024-02-07 11:13:08", "elapsed": 5.289367, "delta": 0.405699}}
{"target": 375.11969902794806, "params": {"d1": 4.883805440951686, "d2": 3.02422759872523, "i1": 0.7392635793983017, "i2": 0.039187792254320675, "p1": 1.414034812882048, "p2": 0.6009828060658445}, "datetime": {"datetime": "2024-02-07 11:13:09", "elapsed": 5.78108, "delta": 0.491713}}
{"target": 300.73482944913206, "params": {"d1": 1.4807009876107247, "d2": 0.5936385947712203, "i1": 0.317983179393976, "i2": 0.41426299451466997, "p1": 0.3207374817439218, "p2": 3.4623605968500994}, "datetime": {"datetime": "2024-02-07 11:13:10", "elapsed": 6.469536, "delta": 0.688456}}
{"target": 466.9087911561504, "params": {"d1": 2.8330072710328755, "d2": 1.326947454697227, "i1": 0.5232480534666997, "i2": 0.09394051075844168, "p1": 2.8797324777808964, "p2": 4.646480987881071}, "datetime": {"datetime": "2024-02-07 11:13:10", "elapsed": 6.864389, "delta": 0.394853}}
{"target": 513.0094437310845, "params": {"d1": 1.5928447622566182, "d2": 3.3370518998184084, "i1": 0.13179786240439217, "i2": 0.7163272041185655, "p1": 1.4470304647360055, "p2": 0.9159568100355842}, "datetime": {"datetime": "2024-02-07 11:13:10", "elapsed": 7.271219, "delta": 0.40683}}
{"target": 400.9577754959092, "params": {"d1": 2.9325646740504157, "d2": 0.10053773093746776, "i1": 0.8289400292173631, "i2": 0.004695476192547066, "p1": 3.3890826839811505, "p2": 1.3500398659608241}, "datetime": {"datetime": "2024-02-07 11:13:11", "elapsed": 7.662865, "delta": 0.391646}}
{"target": 505.0751388720423, "params": {"d1": 3.6759701106129743, "d2": 4.810942725587191, "i1": 0.24875314351995803, "i2": 0.5761573344178369, "p1": 2.9602096563591953, "p2": 2.861259528954367}, "datetime": {"datetime": "2024-02-07 11:13:11", "elapsed": 8.031272, "delta": 0.368407}}
{"target": 460.4708723185211, "params": {"d1": 1.1154081632030914, "d2": 4.763745057584925, "i1": 0.44712537861762736, "i2": 0.8464086724711278, "p1": 3.4973963765875213, "p2": 1.4871847542756682}, "datetime": {"datetime": "2024-02-07 11:13:11", "elapsed": 8.398497, "delta": 0.367225}}
{"target": 534.0378242900968, "params": {"d1": 4.068989098512386, "d2": 1.9825287042349231, "i1": 0.8811031971111616, "i2": 0.5812728726358587, "p1": 4.408676809274264, "p2": 3.4626579503888295}, "datetime": {"datetime": "2024-02-07 11:13:12", "elapsed": 8.956528, "delta": 0.558031}}
{"target": 494.48988760318605, "params": {"d1": 3.6262713990982025, "d2": 2.506621909633511, "i1": 0.9560836347232239, "i2": 0.6439901992296374, "p1": 2.1192752427908985, "p2": 3.031966070639622}, "datetime": {"datetime": "2024-02-07 11:13:12", "elapsed": 9.363871, "delta": 0.407343}}
{"target": 284.26144451204686, "params": {"d1": 0.09596599154666763, "d2": 1.5078740833727466, "i1": 0.660173537492685, "i2": 0.29007760721044407, "p1": 3.0900771449942077, "p2": 2.1438435047288307}, "datetime": {"datetime": "2024-02-07 11:13:13", "elapsed": 9.720606, "delta": 0.356735}}
{"target": 442.9965892530978, "params": {"d1": 0.6773703211122512, "d2": 1.4914116297801538, "i1": 0.5699649107012649, "i2": 0.5908727612481732, "p1": 2.871626244247894, "p2": 3.2660040992856683}, "datetime": {"datetime": "2024-02-07 11:13:13", "elapsed": 10.147702, "delta": 0.427096}}
{"target": 501.96189848393203, "params": {"d1": 3.2605163500084444, "d2": 2.15709217716987, "i1": 0.896546595851063, "i2": 0.36756187004789653, "p1": 2.179324626328134, "p2": 4.45961677507836}, "datetime": {"datetime": "2024-02-07 11:13:14", "elapsed": 10.583994, "delta": 0.436292}}
{"target": 497.60327459976077, "params": {"d1": 4.030969945230429, "d2": 3.5194429177018316, "i1": 0.10022688731230112, "i2": 0.9194826137446735, "p1": 3.571206497745557, "p2": 4.994235032839333}, "datetime": {"datetime": "2024-02-07 11:13:14", "elapsed": 11.258732, "delta": 0.674738}}
{"target": 554.0643058156967, "params": {"d1": 0.7472415232899687, "d2": 4.340630286841071, "i1": 0.16249293467637482, "i2": 0.6155595642838442, "p1": 0.6190999142472076, "p2": 4.240041146611172}, "datetime": {"datetime": "2024-02-07 11:13:15", "elapsed": 11.764813, "delta": 0.506081}}
{"target": 541.6262429444864, "params": {"d1": 4.036594793625054, "d2": 2.8455036930729665, "i1": 0.40718329722599966, "i2": 0.06916699545513805, "p1": 3.4871438657228184, "p2": 2.2677134133903443}, "datetime": {"datetime": "2024-02-07 11:13:15", "elapsed": 12.120144, "delta": 0.355331}}
{"target": 322.0784160833433, "params": {"d1": 3.61027799735174, "d2": 4.331911629643146, "i1": 0.9755215050028858, "i2": 0.855803342392611, "p1": 0.05857042092500986, "p2": 1.7998903223918195}, "datetime": {"datetime": "2024-02-07 11:13:16", "elapsed": 12.51719, "delta": 0.397046}}
{"target": 351.5815510921087, "params": {"d1": 3.64995281212029, "d2": 0.8581483863072026, "i1": 0.5210366062041293, "i2": 0.05433798833925363, "p1": 0.9999826244820004, "p2": 0.09260897230306986}, "datetime": {"datetime": "2024-02-07 11:13:16", "elapsed": 12.970901, "delta": 0.453711}}
{"target": 346.0187921343744, "params": {"d1": 3.968488516787103, "d2": 1.1196234403019005, "i1": 0.3453516806969027, "i2": 0.9280812934655909, "p1": 3.5220720096176636, "p2": 0.15919464765653923}, "datetime": {"datetime": "2024-02-07 11:13:17", "elapsed": 13.63992, "delta": 0.669019}}
{"target": 592.8778235426173, "params": {"d1": 0.8679653143708196, "d2": 0.5769635096127838, "i1": 0.6306719334895482, "i2": 0.10246569309998288, "p1": 1.8037204243711953, "p2": 0.781869049089977}, "datetime": {"datetime": "2024-02-07 11:13:18", "elapsed": 14.486203, "delta": 0.846283}}
{"target": 557.1048036750034, "params": {"d1": 1.1355107596750664, "d2": 1.5949398152616534, "i1": 0.5965547948029188, "i2": 0.30930477489565655, "p1": 1.7133744981166554, "p2": 0.7499296557387869}, "datetime": {"datetime": "2024-02-07 11:13:18", "elapsed": 15.288275, "delta": 0.802072}}
{"target": 355.9882133100927, "params": {"d1": 0.9830480581512755, "d2": 0.5710409870476136, "i1": 0.2738639975902571, "i2": 1.0, "p1": 2.075691136961081, "p2": 1.0413165878216735}, "datetime": {"datetime": "2024-02-07 11:13:19", "elapsed": 16.453831, "delta": 1.165556}}
{"target": 601.8191501830519, "params": {"d1": 1.138018571213252, "d2": 0.9691543134217553, "i1": 1.0, "i2": 0.0, "p1": 1.919893224204983, "p2": 1.1923601611353891}, "datetime": {"datetime": "2024-02-07 11:13:20", "elapsed": 17.451757, "delta": 0.997926}}
{"target": 491.6730833236873, "params": {"d1": 1.0573566914617083, "d2": 0.9707836921738888, "i1": 0.8343182850625878, "i2": 0.0, "p1": 2.459498946153241, "p2": 0.6535404629735063}, "datetime": {"datetime": "2024-02-07 11:13:21", "elapsed": 18.405725, "delta": 0.953968}}
{"target": 548.4198473296315, "params": {"d1": 0.9765732397973291, "d2": 0.9477473660955005, "i1": 0.3976434428774757, "i2": 0.0, "p1": 1.8693191148128603, "p2": 1.3462123065886602}, "datetime": {"datetime": "2024-02-07 11:13:23", "elapsed": 19.575423, "delta": 1.169698}}
{"target": 475.40252117447557, "params": {"d1": 0.9676600964409715, "d2": 0.366743840850761, "i1": 0.9261380135240909, "i2": 0.003383940648344157, "p1": 2.1271825638023967, "p2": 1.3393370880517168}, "datetime": {"datetime": "2024-02-07 11:13:24", "elapsed": 20.671554, "delta": 1.096131}}
{"target": 394.4652340391465, "params": {"d1": 3.9424979897064203, "d2": 4.636501996995713, "i1": 0.9909277453888534, "i2": 0.8035227605030054, "p1": 3.685596750459651, "p2": 0.5654915861879517}, "datetime": {"datetime": "2024-02-07 11:13:24", "elapsed": 21.287585, "delta": 0.616031}}
{"target": 567.5023219431937, "params": {"d1": 0.8018610776678381, "d2": 1.0722778652569245, "i1": 0.8419751826971583, "i2": 0.33173031265229974, "p1": 1.9560534836702506, "p2": 1.0592327750866812}, "datetime": {"datetime": "2024-02-07 11:13:26", "elapsed": 22.566738, "delta": 1.279153}}
{"target": 524.6827594009042, "params": {"d1": 1.9319534728505305, "d2": 4.596437503464733, "i1": 0.8593425466317786, "i2": 0.48136825563385754, "p1": 3.858120064665398, "p2": 2.5622373278196955}, "datetime": {"datetime": "2024-02-07 11:13:26", "elapsed": 23.40736, "delta": 0.840622}}
{"target": 486.76825267016886, "params": {"d1": 0.9988369203110703, "d2": 4.254448601870394, "i1": 0.19524860114909182, "i2": 0.7983294213884644, "p1": 0.5195708003428678, "p2": 4.2891407842667615}, "datetime": {"datetime": "2024-02-07 11:13:27", "elapsed": 24.091885, "delta": 0.684525}}
{"target": 370.22441570473836, "params": {"d1": 0.6848906170933994, "d2": 1.3027236693555637, "i1": 0.22595029562546942, "i2": 0.12947507483927623, "p1": 4.875307926959688, "p2": 2.801301052081635}, "datetime": {"datetime": "2024-02-07 11:13:28", "elapsed": 24.817689, "delta": 0.725804}}
{"target": 476.3749121426046, "params": {"d1": 4.632680146209049, "d2": 2.6735130959463027, "i1": 0.34844281451844317, "i2": 0.5585691568062746, "p1": 1.3556239594095953, "p2": 4.327877367281387}, "datetime": {"datetime": "2024-02-07 11:13:29", "elapsed": 25.680226, "delta": 0.862537}}
{"target": 620.9657689456642, "params": {"d1": 1.4729471137613208, "d2": 1.1132557360645872, "i1": 0.7189359225858278, "i2": 0.2737193353176046, "p1": 2.155061095357203, "p2": 1.2396660443432892}, "datetime": {"datetime": "2024-02-07 11:13:30", "elapsed": 27.065269, "delta": 1.385043}}
{"target": 612.1170587091148, "params": {"d1": 1.5216659504480239, "d2": 1.2328056746249656, "i1": 0.6831153591296584, "i2": 0.385534845665781, "p1": 1.4605050696835797, "p2": 0.9871982400564799}, "datetime": {"datetime": "2024-02-07 11:13:31", "elapsed": 27.943679, "delta": 0.87841}}
{"target": 622.6348832932115, "params": {"d1": 1.1508434801259626, "d2": 0.7707075290167903, "i1": 0.965568837295946, "i2": 0.07543211780374581, "p1": 1.3264661151977042, "p2": 0.5773584951121646}, "datetime": {"datetime": "2024-02-07 11:13:32", "elapsed": 29.053118, "delta": 1.109439}}
{"target": 513.0496136524529, "params": {"d1": 1.18943010417962, "d2": 1.220663945686521, "i1": 1.0, "i2": 0.0, "p1": 0.9970229744161271, "p2": 1.0475640631796534}, "datetime": {"datetime": "2024-02-07 11:13:33", "elapsed": 30.173647, "delta": 1.120529}}
{"target": 639.8814464984089, "params": {"d1": 1.5847700146729182, "d2": 0.7741794748120456, "i1": 0.7916585056833991, "i2": 0.2342222256773948, "p1": 1.5377380145290571, "p2": 0.8469166392963384}, "datetime": {"datetime": "2024-02-07 11:13:34", "elapsed": 31.1445, "delta": 0.970853}}
{"target": 451.3479354632646, "params": {"d1": 1.4387831553003458, "d2": 0.8480969197669042, "i1": 0.35607724031654414, "i2": 0.0, "p1": 1.423830979156596, "p2": 0.42736943916811343}, "datetime": {"datetime": "2024-02-07 11:13:36", "elapsed": 32.47951, "delta": 1.33501}}
{"target": 606.2366233417392, "params": {"d1": 1.3557338756694186, "d2": 0.9011041165439775, "i1": 1.0, "i2": 0.4971318998201785, "p1": 1.7232795497558302, "p2": 0.79539600428758}, "datetime": {"datetime": "2024-02-07 11:13:37", "elapsed": 33.606468, "delta": 1.126958}}
{"target": 635.9549826609343, "params": {"d1": 1.7825776897466783, "d2": 0.87217046484382, "i1": 1.0, "i2": 0.284374159140871, "p1": 1.590134429334343, "p2": 1.3864317240075255}, "datetime": {"datetime": "2024-02-07 11:13:38", "elapsed": 34.582844, "delta": 0.976376}}
{"target": 556.0735906661301, "params": {"d1": 1.9242936941131128, "d2": 1.2097241227923863, "i1": 1.0, "i2": 0.012749446102480593, "p1": 1.729770706540625, "p2": 0.9852509895737072}, "datetime": {"datetime": "2024-02-07 11:13:39", "elapsed": 35.680583, "delta": 1.097739}}
{"target": 473.5668923767656, "params": {"d1": 1.2029217755677708, "d2": 0.40212983353114073, "i1": 0.9964923229324085, "i2": 0.3191656389698472, "p1": 1.2751779667136809, "p2": 0.9177694296023614}, "datetime": {"datetime": "2024-02-07 11:13:40", "elapsed": 36.806727, "delta": 1.126144}}
{"target": 634.4983044229448, "params": {"d1": 1.516877862328238, "d2": 1.289451192830924, "i1": 1.0, "i2": 0.5320412137863885, "p1": 1.756685818265415, "p2": 1.6558266018428456}, "datetime": {"datetime": "2024-02-07 11:13:41", "elapsed": 37.665804, "delta": 0.859077}}
{"target": 607.7874321096763, "params": {"d1": 1.849058559847257, "d2": 1.0915177033869998, "i1": 0.5346007865857324, "i2": 0.3686405824195623, "p1": 1.7146503055878382, "p2": 1.7925115224713766}, "datetime": {"datetime": "2024-02-07 11:13:42", "elapsed": 38.78385, "delta": 1.118046}}
{"target": 205.6441032229364, "params": {"d1": 0.5226072521714993, "d2": 0.8829668467439395, "i1": 1.0, "i2": 0.0, "p1": 1.4464448375318972, "p2": 0.230286056676751}, "datetime": {"datetime": "2024-02-07 11:13:43", "elapsed": 39.663585, "delta": 0.879735}}
{"target": 446.12172117859126, "params": {"d1": 3.103283011876068, "d2": 1.1474981559412167, "i1": 0.7929519338904216, "i2": 0.25971577891011777, "p1": 0.2862837946227953, "p2": 1.8112099368875785}, "datetime": {"datetime": "2024-02-07 11:13:43", "elapsed": 40.333445, "delta": 0.66986}}
{"target": 555.7428778743744, "params": {"d1": 2.169350495736455, "d2": 4.385620257447751, "i1": 0.1775761576453624, "i2": 0.399828414586027, "p1": 2.0454636580569403, "p2": 3.422672745997135}, "datetime": {"datetime": "2024-02-07 11:13:44", "elapsed": 40.986707, "delta": 0.653262}}
{"target": 634.955816738978, "params": {"d1": 1.6030497302667335, "d2": 0.8398302535331762, "i1": 0.9415136624587612, "i2": 0.4460213918909839, "p1": 2.06365696046057, "p2": 1.692962003932173}, "datetime": {"datetime": "2024-02-07 11:13:45", "elapsed": 41.739452, "delta": 0.752745}}
{"target": 663.0012704232336, "params": {"d1": 1.9056523326797703, "d2": 1.0677747252787366, "i1": 0.8777835102477379, "i2": 0.7449124499680451, "p1": 1.8637819319900786, "p2": 1.3765331199884079}, "datetime": {"datetime": "2024-02-07 11:13:46", "elapsed": 42.588104, "delta": 0.848652}}
{"target": 388.27999111641196, "params": {"d1": 4.036860557838681, "d2": 3.697628048085173, "i1": 0.1555569776356075, "i2": 0.13979700237451054, "p1": 0.14339639691363593, "p2": 3.8578946052105803}, "datetime": {"datetime": "2024-02-07 11:13:46", "elapsed": 43.195996, "delta": 0.607892}}
{"target": 603.3840934040397, "params": {"d1": 2.083697376476329, "d2": 1.261286157536987, "i1": 1.0, "i2": 0.507236283213324, "p1": 2.0932757658540404, "p2": 1.716754194362834}, "datetime": {"datetime": "2024-02-07 11:13:47", "elapsed": 44.043221, "delta": 0.847225}}
{"target": 611.3871719364822, "params": {"d1": 1.8993587172967432, "d2": 0.912415657140706, "i1": 1.0, "i2": 0.8791195285846163, "p1": 1.6046220186716116, "p2": 1.8364188868233495}, "datetime": {"datetime": "2024-02-07 11:13:48", "elapsed": 45.000322, "delta": 0.957101}}
{"target": 499.84533099757505, "params": {"d1": 3.6719230803902874, "d2": 4.813559219660779, "i1": 0.18727105771572083, "i2": 0.7060606694620007, "p1": 2.856992608605029, "p2": 2.9195075448029066}, "datetime": {"datetime": "2024-02-07 11:13:49", "elapsed": 45.872824, "delta": 0.872502}}
{"target": 551.8832762685419, "params": {"d1": 1.9570537519119562, "d2": 1.559150110787524, "i1": 0.9131292484052592, "i2": 0.9240882279986012, "p1": 1.4936137404165493, "p2": 1.3990384040435155}, "datetime": {"datetime": "2024-02-07 11:13:50", "elapsed": 46.898279, "delta": 1.025455}}
{"target": 665.333498104401, "params": {"d1": 1.6139840607432387, "d2": 1.1807066396517685, "i1": 1.0, "i2": 1.0, "p1": 2.27501614816131, "p2": 1.5968998791441085}, "datetime": {"datetime": "2024-02-07 11:13:51", "elapsed": 48.057191, "delta": 1.158912}}
{"target": 651.895613584891, "params": {"d1": 1.8543159273499228, "d2": 1.132733298751447, "i1": 0.5242499180466668, "i2": 1.0, "p1": 2.219147276972292, "p2": 1.8386010184880093}, "datetime": {"datetime": "2024-02-07 11:13:52", "elapsed": 49.444122, "delta": 1.386931}}
{"target": 442.93041976064444, "params": {"d1": 1.7891361045512222, "d2": 0.5877596540152458, "i1": 0.7953255041243018, "i2": 0.921064972422375, "p1": 2.544111130440699, "p2": 1.714271428234705}, "datetime": {"datetime": "2024-02-07 11:13:54", "elapsed": 50.56535, "delta": 1.121228}}
{"target": 619.2990603883565, "params": {"d1": 1.5793785331837902, "d2": 1.6108888445139629, "i1": 0.6032732142438509, "i2": 0.9186210412660362, "p1": 2.202481611583119, "p2": 1.6357937550967123}, "datetime": {"datetime": "2024-02-07 11:13:55", "elapsed": 51.602477, "delta": 1.037127}}
{"target": 642.5089913567529, "params": {"d1": 1.3862108647550264, "d2": 1.195495228702423, "i1": 0.5762288290448871, "i2": 0.7906040272991621, "p1": 1.7719564416144546, "p2": 1.8147825978495717}, "datetime": {"datetime": "2024-02-07 11:13:56", "elapsed": 53.152937, "delta": 1.55046}}
{"target": 612.8891541364789, "params": {"d1": 2.1081854313120556, "d2": 1.5924327917635113, "i1": 0.2612821836243059, "i2": 0.7368445975883609, "p1": 2.2709051118116235, "p2": 2.3634315436687077}, "datetime": {"datetime": "2024-02-07 11:13:57", "elapsed": 54.139059, "delta": 0.986122}}
{"target": 629.7623594136536, "params": {"d1": 1.6530362652122066, "d2": 1.3930679374659214, "i1": 0.9037795765557644, "i2": 1.0, "p1": 2.0918223731743097, "p2": 2.2759996664247972}, "datetime": {"datetime": "2024-02-07 11:13:58", "elapsed": 55.308948, "delta": 1.169889}}
{"target": 656.7444711773843, "params": {"d1": 1.8460971710581269, "d2": 1.3501831243820919, "i1": 0.12952221813769427, "i2": 1.0, "p1": 1.7060307583100816, "p2": 2.2365441540582878}, "datetime": {"datetime": "2024-02-07 11:14:00", "elapsed": 56.550133, "delta": 1.241185}}
{"target": 631.7530069900304, "params": {"d1": 1.4212999805092066, "d2": 1.8305480444295645, "i1": 0.05041525322288541, "i2": 1.0, "p1": 1.8601263610605068, "p2": 2.494698479231273}, "datetime": {"datetime": "2024-02-07 11:14:01", "elapsed": 57.913205, "delta": 1.363072}}
{"target": 600.2646687613428, "params": {"d1": 1.9243429275687536, "d2": 1.993804833899685, "i1": 0.11938462899102942, "i2": 0.754812035383181, "p1": 1.4976294345691943, "p2": 1.9414918350251498}, "datetime": {"datetime": "2024-02-07 11:14:02", "elapsed": 58.96786, "delta": 1.054655}}
{"target": 578.371728143245, "params": {"d1": 2.093049792258326, "d2": 1.8533607740004325, "i1": 0.3886526235855734, "i2": 0.46826794239641567, "p1": 1.417937957261362, "p2": 2.6650339991640304}, "datetime": {"datetime": "2024-02-07 11:14:03", "elapsed": 60.165025, "delta": 1.197165}}
{"target": 220.56793861456217, "params": {"d1": 0.0700042163066672, "d2": 4.874387104753052, "i1": 0.37227574207282677, "i2": 0.16969733669787646, "p1": 0.4017414698466426, "p2": 4.563681911195875}, "datetime": {"datetime": "2024-02-07 11:14:05", "elapsed": 61.638214, "delta": 1.473189}}
