{"target": 559.0184045526386, "params": {"d1": 2.8044498703467604, "d2": 1.7878737945514553, "i1": 0.0, "i2": 1.0, "p1": 2.69414184981753, "p2": 3.7634049012175304}, "datetime": {"datetime": "2024-02-07 11:17:36", "elapsed": 272.922069, "delta": 1.207549}}
{"target": 532.2413759851456, "params": {"d1": 1.6001370289663133, "d2": 2.803829339606416, "i1": 0.0, "i2": 0.0, "p1": 3.6130770579354548, "p2": 1.4519846164901984}, "datetime": {"datetime": "2024-02-07 11:17:37", "elapsed": 274.349493, "delta": 1.427424}}
{"target": 570.6769103898108, "params": {"d1": 1.2459311781808844, "d2": 3.549353024428128, "i1": 1.0, "i2": 0.0, "p1": 1.3473357939479444, "p2": 3.8099794928750774}, "datetime": {"datetime": "2024-02-07 11:17:39", "elapsed": 275.805048, "delta": 1.455555}}
{"target": 581.811656357497, "params": {"d1": 1.9544239046974035, "d2": 2.0309198822337517, "i1": 0.4451123876518344, "i2": 0.0, "p1": 2.3367807230884514, "p2": 3.141142878605402}, "datetime": {"datetime": "2024-02-07 11:17:40", "elapsed": 277.057586, "delta": 1.252538}}
{"target": 523.8435265180468, "params": {"d1": 1.8976527166134678, "d2": 3.2993898171228273, "i1": 0.0, "i2": 0.0, "p1": 2.0500235849529473, "p2": 3.975447573760033}, "datetime": {"datetime": "2024-02-07 11:17:42", "elapsed": 278.533278, "delta": 1.475692}}
{"target": 597.584784077406, "params": {"d1": 1.6462318122987039, "d2": 2.614529024116582, "i1": 1.0, "i2": 0.0, "p1": 1.5496804391769414, "p2": 2.892892692693808}, "datetime": {"datetime": "2024-02-07 11:17:43", "elapsed": 280.243021, "delta": 1.709743}}
{"target": 546.199308308512, "params": {"d1": 1.233944496904483, "d2": 2.0734976177642523, "i1": 0.0, "i2": 0.0, "p1": 1.3051402489323707, "p2": 3.0925414642182028}, "datetime": {"datetime": "2024-02-07 11:17:45", "elapsed": 281.516172, "delta": 1.273151}}
{"target": 607.4643439306319, "params": {"d1": 1.7385204681005415, "d2": 1.5688634925132237, "i1": 1.0, "i2": 1.0, "p1": 3.7220977557027135, "p2": 3.269477086075366}, "datetime": {"datetime": "2024-02-07 11:17:46", "elapsed": 282.808403, "delta": 1.292231}}
{"target": 519.3699177874624, "params": {"d1": 2.110986886038694, "d2": 1.1082436894805483, "i1": 0.0, "i2": 0.5375338835171878, "p1": 3.427123341502685, "p2": 3.742797357147159}, "datetime": {"datetime": "2024-02-07 11:17:47", "elapsed": 284.007597, "delta": 1.199194}}
{"target": 327.5949074473232, "params": {"d1": 0.4997804435246163, "d2": 3.879838868942006, "i1": 1.0, "i2": 1.0, "p1": 1.5524269292411446, "p2": 5.0}, "datetime": {"datetime": "2024-02-07 11:17:48", "elapsed": 285.267772, "delta": 1.260175}}
{"target": 556.113621442914, "params": {"d1": 2.595402713458336, "d2": 1.8240995887984885, "i1": 1.0, "i2": 0.0, "p1": 2.8195694540398257, "p2": 2.5453974901387166}, "datetime": {"datetime": "2024-02-07 11:17:50", "elapsed": 286.46145, "delta": 1.193678}}
{"target": 592.3735431690515, "params": {"d1": 2.209290532574682, "d2": 2.3428279844705986, "i1": 1.0, "i2": 0.44878897940948903, "p1": 2.185802814822527, "p2": 3.320554795257626}, "datetime": {"datetime": "2024-02-07 11:17:51", "elapsed": 288.032629, "delta": 1.571179}}
{"target": 517.851669817865, "params": {"d1": 1.1048051999933255, "d2": 2.6306077225779094, "i1": 0.0, "i2": 0.0, "p1": 1.5618585691637499, "p2": 1.5736774773417233}, "datetime": {"datetime": "2024-02-07 11:17:53", "elapsed": 289.46507, "delta": 1.432441}}
{"target": 474.3246067712456, "params": {"d1": 1.0989813231414989, "d2": 4.325388103750331, "i1": 0.0, "i2": 0.0, "p1": 0.8838977727370599, "p2": 3.8532138655150816}, "datetime": {"datetime": "2024-02-07 11:17:54", "elapsed": 291.230975, "delta": 1.765905}}
{"target": 575.6867718613148, "params": {"d1": 1.5919508693999909, "d2": 2.2405481956978317, "i1": 0.0, "i2": 1.0, "p1": 4.062163868112629, "p2": 2.501042219140363}, "datetime": {"datetime": "2024-02-07 11:17:56", "elapsed": 293.343352, "delta": 2.112377}}
{"target": 440.32059710875154, "params": {"d1": 5.0, "d2": 5.0, "i1": 1.0, "i2": 0.0, "p1": 5.0, "p2": 2.034795658996436}, "datetime": {"datetime": "2024-02-07 11:18:00", "elapsed": 296.552832, "delta": 3.20948}}
{"target": 532.4735383815691, "params": {"d1": 5.0, "d2": 1.7050449350505756, "i1": 0.0, "i2": 0.0, "p1": 5.0, "p2": 3.7111188870054406}, "datetime": {"datetime": "2024-02-07 11:18:01", "elapsed": 298.356848, "delta": 1.804016}}
{"target": 563.8240841757133, "params": {"d1": 1.8238357726365326, "d2": 2.6043765187005556, "i1": 1.0, "i2": 0.0, "p1": 2.0748190176930397, "p2": 5.0}, "datetime": {"datetime": "2024-02-07 11:18:03", "elapsed": 299.718441, "delta": 1.361593}}
{"target": 507.2442206029594, "params": {"d1": 2.84490340123323, "d2": 3.9987491439833938, "i1": 1.0, "i2": 1.0, "p1": 3.047458546662843, "p2": 5.0}, "datetime": {"datetime": "2024-02-07 11:18:04", "elapsed": 301.038627, "delta": 1.320186}}
{"target": 592.781246760115, "params": {"d1": 2.0009934533979363, "d2": 1.9424198601120408, "i1": 0.8182636719521098, "i2": 0.6258856504255998, "p1": 3.6361178947680957, "p2": 2.9464303458095777}, "datetime": {"datetime": "2024-02-07 11:18:05", "elapsed": 302.213827, "delta": 1.1752}}
{"target": 613.4226023139804, "params": {"d1": 1.4827731459743396, "d2": 1.9444449245093993, "i1": 1.0, "i2": 0.5523335031901389, "p1": 1.4501674849818975, "p2": 2.7725598356153314}, "datetime": {"datetime": "2024-02-07 11:18:06", "elapsed": 303.436734, "delta": 1.222907}}
{"target": 577.9982212348282, "params": {"d1": 1.2864055583243257, "d2": 1.0306312171727043, "i1": 1.0, "i2": 0.0, "p1": 1.1740090616308678, "p2": 2.5009394244785477}, "datetime": {"datetime": "2024-02-07 11:18:08", "elapsed": 304.69833, "delta": 1.261596}}
{"target": 579.4053796240687, "params": {"d1": 0.929753024856091, "d2": 2.387454146913556, "i1": 1.0, "i2": 0.0, "p1": 1.8685070892173985, "p2": 3.5315829614327225}, "datetime": {"datetime": "2024-02-07 11:18:09", "elapsed": 305.815275, "delta": 1.116945}}
{"target": 613.7130967698246, "params": {"d1": 1.4792372530586817, "d2": 2.2128698539872715, "i1": 0.4136521383748961, "i2": 1.0, "p1": 1.3260471353636383, "p2": 2.526156186822538}, "datetime": {"datetime": "2024-02-07 11:18:10", "elapsed": 307.419846, "delta": 1.604571}}
{"target": 577.3756250428409, "params": {"d1": 1.5173993434164703, "d2": 4.075667077875392, "i1": 1.0, "i2": 1.0, "p1": 1.7625288275702535, "p2": 3.1746239964550056}, "datetime": {"datetime": "2024-02-07 11:18:12", "elapsed": 308.627076, "delta": 1.20723}}
{"target": 532.4498934724927, "params": {"d1": 2.422920268089216, "d2": 1.9706426768943461, "i1": 0.0, "i2": 0.0, "p1": 5.0, "p2": 2.2144026468437814}, "datetime": {"datetime": "2024-02-07 11:18:13", "elapsed": 310.308517, "delta": 1.681441}}
{"target": 501.017490863055, "params": {"d1": 2.1532237191155867, "d2": 1.8154045667966494, "i1": 1.0, "i2": 1.0, "p1": 2.6065996669339238, "p2": 5.0}, "datetime": {"datetime": "2024-02-07 11:18:14", "elapsed": 311.393887, "delta": 1.08537}}
{"target": 650.8249093797803, "params": {"d1": 1.0804627107322866, "d2": 1.9343202107076254, "i1": 1.0, "i2": 1.0, "p1": 1.8578365138291433, "p2": 2.7828822951133043}, "datetime": {"datetime": "2024-02-07 11:18:16", "elapsed": 313.134448, "delta": 1.740561}}
{"target": 496.82705354735253, "params": {"d1": 3.5526111523630495, "d2": 5.0, "i1": 0.0, "i2": 0.0, "p1": 5.0, "p2": 5.0}, "datetime": {"datetime": "2024-02-07 11:18:18", "elapsed": 314.705841, "delta": 1.571393}}
{"target": 432.3940091574192, "params": {"d1": 5.0, "d2": 5.0, "i1": 0.0, "i2": 1.0, "p1": 3.3086059232946052, "p2": 1.8847077054138552}, "datetime": {"datetime": "2024-02-07 11:18:19", "elapsed": 316.326522, "delta": 1.620681}}
{"target": 421.2897679311037, "params": {"d1": 3.1420569930565168, "d2": 1.850777335238292, "i1": 0.0, "i2": 0.0, "p1": 1.0444302005791428, "p2": 5.0}, "datetime": {"datetime": "2024-02-07 11:18:21", "elapsed": 317.493726, "delta": 1.167204}}
{"target": 541.2251226264983, "params": {"d1": 3.6559033255560665, "d2": 1.410692163808514, "i1": 1.0, "i2": 0.0, "p1": 5.0, "p2": 3.2966077803817417}, "datetime": {"datetime": "2024-02-07 11:18:22", "elapsed": 318.720625, "delta": 1.226899}}
{"target": 538.1343164175004, "params": {"d1": 2.5654030543237236, "d2": 2.2824493334453795, "i1": 0.0, "i2": 0.0, "p1": 2.466157242958791, "p2": 2.1146174851164576}, "datetime": {"datetime": "2024-02-07 11:18:23", "elapsed": 320.186207, "delta": 1.465582}}
{"target": 623.57256151855, "params": {"d1": 2.127723808205025, "d2": 1.4041285547291977, "i1": 0.0, "i2": 1.0, "p1": 2.077587264260286, "p2": 1.751381520627615}, "datetime": {"datetime": "2024-02-07 11:18:25", "elapsed": 321.692654, "delta": 1.506447}}
{"target": 477.5185343741625, "params": {"d1": 5.0, "d2": 5.0, "i1": 1.0, "i2": 0.0, "p1": 3.3705235118973134, "p2": 5.0}, "datetime": {"datetime": "2024-02-07 11:18:26", "elapsed": 323.22983, "delta": 1.537176}}
{"target": 494.82186098873615, "params": {"d1": 3.7815237690085763, "d2": 2.4886703577228038, "i1": 0.0, "i2": 0.0, "p1": 2.6885964992271316, "p2": 3.8440074095555086}, "datetime": {"datetime": "2024-02-07 11:18:28", "elapsed": 324.649967, "delta": 1.420137}}
{"target": 605.192634345591, "params": {"d1": 1.760696066660447, "d2": 1.4681059977737323, "i1": 1.0, "i2": 1.0, "p1": 2.899515787005041, "p2": 2.9068029418523937}, "datetime": {"datetime": "2024-02-07 11:18:30", "elapsed": 326.462597, "delta": 1.81263}}
{"target": 505.2446399591863, "params": {"d1": 5.0, "d2": 1.8822685290597434, "i1": 1.0, "i2": 0.0, "p1": 5.0, "p2": 1.6661273307132003}, "datetime": {"datetime": "2024-02-07 11:18:31", "elapsed": 328.354666, "delta": 1.892069}}
{"target": 569.8185542868823, "params": {"d1": 2.5878460442925038, "d2": 2.0360224172839407, "i1": 0.0, "i2": 0.0, "p1": 3.3536428750683376, "p2": 3.1842772442503313}, "datetime": {"datetime": "2024-02-07 11:18:33", "elapsed": 329.587277, "delta": 1.232611}}
{"target": 648.6086242749542, "params": {"d1": 1.1126881097923598, "d2": 1.47099986321675, "i1": 0.5591767968194534, "i2": 1.0, "p1": 1.5908645469614957, "p2": 2.5983600088877634}, "datetime": {"datetime": "2024-02-07 11:18:34", "elapsed": 330.922774, "delta": 1.335497}}
{"target": 552.9627635324746, "params": {"d1": 5.0, "d2": 1.5642472421153206, "i1": 1.0, "i2": 1.0, "p1": 4.361729125439133, "p2": 2.900022155972867}, "datetime": {"datetime": "2024-02-07 11:18:35", "elapsed": 332.300726, "delta": 1.377952}}
{"target": 534.4735047937185, "params": {"d1": 2.2288019529078, "d2": 5.0, "i1": 0.0, "i2": 1.0, "p1": 3.8228755385539186, "p2": 3.2635390805664057}, "datetime": {"datetime": "2024-02-07 11:18:37", "elapsed": 334.032016, "delta": 1.73129}}
{"target": 494.0039426403493, "params": {"d1": 5.0, "d2": 2.4774533090778874, "i1": 1.0, "i2": 1.0, "p1": 3.926287815874411, "p2": 5.0}, "datetime": {"datetime": "2024-02-07 11:18:38", "elapsed": 335.339562, "delta": 1.307546}}
{"target": 535.2566151966527, "params": {"d1": 4.357874462757797, "d2": 1.7811361131588046, "i1": 1.0, "i2": 0.0, "p1": 3.710527355784382, "p2": 2.755159244169145}, "datetime": {"datetime": "2024-02-07 11:18:40", "elapsed": 336.865826, "delta": 1.526264}}
{"target": 613.2259251074493, "params": {"d1": 0.9556828096511887, "d2": 1.532261242997831, "i1": 0.6962985252594117, "i2": 0.4532881820105185, "p1": 1.32264654055404, "p2": 2.3461077026559716}, "datetime": {"datetime": "2024-02-07 11:18:42", "elapsed": 338.653464, "delta": 1.787638}}
{"target": 514.7293097917735, "params": {"d1": 1.6535041631773848, "d2": 5.0, "i1": 0.0, "i2": 1.0, "p1": 2.023953636209584, "p2": 4.112556050240337}, "datetime": {"datetime": "2024-02-07 11:18:43", "elapsed": 340.180606, "delta": 1.527142}}
{"target": 682.4314304325729, "params": {"d1": 1.797625871361727, "d2": 1.2261440061779663, "i1": 0.8065868436819527, "i2": 1.0, "p1": 1.9706684768750333, "p2": 1.6661417389278677}, "datetime": {"datetime": "2024-02-07 11:18:45", "elapsed": 341.60061, "delta": 1.420004}}
{"target": 486.4907991969399, "params": {"d1": 2.8961157388809946, "d2": 5.0, "i1": 1.0, "i2": 1.0, "p1": 1.4554832189889348, "p2": 5.0}, "datetime": {"datetime": "2024-02-07 11:18:46", "elapsed": 342.867404, "delta": 1.266794}}
{"target": 537.2981802663579, "params": {"d1": 2.9782768318579045, "d2": 1.3705868372511552, "i1": 1.0, "i2": 0.0, "p1": 1.5592856888312574, "p2": 3.0154146637349157}, "datetime": {"datetime": "2024-02-07 11:18:47", "elapsed": 344.445885, "delta": 1.578481}}
{"target": 603.556750160791, "params": {"d1": 2.1586599429231437, "d2": 1.3428522391615876, "i1": 0.5204600331482477, "i2": 1.0, "p1": 1.9039687335862705, "p2": 1.9718463316825363}, "datetime": {"datetime": "2024-02-07 11:18:49", "elapsed": 346.269771, "delta": 1.823886}}
{"target": 504.1353710988164, "params": {"d1": 3.8016759167658543, "d2": 2.668450284742014, "i1": 1.0, "i2": 0.0, "p1": 3.770646028823766, "p2": 5.0}, "datetime": {"datetime": "2024-02-07 11:18:51", "elapsed": 347.629894, "delta": 1.360123}}
{"target": 493.84753720358015, "params": {"d1": 2.3524516532650934, "d2": 4.010240372009084, "i1": 0.0, "i2": 0.0, "p1": 5.0, "p2": 3.723816863602418}, "datetime": {"datetime": "2024-02-07 11:18:52", "elapsed": 349.120178, "delta": 1.490284}}
{"target": 550.9387242779508, "params": {"d1": 1.5786172788599584, "d2": 4.179817716708289, "i1": 1.0, "i2": 0.0, "p1": 2.297299269561622, "p2": 4.200740385111407}, "datetime": {"datetime": "2024-02-07 11:18:54", "elapsed": 350.516038, "delta": 1.39586}}
{"target": 196.41522890859284, "params": {"d1": 0.0, "d2": 3.509905592086197, "i1": 0.0, "i2": 1.0, "p1": 2.6612785077761094, "p2": 0.0}, "datetime": {"datetime": "2024-02-07 11:18:55", "elapsed": 352.107962, "delta": 1.591924}}
{"target": 541.6379669776932, "params": {"d1": 1.6250441166018463, "d2": 4.057666493556655, "i1": 0.0, "i2": 1.0, "p1": 3.6713062040096767, "p2": 5.0}, "datetime": {"datetime": "2024-02-07 11:18:57", "elapsed": 353.617978, "delta": 1.510016}}
{"target": 596.7236797553301, "params": {"d1": 2.5554680878715987, "d2": 1.5411383341987022, "i1": 0.0, "i2": 1.0, "p1": 3.44975475120507, "p2": 1.9473587140860902}, "datetime": {"datetime": "2024-02-07 11:18:59", "elapsed": 355.466715, "delta": 1.848737}}
{"target": 402.2203431367129, "params": {"d1": 5.0, "d2": 5.0, "i1": 0.0, "i2": 1.0, "p1": 1.1746106482634895, "p2": 3.615866426534502}, "datetime": {"datetime": "2024-02-07 11:19:01", "elapsed": 358.272404, "delta": 2.805689}}
{"target": 581.2520078272372, "params": {"d1": 1.6821700762233285, "d2": 2.725872659143052, "i1": 0.5178186373366217, "i2": 0.35837140842869064, "p1": 2.69618307352577, "p2": 2.5991162693966468}, "datetime": {"datetime": "2024-02-07 11:19:03", "elapsed": 359.806907, "delta": 1.534503}}
{"target": 579.9799854207039, "params": {"d1": 1.7079233950873731, "d2": 2.214430652930918, "i1": 0.0, "i2": 0.0, "p1": 3.0682709736251996, "p2": 3.951120856618954}, "datetime": {"datetime": "2024-02-07 11:19:04", "elapsed": 361.158243, "delta": 1.351336}}
{"target": 524.7707572285458, "params": {"d1": 2.005614238605619, "d2": 5.0, "i1": 1.0, "i2": 1.0, "p1": 2.4242364263024947, "p2": 5.0}, "datetime": {"datetime": "2024-02-07 11:19:06", "elapsed": 362.560167, "delta": 1.401924}}
{"target": 627.0910628945007, "params": {"d1": 1.4322007104348968, "d2": 1.937323845939428, "i1": 1.0, "i2": 0.0, "p1": 2.459767518321182, "p2": 3.152152238815577}, "datetime": {"datetime": "2024-02-07 11:19:07", "elapsed": 364.02126, "delta": 1.461093}}
{"target": 544.608363557756, "params": {"d1": 1.6327226345866805, "d2": 5.0, "i1": 0.0, "i2": 0.0, "p1": 3.5603683376694257, "p2": 5.0}, "datetime": {"datetime": "2024-02-07 11:19:09", "elapsed": 365.484638, "delta": 1.463378}}
{"target": 549.2657777640223, "params": {"d1": 1.9350045203455428, "d2": 2.1500248899395493, "i1": 1.0, "i2": 1.0, "p1": 2.9424237053541566, "p2": 0.923138552771596}, "datetime": {"datetime": "2024-02-07 11:19:10", "elapsed": 366.802526, "delta": 1.317888}}
{"target": 519.5382152310013, "params": {"d1": 2.9868782281663924, "d2": 1.0741468139353652, "i1": 0.0, "i2": 0.0, "p1": 2.3331715713598653, "p2": 3.22796720153992}, "datetime": {"datetime": "2024-02-07 11:19:11", "elapsed": 368.111401, "delta": 1.308875}}
{"target": 632.8385899150371, "params": {"d1": 1.2000786417758078, "d2": 2.5538173208189248, "i1": 1.0, "i2": 1.0, "p1": 1.6427956606347576, "p2": 2.9129640539298953}, "datetime": {"datetime": "2024-02-07 11:19:13", "elapsed": 369.935153, "delta": 1.823752}}
{"target": 644.7678155815602, "params": {"d1": 1.6226517393636917, "d2": 1.104643861122638, "i1": 0.8205324117994568, "i2": 0.8093602754523266, "p1": 1.9955144452348474, "p2": 1.5325616901281196}, "datetime": {"datetime": "2024-02-07 11:19:14", "elapsed": 371.375274, "delta": 1.440121}}
{"target": 579.9980566866695, "params": {"d1": 2.653332147436403, "d2": 1.887957770064077, "i1": 0.0, "i2": 1.0, "p1": 2.6874886392605575, "p2": 2.6300828954157134}, "datetime": {"datetime": "2024-02-07 11:19:16", "elapsed": 372.941065, "delta": 1.565791}}
{"target": 505.7823232739791, "params": {"d1": 3.469019416590477, "d2": 1.8900856606894947, "i1": 0.0, "i2": 0.0, "p1": 4.213881425358767, "p2": 1.7197243233492476}, "datetime": {"datetime": "2024-02-07 11:19:17", "elapsed": 374.434743, "delta": 1.493678}}
{"target": 621.1459115460515, "params": {"d1": 2.0626884888088193, "d2": 1.3182457621807062, "i1": 1.0, "i2": 1.0, "p1": 2.2798431585014076, "p2": 1.3297057097353338}, "datetime": {"datetime": "2024-02-07 11:19:19", "elapsed": 375.78931, "delta": 1.354567}}
{"target": 602.7793418750167, "params": {"d1": 1.5050478090665158, "d2": 1.420007799430318, "i1": 0.0, "i2": 1.0, "p1": 1.8436870901917037, "p2": 1.9645557462026781}, "datetime": {"datetime": "2024-02-07 11:19:21", "elapsed": 377.654609, "delta": 1.865299}}
{"target": 654.0412175232917, "params": {"d1": 1.590788853350719, "d2": 1.6332902164029546, "i1": 1.0, "i2": 1.0, "p1": 2.759434957599939, "p2": 1.8598941927806945}, "datetime": {"datetime": "2024-02-07 11:19:22", "elapsed": 379.234008, "delta": 1.579399}}
{"target": 589.3824638850987, "params": {"d1": 1.8567435196314857, "d2": 1.401872711579043, "i1": 0.0, "i2": 0.0, "p1": 3.479869595453364, "p2": 2.1637161148705246}, "datetime": {"datetime": "2024-02-07 11:19:24", "elapsed": 380.936761, "delta": 1.702753}}
{"target": 438.40982237041, "params": {"d1": 2.509595040513025, "d2": 2.091253715594934, "i1": 1.0, "i2": 0.0, "p1": 0.0, "p2": 2.662180444503598}, "datetime": {"datetime": "2024-02-07 11:19:26", "elapsed": 382.500661, "delta": 1.5639}}
{"target": 584.6215495219082, "params": {"d1": 1.615587907711118, "d2": 0.9838115782120197, "i1": 1.0, "i2": 0.0, "p1": 2.190885586753331, "p2": 3.0907314234716057}, "datetime": {"datetime": "2024-02-07 11:19:27", "elapsed": 384.112814, "delta": 1.612153}}
{"target": 555.7847480869293, "params": {"d1": 1.393833542373758, "d2": 0.7848057738986801, "i1": 1.0, "i2": 0.0, "p1": 1.6001996213738954, "p2": 0.7185321043304235}, "datetime": {"datetime": "2024-02-07 11:19:29", "elapsed": 385.544087, "delta": 1.431273}}
{"target": 610.0243205259741, "params": {"d1": 1.5120648856266758, "d2": 1.6346467437519105, "i1": 1.0, "i2": 0.0, "p1": 2.0089905423994026, "p2": 3.8415569599340054}, "datetime": {"datetime": "2024-02-07 11:19:31", "elapsed": 387.50227, "delta": 1.958183}}
{"target": 574.0795013675838, "params": {"d1": 1.3912776970130578, "d2": 1.2316443721877581, "i1": 1.0, "i2": 0.0, "p1": 2.5222922035565136, "p2": 1.9476264325698696}, "datetime": {"datetime": "2024-02-07 11:19:32", "elapsed": 388.818794, "delta": 1.316524}}
{"target": 359.004284683913, "params": {"d1": 2.5511930399796463, "d2": 5.0, "i1": 0.0, "i2": 1.0, "p1": 5.0, "p2": 0.0}, "datetime": {"datetime": "2024-02-07 11:19:33", "elapsed": 390.119827, "delta": 1.301033}}
{"target": 529.7494413856604, "params": {"d1": 2.039206088830921, "d2": 1.668918399504518, "i1": 0.0, "i2": 0.0, "p1": 3.664955175531934, "p2": 1.1782484360468422}, "datetime": {"datetime": "2024-02-07 11:19:35", "elapsed": 391.838559, "delta": 1.718732}}
{"target": 639.0507428731024, "params": {"d1": 1.0655501119178805, "d2": 1.6825113840955659, "i1": 1.0, "i2": 1.0, "p1": 1.7440095461996061, "p2": 2.0394010576632287}, "datetime": {"datetime": "2024-02-07 11:19:36", "elapsed": 393.459906, "delta": 1.621347}}
{"target": 579.9153454113007, "params": {"d1": 1.711550962172689, "d2": 1.3090670724105076, "i1": 1.0, "i2": 0.0, "p1": 3.2152223571094636, "p2": 3.341790300180861}, "datetime": {"datetime": "2024-02-07 11:19:38", "elapsed": 395.121466, "delta": 1.66156}}
{"target": 369.98823549881575, "params": {"d1": 5.0, "d2": 2.9902684923473064, "i1": 1.0, "i2": 1.0, "p1": 3.094412600769668, "p2": 0.0}, "datetime": {"datetime": "2024-02-07 11:19:39", "elapsed": 396.342199, "delta": 1.220733}}
{"target": 258.3006268778071, "params": {"d1": 0.0, "d2": 2.456773649385177, "i1": 1.0, "i2": 1.0, "p1": 5.0, "p2": 5.0}, "datetime": {"datetime": "2024-02-07 11:19:41", "elapsed": 397.551749, "delta": 1.20955}}
{"target": 598.9626730665565, "params": {"d1": 1.733334206949169, "d2": 1.8603924822531128, "i1": 0.0, "i2": 0.0, "p1": 3.827176268552005, "p2": 3.0271179842153444}, "datetime": {"datetime": "2024-02-07 11:19:43", "elapsed": 399.589602, "delta": 2.037853}}
{"target": 548.6856456295028, "params": {"d1": 2.17273283472716, "d2": 1.9108693311244453, "i1": 1.0, "i2": 1.0, "p1": 3.6414806015667383, "p2": 4.046178610212994}, "datetime": {"datetime": "2024-02-07 11:19:44", "elapsed": 401.356344, "delta": 1.766742}}
{"target": 488.3080637158453, "params": {"d1": 5.0, "d2": 5.0, "i1": 0.0, "i2": 1.0, "p1": 5.0, "p2": 3.973545661006756}, "datetime": {"datetime": "2024-02-07 11:19:46", "elapsed": 402.912962, "delta": 1.556618}}
{"target": 457.6498017521948, "params": {"d1": 1.57453051623251, "d2": 0.941691958761845, "i1": 1.0, "i2": 0.4645922248553886, "p1": 1.035418352364185, "p2": 0.3916473644293791}, "datetime": {"datetime": "2024-02-07 11:19:48", "elapsed": 404.859742, "delta": 1.94678}}
