{"target": 602.1392743030191, "params": {"d1": 2.0085085680056776, "d2": 1.4643260089157673, "i1": 0.0, "i2": 0.0, "p1": 3.7979968554554473, "p2": 3.454082916519679}, "datetime": {"datetime": "2024-02-07 12:08:12", "elapsed": 3308.9759, "delta": 5.802225}}
{"target": 629.4875380287319, "params": {"d1": 1.0918114312955736, "d2": 1.4358614028923906, "i1": 0.09205551512749494, "i2": 0.42615542785811883, "p1": 1.375061562337032, "p2": 2.801143875998404}, "datetime": {"datetime": "2024-02-07 12:08:16", "elapsed": 3313.3414, "delta": 4.3655}}
{"target": 607.668053766191, "params": {"d1": 0.856916019140032, "d2": 1.4804088736634065, "i1": 0.33940541852547446, "i2": 0.541888295678951, "p1": 1.5046296357053555, "p2": 2.861505473823384}, "datetime": {"datetime": "2024-02-07 12:08:21", "elapsed": 3317.580346, "delta": 4.238946}}
{"target": 614.2269294555485, "params": {"d1": 1.152121576027567, "d2": 1.6406718833088698, "i1": 0.579717137184381, "i2": 1.0, "p1": 1.0726419401600735, "p2": 3.323947113130344}, "datetime": {"datetime": "2024-02-07 12:08:25", "elapsed": 3322.244309, "delta": 4.663963}}
{"target": 578.8484732946754, "params": {"d1": 2.044161036305953, "d2": 1.7451432162888394, "i1": 0.0, "i2": 0.5698648658828487, "p1": 4.155184633131339, "p2": 3.242497475298758}, "datetime": {"datetime": "2024-02-07 12:08:32", "elapsed": 3328.843948, "delta": 6.599639}}
{"target": 471.00907628357413, "params": {"d1": 3.2050595734728327, "d2": 3.6495482519226714, "i1": 1.0, "i2": 0.0, "p1": 1.7059449853114799, "p2": 3.913335142628432}, "datetime": {"datetime": "2024-02-07 12:08:42", "elapsed": 3338.790446, "delta": 9.946498}}
{"target": 514.3705737323733, "params": {"d1": 4.269895897514795, "d2": 2.0708178707300604, "i1": 1.0, "i2": 0.0, "p1": 3.0139999231804366, "p2": 4.093161218996166}, "datetime": {"datetime": "2024-02-07 12:08:46", "elapsed": 3343.189669, "delta": 4.399223}}
{"target": 628.7757123490424, "params": {"d1": 1.1160238718922633, "d2": 1.2327189607525473, "i1": 0.6257620641320802, "i2": 1.0, "p1": 1.0255549604678984, "p2": 2.322499708754604}, "datetime": {"datetime": "2024-02-07 12:08:51", "elapsed": 3348.094566, "delta": 4.904897}}
{"target": 619.8441076657176, "params": {"d1": 1.6742538071185844, "d2": 0.8639809144400084, "i1": 0.6366255124240529, "i2": 0.30973425090887646, "p1": 2.1384290363230463, "p2": 0.8380840416561958}, "datetime": {"datetime": "2024-02-07 12:08:57", "elapsed": 3354.40678, "delta": 6.312214}}
{"target": 548.2499930328131, "params": {"d1": 1.8104984928801733, "d2": 3.2631651599258036, "i1": 1.0, "i2": 0.0, "p1": 1.9986479542889588, "p2": 2.865123404756276}, "datetime": {"datetime": "2024-02-07 12:09:15", "elapsed": 3371.476528, "delta": 17.069748}}
{"target": 452.6869150032103, "params": {"d1": 1.0158705998159017, "d2": 2.9765048750226066, "i1": 1.0, "i2": 0.0, "p1": 3.426248783216728, "p2": 3.6687776748845424}, "datetime": {"datetime": "2024-02-07 12:09:27", "elapsed": 3384.06584, "delta": 12.589312}}
{"target": 542.2259171157702, "params": {"d1": 4.086520232254771, "d2": 1.942373987184131, "i1": 0.0, "i2": 0.0, "p1": 5.0, "p2": 3.3040235520062984}, "datetime": {"datetime": "2024-02-07 12:09:34", "elapsed": 3391.067847, "delta": 7.002007}}
{"target": 491.9981192653626, "params": {"d1": 1.3485421432716542, "d2": 4.139667890053718, "i1": 0.0, "i2": 0.0, "p1": 4.380177790834599, "p2": 5.0}, "datetime": {"datetime": "2024-02-07 12:09:53", "elapsed": 3410.239132, "delta": 19.171285}}
{"target": 559.6944085513055, "params": {"d1": 1.2796858894965815, "d2": 1.711455247724702, "i1": 0.0, "i2": 1.0, "p1": 3.0575420808371856, "p2": 4.025265004638057}, "datetime": {"datetime": "2024-02-07 12:10:01", "elapsed": 3418.275678, "delta": 8.036546}}
{"target": 542.938185654208, "params": {"d1": 2.5390579066134524, "d2": 1.6250270586624427, "i1": 0.0, "i2": 0.0, "p1": 3.8774875217625944, "p2": 1.9900850976933495}, "datetime": {"datetime": "2024-02-07 12:10:09", "elapsed": 3425.56523, "delta": 7.289552}}
{"target": 522.0342033115029, "params": {"d1": 1.6462793653967085, "d2": 2.583005962625038, "i1": 0.0, "i2": 1.0, "p1": 2.4426229799562567, "p2": 5.0}, "datetime": {"datetime": "2024-02-07 12:10:13", "elapsed": 3430.297013, "delta": 4.731783}}
