{"target": 620.2755934945867, "params": {"d1": 1.4561286523876844, "d2": 2.317007030240302, "i1": 0.5659957874981129, "i2": 0.0, "p1": 1.7718898246654078, "p2": 3.239799222295077}, "datetime": {"datetime": "2024-02-07 11:42:55", "elapsed": 1792.30867, "delta": 5.017826}}
{"target": 627.5927651514113, "params": {"d1": 1.4658059387516258, "d2": 1.678395173399733, "i1": 0.2845261815257793, "i2": 1.0, "p1": 2.8256829763550924, "p2": 1.4605666703388431}, "datetime": {"datetime": "2024-02-07 11:42:59", "elapsed": 1795.997626, "delta": 3.688956}}
{"target": 596.6098806529492, "params": {"d1": 1.274631867300129, "d2": 1.8162227587676956, "i1": 0.05429638277150395, "i2": 0.9667159381114034, "p1": 3.2240372685777476, "p2": 1.7335813536840443}, "datetime": {"datetime": "2024-02-07 11:43:04", "elapsed": 1801.151586, "delta": 5.15396}}
{"target": 572.8527887007594, "params": {"d1": 1.1000425795555455, "d2": 2.7691006023052176, "i1": 0.22585090406667316, "i2": 1.0, "p1": 2.105845693888696, "p2": 1.253287785852972}, "datetime": {"datetime": "2024-02-07 11:43:10", "elapsed": 1806.814976, "delta": 5.66339}}
{"target": 617.4197278372943, "params": {"d1": 1.611182346698333, "d2": 1.6157673075175307, "i1": 0.0, "i2": 0.8376106580513929, "p1": 2.7622785513437393, "p2": 1.7960930577881458}, "datetime": {"datetime": "2024-02-07 11:43:13", "elapsed": 1810.203222, "delta": 3.388246}}
{"target": 529.1062873842567, "params": {"d1": 1.02976419526727, "d2": 2.984579085063304, "i1": 1.0, "i2": 0.0, "p1": 1.0690000538397704, "p2": 3.083099674020069}, "datetime": {"datetime": "2024-02-07 11:43:17", "elapsed": 1814.150589, "delta": 3.947367}}
{"target": 637.9262998351455, "params": {"d1": 1.180337273962303, "d2": 1.3806767697960498, "i1": 0.9454362220839736, "i2": 0.9074445505697185, "p1": 1.953055833178734, "p2": 1.7360815520096824}, "datetime": {"datetime": "2024-02-07 11:43:21", "elapsed": 1817.980572, "delta": 3.829983}}
{"target": 524.1046171016619, "params": {"d1": 4.066279085925851, "d2": 1.6089069821999613, "i1": 1.0, "i2": 1.0, "p1": 1.6335705523129782, "p2": 3.3194388821777183}, "datetime": {"datetime": "2024-02-07 11:43:25", "elapsed": 1821.577895, "delta": 3.597323}}
{"target": 589.8645333883167, "params": {"d1": 1.5255017588196749, "d2": 3.5963596841021825, "i1": 1.0, "i2": 0.33359302402757834, "p1": 1.8322236073499552, "p2": 3.43732272777755}, "datetime": {"datetime": "2024-02-07 11:43:29", "elapsed": 1826.226583, "delta": 4.648688}}
{"target": 472.2569599869102, "params": {"d1": 3.498002497939224, "d2": 2.0487813494443174, "i1": 1.0, "i2": 1.0, "p1": 0.8142139395068161, "p2": 2.5804816328377}, "datetime": {"datetime": "2024-02-07 11:43:33", "elapsed": 1829.83244, "delta": 3.605857}}
{"target": 572.8578999321163, "params": {"d1": 1.2414713904289032, "d2": 0.9380811468050919, "i1": 1.0, "i2": 0.4202748877276568, "p1": 1.8532063747358027, "p2": 2.817226617363629}, "datetime": {"datetime": "2024-02-07 11:43:38", "elapsed": 1834.538312, "delta": 4.705872}}
{"target": 453.5345269408822, "params": {"d1": 5.0, "d2": 2.515080007303652, "i1": 1.0, "i2": 1.0, "p1": 1.5721878574608308, "p2": 3.5724157220830035}, "datetime": {"datetime": "2024-02-07 11:43:45", "elapsed": 1841.730847, "delta": 7.192535}}
{"target": 608.1841633896157, "params": {"d1": 1.5874432507623268, "d2": 1.3721028054245434, "i1": 1.0, "i2": 0.0, "p1": 1.8147609413906758, "p2": 2.813990465280076}, "datetime": {"datetime": "2024-02-07 11:43:49", "elapsed": 1846.328994, "delta": 4.598147}}
{"target": 486.46852100024, "params": {"d1": 3.0236635482492784, "d2": 1.776254466142793, "i1": 1.0, "i2": 1.0, "p1": 2.5734067216378196, "p2": 0.9568029712008586}, "datetime": {"datetime": "2024-02-07 11:43:54", "elapsed": 1851.452083, "delta": 5.123089}}
{"target": 380.5934622753039, "params": {"d1": 1.7720926347740762, "d2": 1.2754628632312073, "i1": 1.0, "i2": 1.0, "p1": 0.0, "p2": 2.2282644723486476}, "datetime": {"datetime": "2024-02-07 11:43:58", "elapsed": 1855.144543, "delta": 3.69246}}
{"target": 604.8320767562092, "params": {"d1": 1.2703759844507088, "d2": 1.4221189394895075, "i1": 1.0, "i2": 0.0, "p1": 1.3698705959537507, "p2": 3.42155648992302}, "datetime": {"datetime": "2024-02-07 11:44:03", "elapsed": 1860.072188, "delta": 4.927645}}
{"target": 465.42716643229124, "params": {"d1": 3.7071217902209215, "d2": 5.0, "i1": 1.0, "i2": 1.0, "p1": 2.289008769369362, "p2": 2.1605621856501993}, "datetime": {"datetime": "2024-02-07 11:44:07", "elapsed": 1863.539527, "delta": 3.467339}}
{"target": 530.9397555071115, "params": {"d1": 1.2642359505693728, "d2": 3.831148014506282, "i1": 0.0, "i2": 0.0, "p1": 3.0209415536447763, "p2": 5.0}, "datetime": {"datetime": "2024-02-07 11:44:10", "elapsed": 1866.653441, "delta": 3.113914}}
{"target": 627.0673905527592, "params": {"d1": 1.920354106058121, "d2": 2.0572295947567523, "i1": 1.0, "i2": 1.0, "p1": 2.480941179788628, "p2": 1.8045459504984835}, "datetime": {"datetime": "2024-02-07 11:44:14", "elapsed": 1870.797387, "delta": 4.143946}}
{"target": 656.8042324011028, "params": {"d1": 1.893770464890527, "d2": 1.7436695479641007, "i1": 0.32652961120469215, "i2": 0.9979653327659738, "p1": 3.13585512575135, "p2": 1.6518523152938154}, "datetime": {"datetime": "2024-02-07 11:44:19", "elapsed": 1876.121171, "delta": 5.323784}}
{"target": 354.39971242658794, "params": {"d1": 0.8580879883041372, "d2": 2.189940400281248, "i1": 1.0, "i2": 1.0, "p1": 3.1072942234597805, "p2": 0.7974997093724363}, "datetime": {"datetime": "2024-02-07 11:44:26", "elapsed": 1882.746697, "delta": 6.625526}}
{"target": 631.0496710827201, "params": {"d1": 1.7065452241906593, "d2": 1.826155219411586, "i1": 0.30412846300377094, "i2": 1.0, "p1": 2.8367039163026626, "p2": 1.7636555858698084}, "datetime": {"datetime": "2024-02-07 11:44:34", "elapsed": 1890.973897, "delta": 8.2272}}
{"target": 619.3392687872052, "params": {"d1": 2.401965216390553, "d2": 1.6431606216131933, "i1": 0.35388192643796235, "i2": 1.0, "p1": 3.009706044655366, "p2": 1.562340922350984}, "datetime": {"datetime": "2024-02-07 11:44:38", "elapsed": 1895.373495, "delta": 4.399598}}
{"target": 627.3479997199773, "params": {"d1": 1.5486007823695416, "d2": 1.8574972025137964, "i1": 0.4306185364489303, "i2": 1.0, "p1": 3.491112017404466, "p2": 2.8265565170099016}, "datetime": {"datetime": "2024-02-07 11:44:45", "elapsed": 1902.25863, "delta": 6.885135}}
{"target": 559.2310899017007, "params": {"d1": 1.2448530478290718, "d2": 2.4847712974384786, "i1": 1.0, "i2": 0.0, "p1": 1.2691973171354656, "p2": 5.0}, "datetime": {"datetime": "2024-02-07 11:44:50", "elapsed": 1906.921449, "delta": 4.662819}}
{"target": 528.0128797265887, "params": {"d1": 5.0, "d2": 1.748885436509995, "i1": 1.0, "i2": 1.0, "p1": 2.5691802656877494, "p2": 2.8830956237802945}, "datetime": {"datetime": "2024-02-07 11:44:54", "elapsed": 1911.239668, "delta": 4.318219}}
{"target": 583.3346672818064, "params": {"d1": 1.7374876804077444, "d2": 1.4591774201373635, "i1": 0.5125303851698143, "i2": 0.545474712058544, "p1": 3.7590626529061715, "p2": 1.9747777436387564}, "datetime": {"datetime": "2024-02-07 11:44:58", "elapsed": 1914.822415, "delta": 3.582747}}
{"target": 624.2816292628646, "params": {"d1": 1.414768602145474, "d2": 1.3203277029387166, "i1": 1.0, "i2": 0.3463443947596027, "p1": 1.4768515606475965, "p2": 2.8373834812721954}, "datetime": {"datetime": "2024-02-07 11:45:03", "elapsed": 1919.529687, "delta": 4.707272}}
{"target": 531.0495385874062, "params": {"d1": 2.890505267179959, "d2": 1.069369333271407, "i1": 1.0, "i2": 1.0, "p1": 1.5583958178420774, "p2": 2.998578301070905}, "datetime": {"datetime": "2024-02-07 11:45:06", "elapsed": 1923.164695, "delta": 3.635008}}
{"target": 665.8286662389711, "params": {"d1": 0.9529517697240412, "d2": 1.1885710269535512, "i1": 0.31495845114292315, "i2": 0.8669026571729607, "p1": 1.1791212715358705, "p2": 1.5812759697593906}, "datetime": {"datetime": "2024-02-07 11:45:10", "elapsed": 1926.470484, "delta": 3.305789}}
{"target": 635.7324573047459, "params": {"d1": 1.2401762662215228, "d2": 1.2824174745548464, "i1": 1.0, "i2": 1.0, "p1": 2.778828402118309, "p2": 1.5931020323438714}, "datetime": {"datetime": "2024-02-07 11:45:13", "elapsed": 1929.849512, "delta": 3.379028}}
{"target": 140.63261382490396, "params": {"d1": 1.2866590425045514, "d2": 0.0, "i1": 1.0, "i2": 1.0, "p1": 5.0, "p2": 3.2177573849271734}, "datetime": {"datetime": "2024-02-07 11:45:16", "elapsed": 1933.333174, "delta": 3.483662}}
{"target": 654.122689049393, "params": {"d1": 0.9303664102838958, "d2": 1.3828368863382938, "i1": 0.21493843558511902, "i2": 1.0, "p1": 1.2096087944993283, "p2": 1.6740658223274114}, "datetime": {"datetime": "2024-02-07 11:45:22", "elapsed": 1938.751579, "delta": 5.418405}}
{"target": 636.8326978454738, "params": {"d1": 1.4851975411074003, "d2": 1.4914208390624546, "i1": 1.0, "i2": 1.0, "p1": 2.4862306536662926, "p2": 1.5992869334705344}, "datetime": {"datetime": "2024-02-07 11:45:29", "elapsed": 1946.164412, "delta": 7.412833}}
{"target": 587.9145277544856, "params": {"d1": 1.5174579228083604, "d2": 1.2169857762937357, "i1": 1.0, "i2": 0.0, "p1": 1.9410834953013438, "p2": 1.620622786262559}, "datetime": {"datetime": "2024-02-07 11:45:34", "elapsed": 1951.455073, "delta": 5.290661}}
{"target": 182.97298734605312, "params": {"d1": 2.289228812982732, "d2": 0.0, "i1": 1.0, "i2": 0.0, "p1": 0.0, "p2": 5.0}, "datetime": {"datetime": "2024-02-07 11:45:42", "elapsed": 1958.521327, "delta": 7.066254}}
{"target": 582.4777704606578, "params": {"d1": 1.2898668183857895, "d2": 1.8493120070871136, "i1": 0.0, "i2": 0.0, "p1": 1.9157521415992496, "p2": 3.7630844399360837}, "datetime": {"datetime": "2024-02-07 11:45:45", "elapsed": 1962.186477, "delta": 3.66515}}
{"target": 515.0782454016804, "params": {"d1": 2.3103978271644117, "d2": 5.0, "i1": 1.0, "i2": 0.0, "p1": 2.8653217500478227, "p2": 5.0}, "datetime": {"datetime": "2024-02-07 11:45:54", "elapsed": 1970.93511, "delta": 8.748633}}
{"target": 489.615665108636, "params": {"d1": 4.116333264345917, "d2": 3.8943588912281473, "i1": 1.0, "i2": 1.0, "p1": 3.85026512831059, "p2": 4.1733286627248685}, "datetime": {"datetime": "2024-02-07 11:46:01", "elapsed": 1977.579629, "delta": 6.644519}}
{"target": 626.3774793982506, "params": {"d1": 0.8474659628205261, "d2": 1.0812600333494962, "i1": 0.07903855090575328, "i2": 0.6931894175841843, "p1": 1.1481093825509812, "p2": 1.7554409009315053}, "datetime": {"datetime": "2024-02-07 11:46:08", "elapsed": 1984.946447, "delta": 7.366818}}
{"target": 580.9793652141094, "params": {"d1": 1.842550377959082, "d2": 2.3638893138249455, "i1": 0.5854775101754279, "i2": 0.5000261885847831, "p1": 1.4923603155035245, "p2": 2.2432440161180707}, "datetime": {"datetime": "2024-02-07 11:46:16", "elapsed": 1992.67606, "delta": 7.729613}}
{"target": 502.27594092145563, "params": {"d1": 2.615015705528964, "d2": 0.8843400114062326, "i1": 1.0, "i2": 0.0, "p1": 3.028196376712581, "p2": 3.0606019123286283}, "datetime": {"datetime": "2024-02-07 11:46:22", "elapsed": 1999.18697, "delta": 6.51091}}
{"target": 506.868923031874, "params": {"d1": 1.4280556048209234, "d2": 1.6565976019161521, "i1": 1.0, "i2": 0.0, "p1": 2.940699617983326, "p2": 5.0}, "datetime": {"datetime": "2024-02-07 11:46:26", "elapsed": 2003.063732, "delta": 3.876762}}
{"target": 613.6824336272664, "params": {"d1": 1.1551226027934685, "d2": 1.4308665958381388, "i1": 1.0, "i2": 0.0, "p1": 1.9056148140191205, "p2": 3.322146717332655}, "datetime": {"datetime": "2024-02-07 11:46:32", "elapsed": 2008.589158, "delta": 5.525426}}
{"target": 478.1211236363649, "params": {"d1": 2.7027893891762917, "d2": 3.5275240732575033, "i1": 1.0, "i2": 1.0, "p1": 5.0, "p2": 1.899856787011815}, "datetime": {"datetime": "2024-02-07 11:46:36", "elapsed": 2013.435613, "delta": 4.846455}}
{"target": 305.7889631574601, "params": {"d1": 3.1984355976987473, "d2": 2.4514757470832884, "i1": 0.0, "i2": 0.0, "p1": 2.216643912231566, "p2": 0.0}, "datetime": {"datetime": "2024-02-07 11:46:42", "elapsed": 2018.50125, "delta": 5.065637}}
{"target": 565.2888437865674, "params": {"d1": 5.0, "d2": 1.5398814311768527, "i1": 1.0, "i2": 1.0, "p1": 2.923728083118023, "p2": 1.6303774561989197}, "datetime": {"datetime": "2024-02-07 11:46:47", "elapsed": 2023.51189, "delta": 5.01064}}
{"target": 528.6372950540483, "params": {"d1": 1.5517139396895654, "d2": 3.608729130041837, "i1": 0.2731080226624626, "i2": 1.0, "p1": 2.2518101661000514, "p2": 1.388658856018692}, "datetime": {"datetime": "2024-02-07 11:46:50", "elapsed": 2026.803877, "delta": 3.291987}}
{"target": 658.478505121395, "params": {"d1": 1.668934748180128, "d2": 0.9328263259621452, "i1": 1.0, "i2": 0.34495405520587286, "p1": 1.8052097039496602, "p2": 1.7004573908930494}, "datetime": {"datetime": "2024-02-07 11:46:53", "elapsed": 2030.284461, "delta": 3.480584}}
{"target": 506.9984490223229, "params": {"d1": 2.0682301377502634, "d2": 1.6969026416585633, "i1": 0.0, "i2": 0.0, "p1": 3.864042690355254, "p2": 5.0}, "datetime": {"datetime": "2024-02-07 11:47:00", "elapsed": 2037.189742, "delta": 6.905281}}
{"target": 624.1711778452247, "params": {"d1": 1.0553452606825697, "d2": 1.7548390750246412, "i1": 0.24949552637428876, "i2": 1.0, "p1": 1.527625277909964, "p2": 3.464274672119202}, "datetime": {"datetime": "2024-02-07 11:47:07", "elapsed": 2043.803993, "delta": 6.614251}}
{"target": 587.9964473469555, "params": {"d1": 1.1777083962708235, "d2": 1.9491860805596288, "i1": 1.0, "i2": 0.0, "p1": 1.3145624287857154, "p2": 4.215413411134936}, "datetime": {"datetime": "2024-02-07 11:47:12", "elapsed": 2048.746427, "delta": 4.942434}}
{"target": 607.0115928190202, "params": {"d1": 1.1954475821804884, "d2": 1.9507157404204631, "i1": 0.41758407683326454, "i2": 0.4675262108541273, "p1": 1.4910845693753125, "p2": 3.791663874578738}, "datetime": {"datetime": "2024-02-07 11:47:16", "elapsed": 2053.126005, "delta": 4.379578}}
{"target": 425.3135244842246, "params": {"d1": 5.0, "d2": 1.193482464398385, "i1": 1.0, "i2": 0.0, "p1": 3.3954663692381493, "p2": 5.0}, "datetime": {"datetime": "2024-02-07 11:47:21", "elapsed": 2057.559961, "delta": 4.433956}}
{"target": 519.956743772775, "params": {"d1": 1.7710952777535784, "d2": 3.8559434416631473, "i1": 1.0, "i2": 0.0, "p1": 3.1560893813925013, "p2": 2.8169074808674623}, "datetime": {"datetime": "2024-02-07 11:47:27", "elapsed": 2063.961293, "delta": 6.401332}}
{"target": 524.6205248476565, "params": {"d1": 2.4681817031452598, "d2": 3.989654372644669, "i1": 0.0, "i2": 0.0, "p1": 2.741836164350964, "p2": 4.192169742980052}, "datetime": {"datetime": "2024-02-07 11:47:34", "elapsed": 2071.209195, "delta": 7.247902}}
{"target": 510.22244657021014, "params": {"d1": 2.107549105062175, "d2": 3.856302109672921, "i1": 1.0, "i2": 0.0, "p1": 3.394113621864552, "p2": 4.250135372621242}, "datetime": {"datetime": "2024-02-07 11:47:38", "elapsed": 2075.291676, "delta": 4.082481}}
{"target": 543.6869140655548, "params": {"d1": 2.290563192488496, "d2": 1.372350577695989, "i1": 0.0, "i2": 0.0, "p1": 2.287988075496121, "p2": 2.666140644862359}, "datetime": {"datetime": "2024-02-07 11:47:45", "elapsed": 2081.565394, "delta": 6.273718}}
{"target": 650.3637448812276, "params": {"d1": 1.497481402077941, "d2": 0.8393011488340878, "i1": 1.0, "i2": 0.14894873410359716, "p1": 2.001969175151386, "p2": 1.5313990987686343}, "datetime": {"datetime": "2024-02-07 11:47:49", "elapsed": 2085.757262, "delta": 4.191868}}
{"target": 493.4516179074347, "params": {"d1": 5.0, "d2": 5.0, "i1": 1.0, "i2": 0.0, "p1": 5.0, "p2": 5.0}, "datetime": {"datetime": "2024-02-07 11:47:54", "elapsed": 2090.965135, "delta": 5.207873}}
{"target": 527.7923982336372, "params": {"d1": 2.0807767081598127, "d2": 1.4582072900135228, "i1": 0.0, "i2": 1.0, "p1": 5.0, "p2": 1.3304395654394092}, "datetime": {"datetime": "2024-02-07 11:47:58", "elapsed": 2094.876548, "delta": 3.911413}}
{"target": 461.7155607796833, "params": {"d1": 5.0, "d2": 0.8310213738373244, "i1": 1.0, "i2": 0.0, "p1": 5.0, "p2": 3.5492894193860605}, "datetime": {"datetime": "2024-02-07 11:48:03", "elapsed": 2100.163878, "delta": 5.28733}}
{"target": 567.7765637011826, "params": {"d1": 1.659153744804328, "d2": 4.6780461056446185, "i1": 0.6708846982436901, "i2": 0.7018618992366751, "p1": 2.0034613109075528, "p2": 3.2602586746266793}, "datetime": {"datetime": "2024-02-07 11:48:13", "elapsed": 2109.589489, "delta": 9.425611}}
{"target": 524.1848853192479, "params": {"d1": 1.8205524373511788, "d2": 2.352346776231989, "i1": 1.0, "i2": 0.0, "p1": 4.284920823649107, "p2": 4.047860465835674}, "datetime": {"datetime": "2024-02-07 11:48:16", "elapsed": 2113.389257, "delta": 3.799768}}
{"target": 516.34038574785, "params": {"d1": 2.585005345319046, "d2": 2.687797714929378, "i1": 0.0, "i2": 1.0, "p1": 2.7824095131744695, "p2": 3.315790520374784}, "datetime": {"datetime": "2024-02-07 11:48:22", "elapsed": 2118.793094, "delta": 5.403837}}
{"target": 581.1246883030421, "params": {"d1": 1.2591455823079734, "d2": 5.0, "i1": 1.0, "i2": 0.30591102128906233, "p1": 1.7487904839417887, "p2": 4.556950841096051}, "datetime": {"datetime": "2024-02-07 11:48:26", "elapsed": 2122.507395, "delta": 3.714301}}
{"target": 642.3595430398547, "params": {"d1": 1.7190764272023238, "d2": 1.6090798549590952, "i1": 0.0, "i2": 1.0, "p1": 3.0402965876397277, "p2": 1.5722995965994364}, "datetime": {"datetime": "2024-02-07 11:48:32", "elapsed": 2128.641637, "delta": 6.134242}}
{"target": 519.6809683096409, "params": {"d1": 1.2317601912751197, "d2": 0.714707264788277, "i1": 0.0, "i2": 0.0, "p1": 3.074946000901838, "p2": 1.2039475214769058}, "datetime": {"datetime": "2024-02-07 11:48:36", "elapsed": 2132.526776, "delta": 3.885139}}
{"target": 525.5263518837467, "params": {"d1": 1.1542079717613838, "d2": 2.3959038628575673, "i1": 0.0, "i2": 1.0, "p1": 1.4201005761984145, "p2": 3.325933007829918}, "datetime": {"datetime": "2024-02-07 11:48:40", "elapsed": 2136.73537, "delta": 4.208594}}
{"target": 479.1046832166612, "params": {"d1": 1.2156343475748883, "d2": 2.6081492633353096, "i1": 1.0, "i2": 0.0, "p1": 0.6573826313850251, "p2": 4.187520267011623}, "datetime": {"datetime": "2024-02-07 11:48:44", "elapsed": 2141.062496, "delta": 4.327126}}
{"target": 563.7782760891877, "params": {"d1": 2.121334177506754, "d2": 0.9763408322350723, "i1": 1.0, "i2": 1.0, "p1": 1.8642134146073648, "p2": 1.0568105080077745}, "datetime": {"datetime": "2024-02-07 11:48:48", "elapsed": 2144.746429, "delta": 3.683933}}
{"target": 506.1237245451659, "params": {"d1": 1.9003270697221821, "d2": 5.0, "i1": 0.0, "i2": 0.0, "p1": 3.4681559971260505, "p2": 2.3975428248977364}, "datetime": {"datetime": "2024-02-07 11:48:53", "elapsed": 2149.861794, "delta": 5.115365}}
{"target": 499.82050607964396, "params": {"d1": 5.0, "d2": 2.636675820223505, "i1": 0.0, "i2": 1.0, "p1": 5.0, "p2": 3.394188005441846}, "datetime": {"datetime": "2024-02-07 11:48:58", "elapsed": 2154.525173, "delta": 4.663379}}
{"target": 578.3594908371567, "params": {"d1": 1.1257407570441123, "d2": 1.3455432455405265, "i1": 0.687139005920545, "i2": 1.0, "p1": 3.2836474454608466, "p2": 1.7078454181670952}, "datetime": {"datetime": "2024-02-07 11:49:02", "elapsed": 2158.939074, "delta": 4.413901}}
{"target": 541.318429583162, "params": {"d1": 3.1129130093877486, "d2": 1.4285669310520595, "i1": 0.0, "i2": 0.0, "p1": 4.019019689406585, "p2": 3.801677373299412}, "datetime": {"datetime": "2024-02-07 11:49:07", "elapsed": 2164.329298, "delta": 5.390224}}
{"target": 593.4779414847866, "params": {"d1": 1.695398635313399, "d2": 2.6236409160555616, "i1": 1.0, "i2": 1.0, "p1": 3.4136176214594967, "p2": 2.4884047717993694}, "datetime": {"datetime": "2024-02-07 11:49:15", "elapsed": 2172.272936, "delta": 7.943638}}
{"target": 483.34741331905127, "params": {"d1": 3.659216805746099, "d2": 1.9284726446374885, "i1": 0.0, "i2": 0.0, "p1": 1.5840277819864417, "p2": 3.4082737474807216}, "datetime": {"datetime": "2024-02-07 11:49:23", "elapsed": 2180.390753, "delta": 8.117817}}
{"target": 584.5209789304436, "params": {"d1": 1.3582857727943458, "d2": 1.552559775555022, "i1": 0.0, "i2": 1.0, "p1": 3.692165349700482, "p2": 2.664172427284204}, "datetime": {"datetime": "2024-02-07 11:49:27", "elapsed": 2183.939278, "delta": 3.548525}}
{"target": 633.5356967408956, "params": {"d1": 1.1106405492405331, "d2": 1.219096556834545, "i1": 0.28307118648300744, "i2": 1.0, "p1": 0.9376346156405692, "p2": 1.5325524165235533}, "datetime": {"datetime": "2024-02-07 11:49:34", "elapsed": 2190.783581, "delta": 6.844303}}
{"target": 558.3210020618885, "params": {"d1": 3.1608156850756592, "d2": 1.1589013761468063, "i1": 0.0, "i2": 1.0, "p1": 3.591231457986887, "p2": 2.4878312034134886}, "datetime": {"datetime": "2024-02-07 11:49:40", "elapsed": 2197.11522, "delta": 6.331639}}
{"target": 667.2902631096542, "params": {"d1": 1.8200969312245119, "d2": 1.3347463509459645, "i1": 0.9109147333714177, "i2": 1.0, "p1": 1.8883855919912185, "p2": 1.7274104003812374}, "datetime": {"datetime": "2024-02-07 11:49:44", "elapsed": 2200.796115, "delta": 3.680895}}
{"target": 464.08075029075144, "params": {"d1": 3.48642246908217, "d2": 3.9978291542363897, "i1": 1.0, "i2": 0.0, "p1": 2.8989563944647676, "p2": 2.362755793355691}, "datetime": {"datetime": "2024-02-07 11:49:48", "elapsed": 2204.46772, "delta": 3.671605}}
{"target": 638.0976667895914, "params": {"d1": 1.7903051625052133, "d2": 1.1998232755021674, "i1": 1.0, "i2": 0.8246090397640816, "p1": 1.9791362330029958, "p2": 1.5923391738657888}, "datetime": {"datetime": "2024-02-07 11:49:53", "elapsed": 2209.971194, "delta": 5.503474}}
{"target": 577.9916037502139, "params": {"d1": 2.0702135202615803, "d2": 1.152449749543114, "i1": 1.0, "i2": 0.0, "p1": 2.9065158866029708, "p2": 1.772221900183261}, "datetime": {"datetime": "2024-02-07 11:49:57", "elapsed": 2213.868226, "delta": 3.897032}}
