{"target": 634.1870311386139, "params": {"d1": 1.0246379506187786, "d2": 1.8985047966473871, "i1": 0.11892773093530928, "i2": 0.36433206419452124, "p1": 1.3720267417181513, "p2": 2.382979394278733}, "datetime": {"datetime": "2024-02-07 11:14:06", "elapsed": 62.617184, "delta": 0.97897}}
{"target": 590.727005045265, "params": {"d1": 1.4826681083932851, "d2": 1.4330779418793897, "i1": 0.0, "i2": 0.361774723532991, "p1": 1.8438162816916939, "p2": 2.44218551830199}, "datetime": {"datetime": "2024-02-07 11:14:07", "elapsed": 63.739083, "delta": 1.121899}}
{"target": 567.0834366196394, "params": {"d1": 1.2511948619554463, "d2": 1.6710483982788582, "i1": 0.0, "i2": 1.0, "p1": 1.0657722868518364, "p2": 2.2451982868633733}, "datetime": {"datetime": "2024-02-07 11:14:08", "elapsed": 65.251744, "delta": 1.512661}}
{"target": 660.2163287351281, "params": {"d1": 1.208339233402892, "d2": 2.1149697731492787, "i1": 0.7674227428927276, "i2": 0.7516727073061639, "p1": 1.505684939145746, "p2": 2.501231053278473}, "datetime": {"datetime": "2024-02-07 11:14:09", "elapsed": 66.437734, "delta": 1.18599}}
{"target": 622.2019012738764, "params": {"d1": 1.1412688596082927, "d2": 2.1101529010822055, "i1": 0.5482721997213987, "i2": 0.6299511580992483, "p1": 1.5138072787016021, "p2": 3.125639215317197}, "datetime": {"datetime": "2024-02-07 11:14:11", "elapsed": 67.503068, "delta": 1.065334}}
{"target": 566.6722731166333, "params": {"d1": 1.158554896148134, "d2": 2.8301417519619005, "i1": 0.3707279718616744, "i2": 0.4226738752395457, "p1": 1.565893051974125, "p2": 2.6073367447263824}, "datetime": {"datetime": "2024-02-07 11:14:12", "elapsed": 68.885649, "delta": 1.382581}}
{"target": 360.8216575115919, "params": {"d1": 0.3008102505900173, "d2": 2.2288844117599087, "i1": 0.6041930249487697, "i2": 0.7879873971798956, "p1": 0.9949259843875558, "p2": 2.789108476997766}, "datetime": {"datetime": "2024-02-07 11:14:13", "elapsed": 70.149257, "delta": 1.263608}}
{"target": 592.7855303559452, "params": {"d1": 1.940197215324098, "d2": 2.21353325713224, "i1": 0.34338289724657234, "i2": 0.9913119647218771, "p1": 2.0174397837895475, "p2": 2.9768260321400604}, "datetime": {"datetime": "2024-02-07 11:14:14", "elapsed": 71.43906, "delta": 1.289803}}
{"target": 619.9045328892395, "params": {"d1": 1.3792546376337973, "d2": 1.8104759123121732, "i1": 0.5533129294572778, "i2": 0.5768483260663183, "p1": 1.8033088795112273, "p2": 2.3830995897702727}, "datetime": {"datetime": "2024-02-07 11:14:16", "elapsed": 72.571999, "delta": 1.132939}}
{"target": 507.0148359996453, "params": {"d1": 0.7841738236673742, "d2": 4.136996799825513, "i1": 0.0, "i2": 0.49921492502667847, "p1": 1.6547839651633103, "p2": 3.9632672488998146}, "datetime": {"datetime": "2024-02-07 11:14:17", "elapsed": 73.848137, "delta": 1.276138}}
{"target": 611.3575452347845, "params": {"d1": 1.4792343742756349, "d2": 1.477193103127974, "i1": 0.8860964467380914, "i2": 0.976803002911281, "p1": 1.1179757408526632, "p2": 2.5156559898171613}, "datetime": {"datetime": "2024-02-07 11:14:18", "elapsed": 74.902376, "delta": 1.054239}}
{"target": 564.4584394822269, "params": {"d1": 1.9671943103092615, "d2": 1.2093731750046746, "i1": 0.0, "i2": 1.0, "p1": 1.9432367567262867, "p2": 3.0751906330815815}, "datetime": {"datetime": "2024-02-07 11:14:19", "elapsed": 75.978878, "delta": 1.076502}}
{"target": 624.1345336167515, "params": {"d1": 1.7003423100322759, "d2": 2.280073738390834, "i1": 1.0, "i2": 1.0, "p1": 1.3811657806013862, "p2": 2.8838343405414464}, "datetime": {"datetime": "2024-02-07 11:14:20", "elapsed": 77.380656, "delta": 1.401778}}
{"target": 562.1091645646095, "params": {"d1": 1.4957324946209294, "d2": 2.3764428779869595, "i1": 0.960234791929713, "i2": 0.6282749267458071, "p1": 1.8952936670110165, "p2": 4.022840913888393}, "datetime": {"datetime": "2024-02-07 11:14:21", "elapsed": 78.318977, "delta": 0.938321}}
{"target": 585.2850478418171, "params": {"d1": 1.2667044633503215, "d2": 2.1884334750838836, "i1": 0.8005703499674307, "i2": 0.18750063525754024, "p1": 0.8715253885619489, "p2": 2.673980213104899}, "datetime": {"datetime": "2024-02-07 11:14:23", "elapsed": 79.573895, "delta": 1.254918}}
{"target": 532.5496502266824, "params": {"d1": 2.956176853022607, "d2": 1.5747659985433122, "i1": 0.006991143425188029, "i2": 0.9690653181137842, "p1": 1.7182424218607428, "p2": 2.240962410884286}, "datetime": {"datetime": "2024-02-07 11:14:24", "elapsed": 80.760316, "delta": 1.186421}}
{"target": 516.3587180634961, "params": {"d1": 1.937638470546512, "d2": 5.0, "i1": 0.0, "i2": 0.0, "p1": 3.1378953704516555, "p2": 3.9029723178111007}, "datetime": {"datetime": "2024-02-07 11:14:25", "elapsed": 81.848528, "delta": 1.088212}}
{"target": 598.6775333880634, "params": {"d1": 1.551266628119451, "d2": 1.5721112195184606, "i1": 0.9644950764520769, "i2": 0.7130574293428502, "p1": 1.6446503275045654, "p2": 3.3994636449422555}, "datetime": {"datetime": "2024-02-07 11:14:26", "elapsed": 82.778264, "delta": 0.929736}}
{"target": 645.5040133624104, "params": {"d1": 1.5950803224727457, "d2": 2.3144659041496696, "i1": 0.9250267579655966, "i2": 0.09054169166877446, "p1": 2.0169260187263345, "p2": 3.3830951517219128}, "datetime": {"datetime": "2024-02-07 11:14:27", "elapsed": 83.913675, "delta": 1.135411}}
{"target": 629.9928478699178, "params": {"d1": 1.421264229164454, "d2": 2.455580055243494, "i1": 1.0, "i2": 0.6242009486313594, "p1": 2.0764773645593926, "p2": 2.8843948276811266}, "datetime": {"datetime": "2024-02-07 11:14:28", "elapsed": 85.080879, "delta": 1.167204}}
{"target": 618.991782052368, "params": {"d1": 1.5071159566951549, "d2": 2.4728530127520134, "i1": 0.15618810311819298, "i2": 0.11249829589633231, "p1": 2.020822636136451, "p2": 3.3578990993048183}, "datetime": {"datetime": "2024-02-07 11:14:30", "elapsed": 86.472944, "delta": 1.392065}}
{"target": 572.477193326652, "params": {"d1": 1.522798889672509, "d2": 3.1328625081039623, "i1": 1.0, "i2": 0.0, "p1": 2.4662428699693186, "p2": 3.4173705025607917}, "datetime": {"datetime": "2024-02-07 11:14:31", "elapsed": 87.474014, "delta": 1.00107}}
{"target": 614.8551762063056, "params": {"d1": 2.166886741623329, "d2": 2.432196684210882, "i1": 0.07597353950442487, "i2": 0.40968717168512636, "p1": 2.8584709993164097, "p2": 3.211823952835511}, "datetime": {"datetime": "2024-02-07 11:14:32", "elapsed": 88.500342, "delta": 1.026328}}
{"target": 635.0802477750555, "params": {"d1": 2.0728025830163515, "d2": 2.655936952531705, "i1": 0.06297613798756063, "i2": 0.1057077450623477, "p1": 2.768845007823505, "p2": 2.466851582069129}, "datetime": {"datetime": "2024-02-07 11:14:33", "elapsed": 89.760149, "delta": 1.259807}}
{"target": 618.5286738755553, "params": {"d1": 2.0111774135564024, "d2": 2.264194317803469, "i1": 0.8208447587094561, "i2": 0.09726125450853185, "p1": 2.9916153495388844, "p2": 2.9566366024568835}, "datetime": {"datetime": "2024-02-07 11:14:34", "elapsed": 90.782772, "delta": 1.022623}}
{"target": 586.2360651839152, "params": {"d1": 2.36475662981716, "d2": 2.2547330628358786, "i1": 0.07649694740922452, "i2": 0.03726562118060339, "p1": 3.6723978399640886, "p2": 2.321004031830384}, "datetime": {"datetime": "2024-02-07 11:14:35", "elapsed": 91.867629, "delta": 1.084857}}
{"target": 582.3412895403802, "params": {"d1": 2.2617277578516686, "d2": 2.6311662589122506, "i1": 0.4989726033248581, "i2": 0.9144709515461505, "p1": 3.22658496089561, "p2": 2.4776460934059323}, "datetime": {"datetime": "2024-02-07 11:14:36", "elapsed": 92.894392, "delta": 1.026763}}
{"target": 552.8564591360837, "params": {"d1": 2.0499708953273057, "d2": 3.1597386355292674, "i1": 0.039723698439337034, "i2": 0.0, "p1": 3.418072975170798, "p2": 3.0078078732870868}, "datetime": {"datetime": "2024-02-07 11:14:37", "elapsed": 94.180841, "delta": 1.286449}}
{"target": 631.07801843144, "params": {"d1": 2.2389768062113706, "d2": 2.3103680217166804, "i1": 0.846194666316888, "i2": 0.03338533301514002, "p1": 2.152752815699865, "p2": 2.748613356521765}, "datetime": {"datetime": "2024-02-07 11:14:38", "elapsed": 95.279026, "delta": 1.098185}}
{"target": 563.6779237240926, "params": {"d1": 2.4578955752476435, "d2": 2.8399350275482305, "i1": 0.5056090902445391, "i2": 0.07342647081257303, "p1": 3.04169941964541, "p2": 1.8173283981475237}, "datetime": {"datetime": "2024-02-07 11:14:39", "elapsed": 96.253855, "delta": 0.974829}}
{"target": 570.1509022992849, "params": {"d1": 3.1684496239269846, "d2": 2.275667968508916, "i1": 0.2833231920880963, "i2": 0.03201840443920445, "p1": 2.906270043473564, "p2": 2.84169607568499}, "datetime": {"datetime": "2024-02-07 11:14:40", "elapsed": 97.361513, "delta": 1.107658}}
{"target": 255.01915184631943, "params": {"d1": 0.0, "d2": 5.0, "i1": 1.0, "i2": 1.0, "p1": 5.0, "p2": 5.0}, "datetime": {"datetime": "2024-02-07 11:14:42", "elapsed": 98.861431, "delta": 1.499918}}
{"target": 571.9350200363249, "params": {"d1": 2.0040635131922775, "d2": 2.7720297149759525, "i1": 0.06944018951983755, "i2": 0.002302005521305328, "p1": 1.9915912124615487, "p2": 2.6833936854727254}, "datetime": {"datetime": "2024-02-07 11:14:43", "elapsed": 99.964511, "delta": 1.10308}}
{"target": 249.3694030258432, "params": {"d1": 5.0, "d2": 0.0, "i1": 0.0, "i2": 1.0, "p1": 5.0, "p2": 5.0}, "datetime": {"datetime": "2024-02-07 11:14:44", "elapsed": 100.963043, "delta": 0.998532}}
{"target": 492.2829198724404, "params": {"d1": 5.0, "d2": 3.419002047107799, "i1": 0.0, "i2": 0.0, "p1": 5.0, "p2": 2.9898823564667873}, "datetime": {"datetime": "2024-02-07 11:14:45", "elapsed": 102.288647, "delta": 1.325604}}
{"target": 145.60834209078922, "params": {"d1": 5.0, "d2": 0.0, "i1": 1.0, "i2": 1.0, "p1": 0.0, "p2": 5.0}, "datetime": {"datetime": "2024-02-07 11:14:47", "elapsed": 103.618301, "delta": 1.329654}}
{"target": 80.41366088620387, "params": {"d1": 0.0, "d2": 5.0, "i1": 1.0, "i2": 0.0, "p1": 5.0, "p2": 0.0}, "datetime": {"datetime": "2024-02-07 11:14:48", "elapsed": 104.610973, "delta": 0.992672}}
{"target": 490.5507567758113, "params": {"d1": 5.0, "d2": 5.0, "i1": 1.0, "i2": 1.0, "p1": 5.0, "p2": 5.0}, "datetime": {"datetime": "2024-02-07 11:14:49", "elapsed": 105.799803, "delta": 1.18883}}
{"target": 138.96761378524826, "params": {"d1": 0.0, "d2": 5.0, "i1": 0.0, "i2": 1.0, "p1": 0.0, "p2": 0.0}, "datetime": {"datetime": "2024-02-07 11:14:50", "elapsed": 107.341858, "delta": 1.542055}}
{"target": 497.45939041115344, "params": {"d1": 2.896314732782119, "d2": 2.9547110126189207, "i1": 1.0, "i2": 0.0, "p1": 5.0, "p2": 4.38819923119827}, "datetime": {"datetime": "2024-02-07 11:14:51", "elapsed": 108.417177, "delta": 1.075319}}
{"target": 96.63773605119437, "params": {"d1": 0.0, "d2": 0.0, "i1": 0.0, "i2": 0.0, "p1": 5.0, "p2": 5.0}, "datetime": {"datetime": "2024-02-07 11:14:52", "elapsed": 109.445902, "delta": 1.028725}}
{"target": 513.5772938143415, "params": {"d1": 3.2274046412910096, "d2": 2.962957207988298, "i1": 0.2251979784824888, "i2": 0.30287051058811654, "p1": 4.930934133113044, "p2": 2.0482414399597975}, "datetime": {"datetime": "2024-02-07 11:14:54", "elapsed": 110.564909, "delta": 1.119007}}
{"target": 497.6001376429945, "params": {"d1": 3.2502227918115443, "d2": 5.0, "i1": 0.0, "i2": 1.0, "p1": 5.0, "p2": 3.4835562452089186}, "datetime": {"datetime": "2024-02-07 11:14:55", "elapsed": 112.002046, "delta": 1.437137}}
{"target": 498.63945529643445, "params": {"d1": 3.230001283305269, "d2": 5.0, "i1": 1.0, "i2": 0.0, "p1": 3.607197273370506, "p2": 5.0}, "datetime": {"datetime": "2024-02-07 11:14:56", "elapsed": 112.964144, "delta": 0.962098}}
{"target": -104.77995237324387, "params": {"d1": 0.0, "d2": 0.0, "i1": 1.0, "i2": 1.0, "p1": 5.0, "p2": 0.0}, "datetime": {"datetime": "2024-02-07 11:14:57", "elapsed": 114.012041, "delta": 1.047897}}
{"target": 505.5746685740352, "params": {"d1": 5.0, "d2": 2.9285470216320735, "i1": 1.0, "i2": 0.0, "p1": 3.4050087306148655, "p2": 3.943914727988795}, "datetime": {"datetime": "2024-02-07 11:14:59", "elapsed": 115.467462, "delta": 1.455421}}
{"target": 321.0191591677815, "params": {"d1": 5.0, "d2": 5.0, "i1": 0.0, "i2": 0.0, "p1": 5.0, "p2": 0.0}, "datetime": {"datetime": "2024-02-07 11:15:00", "elapsed": 116.781236, "delta": 1.313774}}
{"target": 464.01631315921435, "params": {"d1": 5.0, "d2": 5.0, "i1": 1.0, "i2": 0.0, "p1": 3.981100809423764, "p2": 3.3460835682498002}, "datetime": {"datetime": "2024-02-07 11:15:01", "elapsed": 117.753287, "delta": 0.972051}}
{"target": 513.5272748159617, "params": {"d1": 1.7900780164572538, "d2": 5.0, "i1": 1.0, "i2": 0.0, "p1": 2.2036342212846067, "p2": 2.440447321624313}, "datetime": {"datetime": "2024-02-07 11:15:02", "elapsed": 118.948801, "delta": 1.195514}}
{"target": 504.80308703958985, "params": {"d1": 5.0, "d2": 3.0297805836827627, "i1": 0.0, "i2": 0.0, "p1": 5.0, "p2": 5.0}, "datetime": {"datetime": "2024-02-07 11:15:04", "elapsed": 120.487337, "delta": 1.538536}}
{"target": 554.4365705557168, "params": {"d1": 1.996670141057169, "d2": 3.240013494560116, "i1": 0.0, "i2": 0.0, "p1": 2.700218511837111, "p2": 5.0}, "datetime": {"datetime": "2024-02-07 11:15:05", "elapsed": 122.023073, "delta": 1.535736}}
{"target": 526.2142220041155, "params": {"d1": 1.9932946324641254, "d2": 2.9896824236394153, "i1": 1.0, "i2": 1.0, "p1": 3.5072192622769283, "p2": 5.0}, "datetime": {"datetime": "2024-02-07 11:15:06", "elapsed": 123.143036, "delta": 1.119963}}
{"target": 351.9377621995658, "params": {"d1": 0.2912977124885546, "d2": 2.5902030395552162, "i1": 0.07541981388980068, "i2": 0.23393842581176671, "p1": 2.9555339853867286, "p2": 4.889251893608185}, "datetime": {"datetime": "2024-02-07 11:15:07", "elapsed": 124.442497, "delta": 1.299461}}
{"target": 496.0977824777365, "params": {"d1": 3.1726185957804676, "d2": 2.756741705726659, "i1": 0.0, "i2": 1.0, "p1": 4.016320298836361, "p2": 3.4326570856368175}, "datetime": {"datetime": "2024-02-07 11:15:08", "elapsed": 125.442496, "delta": 0.999999}}
{"target": 507.7067956095189, "params": {"d1": 2.4919555392521198, "d2": 5.0, "i1": 0.0, "i2": 1.0, "p1": 2.3697933638612683, "p2": 5.0}, "datetime": {"datetime": "2024-02-07 11:15:10", "elapsed": 126.657991, "delta": 1.215495}}
{"target": 493.5685611642152, "params": {"d1": 5.0, "d2": 1.4566365147457438, "i1": 0.0, "i2": 0.0, "p1": 3.0825819367101976, "p2": 2.9660158347168335}, "datetime": {"datetime": "2024-02-07 11:15:11", "elapsed": 127.608022, "delta": 0.950031}}
{"target": 519.0875998443365, "params": {"d1": 2.4164860502619883, "d2": 3.9093567925001005, "i1": 1.0, "i2": 0.0, "p1": 2.1033667591615197, "p2": 5.0}, "datetime": {"datetime": "2024-02-07 11:15:12", "elapsed": 128.810137, "delta": 1.202115}}
{"target": 352.88455374419686, "params": {"d1": 5.0, "d2": 5.0, "i1": 1.0, "i2": 0.0, "p1": 0.0, "p2": 5.0}, "datetime": {"datetime": "2024-02-07 11:15:13", "elapsed": 129.650958, "delta": 0.840821}}
{"target": -76.33733178786933, "params": {"d1": 0.0, "d2": 0.0, "i1": 1.0, "i2": 1.0, "p1": 1.512560730292781, "p2": 5.0}, "datetime": {"datetime": "2024-02-07 11:15:14", "elapsed": 130.577677, "delta": 0.926719}}
{"target": 143.31053116373718, "params": {"d1": 5.0, "d2": 5.0, "i1": 0.0, "i2": 0.0, "p1": 0.0, "p2": 0.0}, "datetime": {"datetime": "2024-02-07 11:15:15", "elapsed": 131.550731, "delta": 0.973054}}
{"target": 458.04466836296024, "params": {"d1": 5.0, "d2": 5.0, "i1": 0.0, "i2": 1.0, "p1": 2.708045608235554, "p2": 5.0}, "datetime": {"datetime": "2024-02-07 11:15:16", "elapsed": 132.571564, "delta": 1.020833}}
{"target": 485.5506700073183, "params": {"d1": 4.977205900321884, "d2": 2.827865593893193, "i1": 0.751080115280055, "i2": 0.8102706700902063, "p1": 4.604382269395566, "p2": 1.5220966668817475}, "datetime": {"datetime": "2024-02-07 11:15:17", "elapsed": 133.60355, "delta": 1.031986}}
{"target": 305.77718752432617, "params": {"d1": 5.0, "d2": 0.0, "i1": 0.0, "i2": 0.0, "p1": 5.0, "p2": 0.0}, "datetime": {"datetime": "2024-02-07 11:15:18", "elapsed": 134.480917, "delta": 0.877367}}
{"target": 532.2369617723859, "params": {"d1": 2.6294786813476745, "d2": 1.8856457609011388, "i1": 1.0, "i2": 1.0, "p1": 5.0, "p2": 2.7813693174613263}, "datetime": {"datetime": "2024-02-07 11:15:19", "elapsed": 135.482429, "delta": 1.001512}}
{"target": 504.0398879864812, "params": {"d1": 2.881396009802207, "d2": 3.1026362607652405, "i1": 1.0, "i2": 0.0, "p1": 3.2783623050215924, "p2": 4.02091313026846}, "datetime": {"datetime": "2024-02-07 11:15:20", "elapsed": 136.606369, "delta": 1.12394}}
{"target": 495.63731296807526, "params": {"d1": 2.6196275572027186, "d2": 4.047449560747316, "i1": 0.0, "i2": 1.0, "p1": 5.0, "p2": 5.0}, "datetime": {"datetime": "2024-02-07 11:15:21", "elapsed": 137.607892, "delta": 1.001523}}
{"target": 426.235758914575, "params": {"d1": 2.153439559452169, "d2": 3.414234614108728, "i1": 0.0, "i2": 1.0, "p1": 3.0057999206772807, "p2": 0.0}, "datetime": {"datetime": "2024-02-07 11:15:22", "elapsed": 138.774028, "delta": 1.166136}}
{"target": 451.1319987472892, "params": {"d1": 1.5783016098857359, "d2": 3.5620997173996334, "i1": 0.0, "i2": 1.0, "p1": 5.0, "p2": 2.532387548623409}, "datetime": {"datetime": "2024-02-07 11:15:23", "elapsed": 140.259879, "delta": 1.485851}}
{"target": 281.99453062079846, "params": {"d1": 5.0, "d2": 0.0, "i1": 1.0, "i2": 0.0, "p1": 2.6629782389078844, "p2": 3.3816269172411757}, "datetime": {"datetime": "2024-02-07 11:15:26", "elapsed": 143.250684, "delta": 2.990805}}
{"target": 550.1385261433571, "params": {"d1": 3.10230399105471, "d2": 1.5710837842625147, "i1": 0.0, "i2": 0.0, "p1": 5.0, "p2": 3.309845072187505}, "datetime": {"datetime": "2024-02-07 11:15:28", "elapsed": 145.1405, "delta": 1.889816}}
{"target": 429.5033584834635, "params": {"d1": 2.7561600784616056, "d2": 1.5914553295892204, "i1": 1.0, "i2": 1.0, "p1": 5.0, "p2": 5.0}, "datetime": {"datetime": "2024-02-07 11:15:30", "elapsed": 146.527685, "delta": 1.387185}}
{"target": 543.3102855157853, "params": {"d1": 1.8664530145247513, "d2": 5.0, "i1": 1.0, "i2": 1.0, "p1": 2.724515963182996, "p2": 3.6684747959167283}, "datetime": {"datetime": "2024-02-07 11:15:31", "elapsed": 147.720063, "delta": 1.192378}}
{"target": 556.7253488255665, "params": {"d1": 5.0, "d2": 1.8524954588015263, "i1": 0.0, "i2": 1.0, "p1": 5.0, "p2": 2.7501320613214237}, "datetime": {"datetime": "2024-02-07 11:15:32", "elapsed": 148.698143, "delta": 0.97808}}
{"target": 479.33665861546996, "params": {"d1": 5.0, "d2": 3.023517857852063, "i1": 1.0, "i2": 1.0, "p1": 5.0, "p2": 3.7800732538854285}, "datetime": {"datetime": "2024-02-07 11:15:33", "elapsed": 149.777588, "delta": 1.079445}}
{"target": 583.017374478504, "params": {"d1": 3.6106941548121645, "d2": 1.6582404032706142, "i1": 0.0, "i2": 1.0, "p1": 4.144712852848711, "p2": 2.3046669409030613}, "datetime": {"datetime": "2024-02-07 11:15:34", "elapsed": 150.895629, "delta": 1.118041}}
{"target": 535.6593838114292, "params": {"d1": 3.2911622207837063, "d2": 1.9411953985782306, "i1": 1.0, "i2": 0.0, "p1": 4.165765862511265, "p2": 2.3001505668741062}, "datetime": {"datetime": "2024-02-07 11:15:35", "elapsed": 151.805162, "delta": 0.909533}}
{"target": 490.73116468563677, "params": {"d1": 5.0, "d2": 5.0, "i1": 0.0, "i2": 0.0, "p1": 5.0, "p2": 5.0}, "datetime": {"datetime": "2024-02-07 11:15:36", "elapsed": 152.674496, "delta": 0.869334}}
{"target": 494.59158015079794, "params": {"d1": 2.7342784203351798, "d2": 3.0089503624568534, "i1": 0.0, "i2": 1.0, "p1": 2.055086997559595, "p2": 5.0}, "datetime": {"datetime": "2024-02-07 11:15:37", "elapsed": 153.579148, "delta": 0.904652}}
{"target": 530.5072294719517, "params": {"d1": 5.0, "d2": 2.209370236089235, "i1": 1.0, "i2": 1.0, "p1": 3.4434107535036227, "p2": 2.553945591023267}, "datetime": {"datetime": "2024-02-07 11:15:38", "elapsed": 154.607853, "delta": 1.028705}}
{"target": 453.9911327693611, "params": {"d1": 5.0, "d2": 3.25365252228679, "i1": 0.0, "i2": 1.0, "p1": 2.980752450672996, "p2": 2.9376851367951433}, "datetime": {"datetime": "2024-02-07 11:15:39", "elapsed": 155.571383, "delta": 0.96353}}
{"target": 347.3645302071795, "params": {"d1": 2.893579144655108, "d2": 0.612564218082534, "i1": 0.0, "i2": 1.0, "p1": 5.0, "p2": 2.6105366127146836}, "datetime": {"datetime": "2024-02-07 11:15:40", "elapsed": 156.612399, "delta": 1.041016}}
{"target": 503.0602049032599, "params": {"d1": 2.124498826200722, "d2": 5.0, "i1": 0.0, "i2": 1.0, "p1": 2.6265984834530944, "p2": 2.3939450204220654}, "datetime": {"datetime": "2024-02-07 11:15:41", "elapsed": 157.479076, "delta": 0.866677}}
{"target": 507.3532327990234, "params": {"d1": 2.2556478083349423, "d2": 2.403511828735888, "i1": 1.0, "i2": 0.0, "p1": 1.1624274160937966, "p2": 3.79524173792568}, "datetime": {"datetime": "2024-02-07 11:15:42", "elapsed": 158.599225, "delta": 1.120149}}
{"target": 205.1430410799384, "params": {"d1": 0.0, "d2": 5.0, "i1": 1.0, "i2": 0.0, "p1": 2.925612078678298, "p2": 2.895769731989958}, "datetime": {"datetime": "2024-02-07 11:15:43", "elapsed": 159.726358, "delta": 1.127133}}
{"target": 556.7167233091593, "params": {"d1": 4.058620355767395, "d2": 1.9304797118213013, "i1": 0.09137799313464012, "i2": 0.3627862695187013, "p1": 4.994199927165667, "p2": 2.4489988905883173}, "datetime": {"datetime": "2024-02-07 11:15:44", "elapsed": 160.683561, "delta": 0.957203}}
{"target": 537.430063772425, "params": {"d1": 3.1937381042083226, "d2": 2.297109270084237, "i1": 0.0, "i2": 1.0, "p1": 3.177180503537165, "p2": 1.8102530588551045}, "datetime": {"datetime": "2024-02-07 11:15:45", "elapsed": 161.765479, "delta": 1.081918}}
{"target": 416.0188631541282, "params": {"d1": 2.691812421339183, "d2": 5.0, "i1": 0.0, "i2": 0.0, "p1": 5.0, "p2": 1.9157332614218139}, "datetime": {"datetime": "2024-02-07 11:15:46", "elapsed": 162.779474, "delta": 1.013995}}
